<?xml version="1.0" encoding="utf-8"?><testsuites name="pytest tests"><testsuite name="pytest" errors="0" failures="2" skipped="0" tests="3" time="1.486" timestamp="2026-08-20T10:58:30.854376+00:00" hostname="agent-env-d0d5eeda-f2f3-4ca3-8871-0381c5caba43"><testcase classname="tests.test_zygoma_phase1_pdf_iter_chunk2v9" name="test_zygoma_case_with_data_pdf_contains_extended_section" time="0.816"><failure message="AssertionError: Extended-data section title missing from PDF&#10;assert False&#10; +  where False = &lt;function test_zygoma_case_with_data_pdf_contains_extended_section.&lt;locals&gt;._has at 0xfb3652422b60&gt;('Zygoma / Pterygoid Extended Data')">tests/test_zygoma_phase1_pdf_iter_chunk2v9.py:121: in test_zygoma_case_with_data_pdf_contains_extended_section
    assert _has("Zygoma / Pterygoid Extended Data"), \
E   AssertionError: Extended-data section title missing from PDF
E   assert False
E    +  where False = &lt;function test_zygoma_case_with_data_pdf_contains_extended_section.&lt;locals&gt;._has at 0xfb3652422b60&gt;('Zygoma / Pterygoid Extended Data')</failure></testcase><testcase classname="tests.test_zygoma_phase1_pdf_iter_chunk2v9" name="test_non_zygoma_case_regression" time="0.266" /><testcase classname="tests.test_zygoma_phase1_pdf_iter_chunk2v9" name="test_zygoma_case_empty_phase1_data_no_crash" time="0.217"><failure message="AssertionError: Section title should still render for empty phase1 on a Zygoma case&#10;assert b'Zygoma / Pterygoid Extended Data' in b'%PDF-1.3\n%\xe9\xeb\xf1\xbf\n1 0 obj\n&lt;&lt;\n/Count 5\n/Kids [3 0 R\n5 0 R\n7 0 R\n9 0 R\n11 0 R]\n/MediaBox [0 0 595.28 841.89]\n/Type /Pages\n&gt;&gt;\nendobj\n2 0 obj\n&lt;&lt;\n/OpenAction [3 0 R /FitH null]\n/PageLayout /OneColumn\n/Pages 1 0 R\n/Type /Catalog\n&gt;&gt;\nendobj\n3 0 obj\n&lt;&lt;\n/Contents 4 0 R\n/Parent 1 0 R\n/Resources 16 0 R\n/Type /Page\n&gt;&gt;\nendobj\n4 0 obj\n&lt;&lt;\n/Filter /FlateDecode\n/Length 599\n&gt;&gt;\nstream\nx\x9c\x95TM\x8f\x9aP\x14\xdd\xfb+\xeer\xba\xf0\xf9\xbe\x017\r\x1d\x1d\xc7fj\x19%\xd3d6\x13&quot;O\xa5\x15\xb0\x80\x9a\xf9\xf7s\xc1A\x0bjb\x17\x84\xf0\x92\xf3q\xef9\x0f\x0e\xdf;\x94(\x0b\xf6\x9do&gt;\xf4\x1e\x18pI(\x05\x7f\x01C\xbf\xf3\x17\xf0\x90\xd9\x948\n,n\x13\xe1\x80\x1f\x02\x05J8&gt;\x1a\xb2%\xdc\x8d\xe3\xcd:H\n\xb8\x0fr\x03S\xb3I\xb3\xe2\x0b\xf8\xbf\x11\x0e\xcf5\'\xd3\'N&lt;\xe2HeI\xd0Z\x12f\x97\x8cw\x15x&lt;\xe8\xc3\xf8\x87\'\xdd{\xf6\xc9\x80\xd6\x1c\xc9J-GS\x1b\x18\nv$\'\x8a\x83\xe6\x0e\xe1\x0e(\x86V$t\x99d\xc4\x12\x90\x19X\x1c5Yk\x0e\xe5\x10%@SF\x1cz\x18\x03\xdd{A\x11\x99\xa4\xe8\x83o\xf2\x02v\x12\xf6i\xf6g\xb1N\xf7\xa7\x19*0\xb75\x11\xb4\x8d\x9e\x9ae\x1f^_~\xc9.\xa5\xac\x858\xc8)\x9b\x13\xaaNr#\x98\x15\xdb\xb0R\xbc\xac\xd0\x02\xcc\xb6\x1b\x93\xed\xa2&lt;\xcd\xfa\xe0\x86q\x94\\V\xd1\...13 0 R\n/F2 14 0 R&gt;&gt;\n/ProcSet [/PDF /Text /ImageB /ImageC /ImageI]\n&gt;&gt;\nendobj\n17 0 obj\n&lt;&lt;\n/Font &lt;&lt;/F1 13 0 R\n/F2 14 0 R&gt;&gt;\n/ProcSet [/PDF /Text /ImageB /ImageC /ImageI]\n&gt;&gt;\nendobj\n18 0 obj\n&lt;&lt;\n/Font &lt;&lt;/F1 13 0 R\n/F2 14 0 R&gt;&gt;\n/ProcSet [/PDF /Text /ImageB /ImageC /ImageI]\n&gt;&gt;\nendobj\n19 0 obj\n&lt;&lt;\n/Font &lt;&lt;/F1 13 0 R&gt;&gt;\n/ProcSet [/PDF /Text /ImageB /ImageC /ImageI]\n&gt;&gt;\nendobj\n20 0 obj\n&lt;&lt;\n/Font &lt;&lt;/F1 13 0 R\n/F2 14 0 R\n/F3 15 0 R&gt;&gt;\n/ProcSet [/PDF /Text /ImageB /ImageC /ImageI]\n&gt;&gt;\nendobj\n21 0 obj\n&lt;&lt;\n/CreationDate (D:20260820105832Z)\n&gt;&gt;\nendobj\nxref\n0 22\n0000000000 65535 f \n0000000015 00000 n \n0000000127 00000 n \n0000000230 00000 n \n0000000311 00000 n \n0000000982 00000 n \n0000001063 00000 n \n0000001842 00000 n \n0000001923 00000 n \n0000002310 00000 n \n0000002392 00000 n \n0000002690 00000 n \n0000002773 00000 n \n0000003405 00000 n \n0000003508 00000 n \n0000003606 00000 n \n0000003712 00000 n \n0000003812 00000 n \n0000003912 00000 n \n0000004012 00000 n \n0000004101 00000 n \n0000004212 00000 n \ntrailer\n&lt;&lt;\n/Size 22\n/Root 2 0 R\n/Info 21 0 R\n/ID [&lt;2778BBFED072C016FB218DBE8DADAC5F&gt;&lt;2778BBFED072C016FB218DBE8DADAC5F&gt;]\n&gt;&gt;\nstartxref\n4268\n%%EOF\n'&#10; +  where b'%PDF-1.3\n%\xe9\xeb\xf1\xbf\n1 0 obj\n&lt;&lt;\n/Count 5\n/Kids [3 0 R\n5 0 R\n7 0 R\n9 0 R\n11 0 R]\n/MediaBox [0 0 595.28 841.89]\n/Type /Pages\n&gt;&gt;\nendobj\n2 0 obj\n&lt;&lt;\n/OpenAction [3 0 R /FitH null]\n/PageLayout /OneColumn\n/Pages 1 0 R\n/Type /Catalog\n&gt;&gt;\nendobj\n3 0 obj\n&lt;&lt;\n/Contents 4 0 R\n/Parent 1 0 R\n/Resources 16 0 R\n/Type /Page\n&gt;&gt;\nendobj\n4 0 obj\n&lt;&lt;\n/Filter /FlateDecode\n/Length 599\n&gt;&gt;\nstream\nx\x9c\x95TM\x8f\x9aP\x14\xdd\xfb+\xeer\xba\xf0\xf9\xbe\x017\r\x1d\x1d\xc7fj\x19%\xd3d6\x13&quot;O\xa5\x15\xb0\x80\x9a\xf9\xf7s\xc1A\x0bjb\x17\x84\xf0\x92\xf3q\xef9\x0f\x0e\xdf;\x94(\x0b\xf6\x9do&gt;\xf4\x1e\x18pI(\x05\x7f\x01C\xbf\xf3\x17\xf0\x90\xd9\x948\n,n\x13\xe1\x80\x1f\x02\x05J8&gt;\x1a\xb2%\xdc\x8d\xe3\xcd:H\n\xb8\x0fr\x03S\xb3I\xb3\xe2\x0b\xf8\xbf\x11\x0e\xcf5\'\xd3\'N&lt;\xe2HeI\xd0Z\x12f\x97\x8cw\x15x&lt;\xe8\xc3\xf8\x87\'\xdd{\xf6\xc9\x80\xd6\x1c\xc9J-GS\x1b\x18\nv$\'\x8a\x83\xe6\x0e\xe1\x0e(\x86V$t\x99d\xc4\x12\x90\x19X\x1c5Yk\x0e\xe5\x10%@SF\x1cz\x18\x03\xdd{A\x11\x99\xa4\xe8\x83o\xf2\x02v\x12\xf6i\xf6g\xb1N\xf7\xa7\x19*0\xb75\x11\xb4\x8d\x9e\x9ae\x1f^_~\xc9.\xa5\xac\x858\xc8)\x9b\x13\xaaNr#\x98\x15\xdb\xb0R\xbc\xac\xd0\x02\xcc\xb6\x1b\x93\xed\xa2&lt;\xcd\xfa\xe0\x86q\x94\\V\xd1\...13 0 R\n/F2 14 0 R&gt;&gt;\n/ProcSet [/PDF /Text /ImageB /ImageC /ImageI]\n&gt;&gt;\nendobj\n17 0 obj\n&lt;&lt;\n/Font &lt;&lt;/F1 13 0 R\n/F2 14 0 R&gt;&gt;\n/ProcSet [/PDF /Text /ImageB /ImageC /ImageI]\n&gt;&gt;\nendobj\n18 0 obj\n&lt;&lt;\n/Font &lt;&lt;/F1 13 0 R\n/F2 14 0 R&gt;&gt;\n/ProcSet [/PDF /Text /ImageB /ImageC /ImageI]\n&gt;&gt;\nendobj\n19 0 obj\n&lt;&lt;\n/Font &lt;&lt;/F1 13 0 R&gt;&gt;\n/ProcSet [/PDF /Text /ImageB /ImageC /ImageI]\n&gt;&gt;\nendobj\n20 0 obj\n&lt;&lt;\n/Font &lt;&lt;/F1 13 0 R\n/F2 14 0 R\n/F3 15 0 R&gt;&gt;\n/ProcSet [/PDF /Text /ImageB /ImageC /ImageI]\n&gt;&gt;\nendobj\n21 0 obj\n&lt;&lt;\n/CreationDate (D:20260820105832Z)\n&gt;&gt;\nendobj\nxref\n0 22\n0000000000 65535 f \n0000000015 00000 n \n0000000127 00000 n \n0000000230 00000 n \n0000000311 00000 n \n0000000982 00000 n \n0000001063 00000 n \n0000001842 00000 n \n0000001923 00000 n \n0000002310 00000 n \n0000002392 00000 n \n0000002690 00000 n \n0000002773 00000 n \n0000003405 00000 n \n0000003508 00000 n \n0000003606 00000 n \n0000003712 00000 n \n0000003812 00000 n \n0000003912 00000 n \n0000004012 00000 n \n0000004101 00000 n \n0000004212 00000 n \ntrailer\n&lt;&lt;\n/Size 22\n/Root 2 0 R\n/Info 21 0 R\n/ID [&lt;2778BBFED072C016FB218DBE8DADAC5F&gt;&lt;2778BBFED072C016FB218DBE8DADAC5F&gt;]\n&gt;&gt;\nstartxref\n4268\n%%EOF\n' = &lt;Response [200]&gt;.content">tests/test_zygoma_phase1_pdf_iter_chunk2v9.py:184: in test_zygoma_case_empty_phase1_data_no_crash
    assert b"Zygoma / Pterygoid Extended Data" in r.content, \
E   AssertionError: Section title should still render for empty phase1 on a Zygoma case
E   assert b'Zygoma / Pterygoid Extended Data' in b'%PDF-1.3\n%\xe9\xeb\xf1\xbf\n1 0 obj\n&lt;&lt;\n/Count 5\n/Kids [3 0 R\n5 0 R\n7 0 R\n9 0 R\n11 0 R]\n/MediaBox [0 0 595.28 841.89]\n/Type /Pages\n&gt;&gt;\nendobj\n2 0 obj\n&lt;&lt;\n/OpenAction [3 0 R /FitH null]\n/PageLayout /OneColumn\n/Pages 1 0 R\n/Type /Catalog\n&gt;&gt;\nendobj\n3 0 obj\n&lt;&lt;\n/Contents 4 0 R\n/Parent 1 0 R\n/Resources 16 0 R\n/Type /Page\n&gt;&gt;\nendobj\n4 0 obj\n&lt;&lt;\n/Filter /FlateDecode\n/Length 599\n&gt;&gt;\nstream\nx\x9c\x95TM\x8f\x9aP\x14\xdd\xfb+\xeer\xba\xf0\xf9\xbe\x017\r\x1d\x1d\xc7fj\x19%\xd3d6\x13"O\xa5\x15\xb0\x80\x9a\xf9\xf7s\xc1A\x0bjb\x17\x84\xf0\x92\xf3q\xef9\x0f\x0e\xdf;\x94(\x0b\xf6\x9do&gt;\xf4\x1e\x18pI(\x05\x7f\x01C\xbf\xf3\x17\xf0\x90\xd9\x948\n,n\x13\xe1\x80\x1f\x02\x05J8&gt;\x1a\xb2%\xdc\x8d\xe3\xcd:H\n\xb8\x0fr\x03S\xb3I\xb3\xe2\x0b\xf8\xbf\x11\x0e\xcf5\'\xd3\'N&lt;\xe2HeI\xd0Z\x12f\x97\x8cw\x15x&lt;\xe8\xc3\xf8\x87\'\xdd{\xf6\xc9\x80\xd6\x1c\xc9J-GS\x1b\x18\nv$\'\x8a\x83\xe6\x0e\xe1\x0e(\x86V$t\x99d\xc4\x12\x90\x19X\x1c5Yk\x0e\xe5\x10%@SF\x1cz\x18\x03\xdd{A\x11\x99\xa4\xe8\x83o\xf2\x02v\x12\xf6i\xf6g\xb1N\xf7\xa7\x19*0\xb75\x11\xb4\x8d\x9e\x9ae\x1f^_~\xc9.\xa5\xac\x858\xc8)\x9b\x13\xaaNr#\x98\x15\xdb\xb0R\xbc\xac\xd0\x02\xcc\xb6\x1b\x93\xed\xa2&lt;\xcd\xfa\xe0\x86q\x94\\V\xd1\...13 0 R\n/F2 14 0 R&gt;&gt;\n/ProcSet [/PDF /Text /ImageB /ImageC /ImageI]\n&gt;&gt;\nendobj\n17 0 obj\n&lt;&lt;\n/Font &lt;&lt;/F1 13 0 R\n/F2 14 0 R&gt;&gt;\n/ProcSet [/PDF /Text /ImageB /ImageC /ImageI]\n&gt;&gt;\nendobj\n18 0 obj\n&lt;&lt;\n/Font &lt;&lt;/F1 13 0 R\n/F2 14 0 R&gt;&gt;\n/ProcSet [/PDF /Text /ImageB /ImageC /ImageI]\n&gt;&gt;\nendobj\n19 0 obj\n&lt;&lt;\n/Font &lt;&lt;/F1 13 0 R&gt;&gt;\n/ProcSet [/PDF /Text /ImageB /ImageC /ImageI]\n&gt;&gt;\nendobj\n20 0 obj\n&lt;&lt;\n/Font &lt;&lt;/F1 13 0 R\n/F2 14 0 R\n/F3 15 0 R&gt;&gt;\n/ProcSet [/PDF /Text /ImageB /ImageC /ImageI]\n&gt;&gt;\nendobj\n21 0 obj\n&lt;&lt;\n/CreationDate (D:20260820105832Z)\n&gt;&gt;\nendobj\nxref\n0 22\n0000000000 65535 f \n0000000015 00000 n \n0000000127 00000 n \n0000000230 00000 n \n0000000311 00000 n \n0000000982 00000 n \n0000001063 00000 n \n0000001842 00000 n \n0000001923 00000 n \n0000002310 00000 n \n0000002392 00000 n \n0000002690 00000 n \n0000002773 00000 n \n0000003405 00000 n \n0000003508 00000 n \n0000003606 00000 n \n0000003712 00000 n \n0000003812 00000 n \n0000003912 00000 n \n0000004012 00000 n \n0000004101 00000 n \n0000004212 00000 n \ntrailer\n&lt;&lt;\n/Size 22\n/Root 2 0 R\n/Info 21 0 R\n/ID [&lt;2778BBFED072C016FB218DBE8DADAC5F&gt;&lt;2778BBFED072C016FB218DBE8DADAC5F&gt;]\n&gt;&gt;\nstartxref\n4268\n%%EOF\n'
E    +  where b'%PDF-1.3\n%\xe9\xeb\xf1\xbf\n1 0 obj\n&lt;&lt;\n/Count 5\n/Kids [3 0 R\n5 0 R\n7 0 R\n9 0 R\n11 0 R]\n/MediaBox [0 0 595.28 841.89]\n/Type /Pages\n&gt;&gt;\nendobj\n2 0 obj\n&lt;&lt;\n/OpenAction [3 0 R /FitH null]\n/PageLayout /OneColumn\n/Pages 1 0 R\n/Type /Catalog\n&gt;&gt;\nendobj\n3 0 obj\n&lt;&lt;\n/Contents 4 0 R\n/Parent 1 0 R\n/Resources 16 0 R\n/Type /Page\n&gt;&gt;\nendobj\n4 0 obj\n&lt;&lt;\n/Filter /FlateDecode\n/Length 599\n&gt;&gt;\nstream\nx\x9c\x95TM\x8f\x9aP\x14\xdd\xfb+\xeer\xba\xf0\xf9\xbe\x017\r\x1d\x1d\xc7fj\x19%\xd3d6\x13"O\xa5\x15\xb0\x80\x9a\xf9\xf7s\xc1A\x0bjb\x17\x84\xf0\x92\xf3q\xef9\x0f\x0e\xdf;\x94(\x0b\xf6\x9do&gt;\xf4\x1e\x18pI(\x05\x7f\x01C\xbf\xf3\x17\xf0\x90\xd9\x948\n,n\x13\xe1\x80\x1f\x02\x05J8&gt;\x1a\xb2%\xdc\x8d\xe3\xcd:H\n\xb8\x0fr\x03S\xb3I\xb3\xe2\x0b\xf8\xbf\x11\x0e\xcf5\'\xd3\'N&lt;\xe2HeI\xd0Z\x12f\x97\x8cw\x15x&lt;\xe8\xc3\xf8\x87\'\xdd{\xf6\xc9\x80\xd6\x1c\xc9J-GS\x1b\x18\nv$\'\x8a\x83\xe6\x0e\xe1\x0e(\x86V$t\x99d\xc4\x12\x90\x19X\x1c5Yk\x0e\xe5\x10%@SF\x1cz\x18\x03\xdd{A\x11\x99\xa4\xe8\x83o\xf2\x02v\x12\xf6i\xf6g\xb1N\xf7\xa7\x19*0\xb75\x11\xb4\x8d\x9e\x9ae\x1f^_~\xc9.\xa5\xac\x858\xc8)\x9b\x13\xaaNr#\x98\x15\xdb\xb0R\xbc\xac\xd0\x02\xcc\xb6\x1b\x93\xed\xa2&lt;\xcd\xfa\xe0\x86q\x94\\V\xd1\...13 0 R\n/F2 14 0 R&gt;&gt;\n/ProcSet [/PDF /Text /ImageB /ImageC /ImageI]\n&gt;&gt;\nendobj\n17 0 obj\n&lt;&lt;\n/Font &lt;&lt;/F1 13 0 R\n/F2 14 0 R&gt;&gt;\n/ProcSet [/PDF /Text /ImageB /ImageC /ImageI]\n&gt;&gt;\nendobj\n18 0 obj\n&lt;&lt;\n/Font &lt;&lt;/F1 13 0 R\n/F2 14 0 R&gt;&gt;\n/ProcSet [/PDF /Text /ImageB /ImageC /ImageI]\n&gt;&gt;\nendobj\n19 0 obj\n&lt;&lt;\n/Font &lt;&lt;/F1 13 0 R&gt;&gt;\n/ProcSet [/PDF /Text /ImageB /ImageC /ImageI]\n&gt;&gt;\nendobj\n20 0 obj\n&lt;&lt;\n/Font &lt;&lt;/F1 13 0 R\n/F2 14 0 R\n/F3 15 0 R&gt;&gt;\n/ProcSet [/PDF /Text /ImageB /ImageC /ImageI]\n&gt;&gt;\nendobj\n21 0 obj\n&lt;&lt;\n/CreationDate (D:20260820105832Z)\n&gt;&gt;\nendobj\nxref\n0 22\n0000000000 65535 f \n0000000015 00000 n \n0000000127 00000 n \n0000000230 00000 n \n0000000311 00000 n \n0000000982 00000 n \n0000001063 00000 n \n0000001842 00000 n \n0000001923 00000 n \n0000002310 00000 n \n0000002392 00000 n \n0000002690 00000 n \n0000002773 00000 n \n0000003405 00000 n \n0000003508 00000 n \n0000003606 00000 n \n0000003712 00000 n \n0000003812 00000 n \n0000003912 00000 n \n0000004012 00000 n \n0000004101 00000 n \n0000004212 00000 n \ntrailer\n&lt;&lt;\n/Size 22\n/Root 2 0 R\n/Info 21 0 R\n/ID [&lt;2778BBFED072C016FB218DBE8DADAC5F&gt;&lt;2778BBFED072C016FB218DBE8DADAC5F&gt;]\n&gt;&gt;\nstartxref\n4268\n%%EOF\n' = &lt;Response [200]&gt;.content</failure></testcase></testsuite></testsuites>