<?xml version="1.0" encoding="utf-8"?><testsuites name="pytest tests"><testsuite name="pytest" errors="0" failures="1" skipped="0" tests="15" time="4.335" timestamp="2026-08-09T13:55:59.596249+00:00" hostname="agent-env-d4ef8c28-556f-46de-bbb2-6a646a5e3751"><testcase classname="backend.tests.test_consent_esign_iter322" name="test_consent_texts_requires_auth" time="0.202" /><testcase classname="backend.tests.test_consent_esign_iter322" name="test_consent_texts_returns_v21_all_langs" time="0.477" /><testcase classname="backend.tests.test_consent_esign_iter322" name="test_esign_success" time="0.252" /><testcase classname="backend.tests.test_consent_esign_iter322" name="test_esign_png_file_exists_on_disk" time="0.131" /><testcase classname="backend.tests.test_consent_esign_iter322" name="test_esign_rejects_confirmed_false" time="0.112" /><testcase classname="backend.tests.test_consent_esign_iter322" name="test_esign_rejects_too_few_points" time="0.122" /><testcase classname="backend.tests.test_consent_esign_iter322" name="test_esign_rejects_bad_version" time="0.099" /><testcase classname="backend.tests.test_consent_esign_iter322" name="test_esign_404_unknown_procedure" time="0.106" /><testcase classname="backend.tests.test_consent_esign_iter322" name="test_esign_403_non_stakeholder_student" time="0.745" /><testcase classname="backend.tests.test_consent_esign_iter322" name="test_procedure_state_after_esign" time="0.111" /><testcase classname="backend.tests.test_consent_esign_iter322" name="test_esign_again_archives_previous" time="0.315" /><testcase classname="backend.tests.test_consent_esign_iter322" name="test_consent_pdf_embeds_signature_after_esign" time="0.177"><failure message="AssertionError: PDF missing 'signed electronically' line&#10;assert (b'signed electronically' in b'%pdf-1.4\n%\x93\x8c\x8b\x9e reportlab generated pdf document (opensource)\n1 0 obj\n&lt;&lt;\n/f1 2 0 r /f2 3 0 r /f3 5 0 r\n&gt;&gt;\nendobj\n2 0 obj\n&lt;&lt;\n/basefont /helvetica /encoding /winansiencoding /name /f1 /subtype /type1 /type /font\n&gt;&gt;\nendobj\n3 0 obj\n&lt;&lt;\n/basefont /helvetica-bold /encoding /winansiencoding /name /f2 /subtype /type1 /type /font\n&gt;&gt;\nendobj\n4 0 obj\n&lt;&lt;\n/bitspercomponent 8 /colorspace /devicergb /filter [ /ascii85decode /flatedecode ] /height 400 /length 1131 /subtype /image \n  /type /xobject /width 1200\n&gt;&gt;\nstream\ngb&quot;0s95``s(kp@ca==nls*jfoobst8s[)o^&gt;k&amp;u3#5nit(u7fwzzzzzzzzzzzzzzzzzzzzzzzzzzzzzzzzzzzzzzzzzzzzzzzzzzzzzzzzzzzzzzzzzzzzzzzzzzzzzzzzzzzzzzzzzzzzzzzzzzzzzzzzzzzzzzzzzzzzzzzzzzzzzzzzzzzzzzzzzzzzzzzzzzzzzzzzzzzzzzzzzzzzzzzzzzzzz!5+gtc`b_&amp;0;p@uwa\'-n!!!gthqn36ngerpoeje.wcfm-!!&quot;_(o0q1haod%4;rlhy!!!h&quot;e[21naa61n&lt;394*!!!=gg4p0@=/bz..kbgsoyds55?a&gt;p&lt;n?*&quot;+o/q0]_=fown+3p!.[b&lt;g4p10&lt;2j\'#$31\'8ocm:%:jms\'n@fo.aobj\\qetl@ca\'+w!1631subd%.tm[5!&lt;bo?&gt;*%`[2czigymli2b%1kahn5gyeo3c;!&amp;1hg41y2&quot;&lt;n9n/!!$dmf[pjsrb9(]imdh_xj*d3y.h/@wj[ez!.`&amp;dgrypq[451-&lt;&lt;*$\'t$&amp;@hl)7xz.]ngu!#b`d-[1s,w`4[o!&lt;bq+:@7+[6x#btidfjxn.#dqep*d&amp;9%c^,!!%6o5orsuj&amp;qyi+]slbn:px[o%;ws8la3;c5?t^o&lt;\\vlx&amp;@k_c.ja...ur-u=a8v#k_0\'&amp;pb&lt;&gt;/j0co2\\q\'xs\\\\fzs8r#bv&gt;/\'&gt;sm&gt;od\\j3b9bdw*:]mr!*dird@rl0e`f/#me&quot;&amp;6g$k_t7]:ah)@gbuv2@crcos(x_abp^a@=,;n%im?tjb&lt;)`i+i&amp;d7@#$\\r,v7:\\(&quot;[b]ev.j\\mbxm-am[ql5a)sal?g^jg#mffho2rd:\'j$%9\\ix6bi.m3c,(+1-*&quot;d/k&quot;l%m5kd_]meo78nxd+&gt;chtcco5p:&gt;sglrndyo$tab?*x6]tfs&gt;=lf8x$/oj6]+,!q36wh8]#^(s`u.ck,#l-lxh,27-)cg&gt;s:vifbzsdsqg34-;vm@[d\\k?;s&amp;^rn6ffml_`bl8rrrn!&lt;b6wa9rh#`_?pb,e*&quot;le_!+sykaaihg],=&lt;+ag,oao[s@d:cl-z_bp9oalq^t\'d)vj7(%(via1eap\\9fwyhn\'s6?4b$&quot;ml)r2d\'o]qptjk))uf_q/o7*3j0t`98@&gt;=la61g75?&quot;q$mjk7&quot;5:(_,i)&gt;moh60xx4b&amp;q0%irom]1l%.moeh2,pjt1@&quot;ns9$tz&lt;vgdpl)[aj7k5fqihct-ac@=i+#6kqgrcjuhnu&amp;xp=\'/k&amp;8r(pj$n7?dzmbcct5.47$0lqrmg\'omeh^`m=&gt;)rei#qa*5gbrrrgqth!\\]!uklge\'bq7$ad+1o$c)lhvs&quot;pd:ufslu-nrilf[=\\]9$p48,bf=^v~&gt;endstream\nendobj\nxref\n0 11\n0000000000 65535 f \n0000000061 00000 n \n0000000112 00000 n \n0000000219 00000 n \n0000000331 00000 n \n0000001654 00000 n \n0000001769 00000 n \n0000002036 00000 n \n0000002104 00000 n \n0000002384 00000 n \n0000002443 00000 n \ntrailer\n&lt;&lt;\n/id \n[&lt;a50c2fc225e9b2a60a1bee44c8ab1ec2&gt;&lt;a50c2fc225e9b2a60a1bee44c8ab1ec2&gt;]\n% reportlab generated pdf document -- digest (opensource)\n\n/info 8 0 r\n/root 7 0 r\n/size 11\n&gt;&gt;\nstartxref\n6372\n%%eof\n' or b'electronically' in b'%pdf-1.4\n%\x93\x8c\x8b\x9e reportlab generated pdf document (opensource)\n1 0 obj\n&lt;&lt;\n/f1 2 0 r /f2 3 0 r /f3 5 0 r\n&gt;&gt;\nendobj\n2 0 obj\n&lt;&lt;\n/basefont /helvetica /encoding /winansiencoding /name /f1 /subtype /type1 /type /font\n&gt;&gt;\nendobj\n3 0 obj\n&lt;&lt;\n/basefont /helvetica-bold /encoding /winansiencoding /name /f2 /subtype /type1 /type /font\n&gt;&gt;\nendobj\n4 0 obj\n&lt;&lt;\n/bitspercomponent 8 /colorspace /devicergb /filter [ /ascii85decode /flatedecode ] /height 400 /length 1131 /subtype /image \n  /type /xobject /width 1200\n&gt;&gt;\nstream\ngb&quot;0s95``s(kp@ca==nls*jfoobst8s[)o^&gt;k&amp;u3#5nit(u7fwzzzzzzzzzzzzzzzzzzzzzzzzzzzzzzzzzzzzzzzzzzzzzzzzzzzzzzzzzzzzzzzzzzzzzzzzzzzzzzzzzzzzzzzzzzzzzzzzzzzzzzzzzzzzzzzzzzzzzzzzzzzzzzzzzzzzzzzzzzzzzzzzzzzzzzzzzzzzzzzzzzzzzzzzzzzzz!5+gtc`b_&amp;0;p@uwa\'-n!!!gthqn36ngerpoeje.wcfm-!!&quot;_(o0q1haod%4;rlhy!!!h&quot;e[21naa61n&lt;394*!!!=gg4p0@=/bz..kbgsoyds55?a&gt;p&lt;n?*&quot;+o/q0]_=fown+3p!.[b&lt;g4p10&lt;2j\'#$31\'8ocm:%:jms\'n@fo.aobj\\qetl@ca\'+w!1631subd%.tm[5!&lt;bo?&gt;*%`[2czigymli2b%1kahn5gyeo3c;!&amp;1hg41y2&quot;&lt;n9n/!!$dmf[pjsrb9(]imdh_xj*d3y.h/@wj[ez!.`&amp;dgrypq[451-&lt;&lt;*$\'t$&amp;@hl)7xz.]ngu!#b`d-[1s,w`4[o!&lt;bq+:@7+[6x#btidfjxn.#dqep*d&amp;9%c^,!!%6o5orsuj&amp;qyi+]slbn:px[o%;ws8la3;c5?t^o&lt;\\vlx&amp;@k_c.ja...ur-u=a8v#k_0\'&amp;pb&lt;&gt;/j0co2\\q\'xs\\\\fzs8r#bv&gt;/\'&gt;sm&gt;od\\j3b9bdw*:]mr!*dird@rl0e`f/#me&quot;&amp;6g$k_t7]:ah)@gbuv2@crcos(x_abp^a@=,;n%im?tjb&lt;)`i+i&amp;d7@#$\\r,v7:\\(&quot;[b]ev.j\\mbxm-am[ql5a)sal?g^jg#mffho2rd:\'j$%9\\ix6bi.m3c,(+1-*&quot;d/k&quot;l%m5kd_]meo78nxd+&gt;chtcco5p:&gt;sglrndyo$tab?*x6]tfs&gt;=lf8x$/oj6]+,!q36wh8]#^(s`u.ck,#l-lxh,27-)cg&gt;s:vifbzsdsqg34-;vm@[d\\k?;s&amp;^rn6ffml_`bl8rrrn!&lt;b6wa9rh#`_?pb,e*&quot;le_!+sykaaihg],=&lt;+ag,oao[s@d:cl-z_bp9oalq^t\'d)vj7(%(via1eap\\9fwyhn\'s6?4b$&quot;ml)r2d\'o]qptjk))uf_q/o7*3j0t`98@&gt;=la61g75?&quot;q$mjk7&quot;5:(_,i)&gt;moh60xx4b&amp;q0%irom]1l%.moeh2,pjt1@&quot;ns9$tz&lt;vgdpl)[aj7k5fqihct-ac@=i+#6kqgrcjuhnu&amp;xp=\'/k&amp;8r(pj$n7?dzmbcct5.47$0lqrmg\'omeh^`m=&gt;)rei#qa*5gbrrrgqth!\\]!uklge\'bq7$ad+1o$c)lhvs&quot;pd:ufslu-nrilf[=\\]9$p48,bf=^v~&gt;endstream\nendobj\nxref\n0 11\n0000000000 65535 f \n0000000061 00000 n \n0000000112 00000 n \n0000000219 00000 n \n0000000331 00000 n \n0000001654 00000 n \n0000001769 00000 n \n0000002036 00000 n \n0000002104 00000 n \n0000002384 00000 n \n0000002443 00000 n \ntrailer\n&lt;&lt;\n/id \n[&lt;a50c2fc225e9b2a60a1bee44c8ab1ec2&gt;&lt;a50c2fc225e9b2a60a1bee44c8ab1ec2&gt;]\n% reportlab generated pdf document -- digest (opensource)\n\n/info 8 0 r\n/root 7 0 r\n/size 11\n&gt;&gt;\nstartxref\n6372\n%%eof\n')&#10; +  where b'%pdf-1.4\n%\x93\x8c\x8b\x9e reportlab generated pdf document (opensource)\n1 0 obj\n&lt;&lt;\n/f1 2 0 r /f2 3 0 r /f3 5 0 r\n&gt;&gt;\nendobj\n2 0 obj\n&lt;&lt;\n/basefont /helvetica /encoding /winansiencoding /name /f1 /subtype /type1 /type /font\n&gt;&gt;\nendobj\n3 0 obj\n&lt;&lt;\n/basefont /helvetica-bold /encoding /winansiencoding /name /f2 /subtype /type1 /type /font\n&gt;&gt;\nendobj\n4 0 obj\n&lt;&lt;\n/bitspercomponent 8 /colorspace /devicergb /filter [ /ascii85decode /flatedecode ] /height 400 /length 1131 /subtype /image \n  /type /xobject /width 1200\n&gt;&gt;\nstream\ngb&quot;0s95``s(kp@ca==nls*jfoobst8s[)o^&gt;k&amp;u3#5nit(u7fwzzzzzzzzzzzzzzzzzzzzzzzzzzzzzzzzzzzzzzzzzzzzzzzzzzzzzzzzzzzzzzzzzzzzzzzzzzzzzzzzzzzzzzzzzzzzzzzzzzzzzzzzzzzzzzzzzzzzzzzzzzzzzzzzzzzzzzzzzzzzzzzzzzzzzzzzzzzzzzzzzzzzzzzzzzzzz!5+gtc`b_&amp;0;p@uwa\'-n!!!gthqn36ngerpoeje.wcfm-!!&quot;_(o0q1haod%4;rlhy!!!h&quot;e[21naa61n&lt;394*!!!=gg4p0@=/bz..kbgsoyds55?a&gt;p&lt;n?*&quot;+o/q0]_=fown+3p!.[b&lt;g4p10&lt;2j\'#$31\'8ocm:%:jms\'n@fo.aobj\\qetl@ca\'+w!1631subd%.tm[5!&lt;bo?&gt;*%`[2czigymli2b%1kahn5gyeo3c;!&amp;1hg41y2&quot;&lt;n9n/!!$dmf[pjsrb9(]imdh_xj*d3y.h/@wj[ez!.`&amp;dgrypq[451-&lt;&lt;*$\'t$&amp;@hl)7xz.]ngu!#b`d-[1s,w`4[o!&lt;bq+:@7+[6x#btidfjxn.#dqep*d&amp;9%c^,!!%6o5orsuj&amp;qyi+]slbn:px[o%;ws8la3;c5?t^o&lt;\\vlx&amp;@k_c.ja...ur-u=a8v#k_0\'&amp;pb&lt;&gt;/j0co2\\q\'xs\\\\fzs8r#bv&gt;/\'&gt;sm&gt;od\\j3b9bdw*:]mr!*dird@rl0e`f/#me&quot;&amp;6g$k_t7]:ah)@gbuv2@crcos(x_abp^a@=,;n%im?tjb&lt;)`i+i&amp;d7@#$\\r,v7:\\(&quot;[b]ev.j\\mbxm-am[ql5a)sal?g^jg#mffho2rd:\'j$%9\\ix6bi.m3c,(+1-*&quot;d/k&quot;l%m5kd_]meo78nxd+&gt;chtcco5p:&gt;sglrndyo$tab?*x6]tfs&gt;=lf8x$/oj6]+,!q36wh8]#^(s`u.ck,#l-lxh,27-)cg&gt;s:vifbzsdsqg34-;vm@[d\\k?;s&amp;^rn6ffml_`bl8rrrn!&lt;b6wa9rh#`_?pb,e*&quot;le_!+sykaaihg],=&lt;+ag,oao[s@d:cl-z_bp9oalq^t\'d)vj7(%(via1eap\\9fwyhn\'s6?4b$&quot;ml)r2d\'o]qptjk))uf_q/o7*3j0t`98@&gt;=la61g75?&quot;q$mjk7&quot;5:(_,i)&gt;moh60xx4b&amp;q0%irom]1l%.moeh2,pjt1@&quot;ns9$tz&lt;vgdpl)[aj7k5fqihct-ac@=i+#6kqgrcjuhnu&amp;xp=\'/k&amp;8r(pj$n7?dzmbcct5.47$0lqrmg\'omeh^`m=&gt;)rei#qa*5gbrrrgqth!\\]!uklge\'bq7$ad+1o$c)lhvs&quot;pd:ufslu-nrilf[=\\]9$p48,bf=^v~&gt;endstream\nendobj\nxref\n0 11\n0000000000 65535 f \n0000000061 00000 n \n0000000112 00000 n \n0000000219 00000 n \n0000000331 00000 n \n0000001654 00000 n \n0000001769 00000 n \n0000002036 00000 n \n0000002104 00000 n \n0000002384 00000 n \n0000002443 00000 n \ntrailer\n&lt;&lt;\n/id \n[&lt;a50c2fc225e9b2a60a1bee44c8ab1ec2&gt;&lt;a50c2fc225e9b2a60a1bee44c8ab1ec2&gt;]\n% reportlab generated pdf document -- digest (opensource)\n\n/info 8 0 r\n/root 7 0 r\n/size 11\n&gt;&gt;\nstartxref\n6372\n%%eof\n' = &lt;built-in method lower of bytes object at 0xb289d3279c90&gt;()&#10; +    where &lt;built-in method lower of bytes object at 0xb289d3279c90&gt; = b'%PDF-1.4\n%\x93\x8c\x8b\x9e ReportLab Generated PDF document (opensource)\n1 0 obj\n&lt;&lt;\n/F1 2 0 R /F2 3 0 R /F3 5 0 R\n&gt;&gt;\nendobj\n2 0 obj\n&lt;&lt;\n/BaseFont /Helvetica /Encoding /WinAnsiEncoding /Name /F1 /Subtype /Type1 /Type /Font\n&gt;&gt;\nendobj\n3 0 obj\n&lt;&lt;\n/BaseFont /Helvetica-Bold /Encoding /WinAnsiEncoding /Name /F2 /Subtype /Type1 /Type /Font\n&gt;&gt;\nendobj\n4 0 obj\n&lt;&lt;\n/BitsPerComponent 8 /ColorSpace /DeviceRGB /Filter [ /ASCII85Decode /FlateDecode ] /Height 400 /Length 1131 /Subtype /Image \n  /Type /XObject /Width 1200\n&gt;&gt;\nstream\nGb&quot;0S95``S(kp@cA==NLs*JfOOBST8S[)O^&gt;K&amp;U3#5nIT(U7fWzzzzzzzzzzzzzzzzzzzzzzzzzzzzzzzzzzzzzzzzzzzzzzzzzzzzzzzzzzzzzzzzzzzzzzzzzzzzzzzzzzzzzzzzzzzzzzzzzzzzzzzzzzzzzzzzzzzzzzzzzzzzzzzzzzzzzzzzzzzzzzzzzzzzzzzzzzzzzzzzzzzzzzzzzzzzz!5+GTc`b_&amp;0;p@uWa\'-N!!!GtHQN36NGeRPOeJe.WcFM-!!&quot;_(o0Q1haoD%4;RLHY!!!H&quot;E[21Naa61N&lt;394*!!!=GG4P0@=/BZ..KBGSOYDs55?a&gt;P&lt;N?*&quot;+O/Q0]_=foWn+3P!.[b&lt;G4P10&lt;2j\'#$31\'8ocM:%:Jms\'N@Fo.aObJ\\Qetl@CA\'+W!1631SUBD%.TM[5!&lt;Bo?&gt;*%`[2cZiGYmLI2B%1KAhn5gYeO3C;!&amp;1hG41Y2&quot;&lt;N9N/!!$DMF[pJSRB9(]IMDh_XJ*d3Y.h/@WJ[eZ!.`&amp;DgrYPQ[451-&lt;&lt;*$\'T$&amp;@hl)7XZ.]NgU!#B`d-[1s,W`4[O!&lt;Bq+:@7+[6X#bTiDfjXn.#dqEp*D&amp;9%C^,!!%6o5ORSUj&amp;qYI+]SLBn:pX[o%;Ws8la3;c5?T^O&lt;\\VLX&amp;@K_C.Ja...UR-U=A8V#k_0\'&amp;PB&lt;&gt;/J0co2\\q\'Xs\\\\fZs8R#bV&gt;/\'&gt;sm&gt;Od\\J3B9bdW*:]mR!*Dird@rl0e`f/#mE&quot;&amp;6g$K_t7]:aH)@GbuV2@crCos(X_abp^A@=,;n%iM?TJb&lt;)`i+I&amp;d7@#$\\R,V7:\\(&quot;[b]EV.j\\MBXm-aM[qL5A)SaL?G^JG#MFfhO2rd:\'J$%9\\iX6bI.m3C,(+1-*&quot;d/K&quot;l%m5KD_]mEO78NXD+&gt;Chtcco5p:&gt;SglrNDYo$TAB?*X6]TfS&gt;=lf8X$/oj6]+,!q36WH8]#^(S`u.CK,#L-LXh,27-)cg&gt;S:VifBZSdsQg34-;VM@[d\\K?;s&amp;^rN6fFMl_`Bl8RRRN!&lt;B6Wa9RH#`_?pB,E*&quot;LE_!+sYKaaIHG],=&lt;+ag,OAo[S@d:cL-Z_bp9oalQ^t\'d)Vj7(%(Via1EaP\\9fWYhN\'S6?4b$&quot;mL)R2d\'o]qptjK))uf_q/o7*3j0t`98@&gt;=La61g75?&quot;Q$mJk7&quot;5:(_,I)&gt;moH60XX4B&amp;q0%Irom]1l%.moEh2,pJT1@&quot;NS9$tZ&lt;VGdPL)[aj7k5FQihCT-AC@=i+#6KQGrcJuHnU&amp;XP=\'/K&amp;8R(Pj$n7?dZmbCCT5.47$0LqRMg\'OMeh^`m=&gt;)rEi#qA*5gbRRrgqth!\\]!uklgE\'Bq7$Ad+1o$c)lHVs&quot;Pd:UFslu-nriLf[=\\]9$p48,Bf=^V~&gt;endstream\nendobj\nxref\n0 11\n0000000000 65535 f \n0000000061 00000 n \n0000000112 00000 n \n0000000219 00000 n \n0000000331 00000 n \n0000001654 00000 n \n0000001769 00000 n \n0000002036 00000 n \n0000002104 00000 n \n0000002384 00000 n \n0000002443 00000 n \ntrailer\n&lt;&lt;\n/ID \n[&lt;a50c2fc225e9b2a60a1bee44c8ab1ec2&gt;&lt;a50c2fc225e9b2a60a1bee44c8ab1ec2&gt;]\n% ReportLab generated PDF document -- digest (opensource)\n\n/Info 8 0 R\n/Root 7 0 R\n/Size 11\n&gt;&gt;\nstartxref\n6372\n%%EOF\n'.lower&#10; +  and   b'%pdf-1.4\n%\x93\x8c\x8b\x9e reportlab generated pdf document (opensource)\n1 0 obj\n&lt;&lt;\n/f1 2 0 r /f2 3 0 r /f3 5 0 r\n&gt;&gt;\nendobj\n2 0 obj\n&lt;&lt;\n/basefont /helvetica /encoding /winansiencoding /name /f1 /subtype /type1 /type /font\n&gt;&gt;\nendobj\n3 0 obj\n&lt;&lt;\n/basefont /helvetica-bold /encoding /winansiencoding /name /f2 /subtype /type1 /type /font\n&gt;&gt;\nendobj\n4 0 obj\n&lt;&lt;\n/bitspercomponent 8 /colorspace /devicergb /filter [ /ascii85decode /flatedecode ] /height 400 /length 1131 /subtype /image \n  /type /xobject /width 1200\n&gt;&gt;\nstream\ngb&quot;0s95``s(kp@ca==nls*jfoobst8s[)o^&gt;k&amp;u3#5nit(u7fwzzzzzzzzzzzzzzzzzzzzzzzzzzzzzzzzzzzzzzzzzzzzzzzzzzzzzzzzzzzzzzzzzzzzzzzzzzzzzzzzzzzzzzzzzzzzzzzzzzzzzzzzzzzzzzzzzzzzzzzzzzzzzzzzzzzzzzzzzzzzzzzzzzzzzzzzzzzzzzzzzzzzzzzzzzzzz!5+gtc`b_&amp;0;p@uwa\'-n!!!gthqn36ngerpoeje.wcfm-!!&quot;_(o0q1haod%4;rlhy!!!h&quot;e[21naa61n&lt;394*!!!=gg4p0@=/bz..kbgsoyds55?a&gt;p&lt;n?*&quot;+o/q0]_=fown+3p!.[b&lt;g4p10&lt;2j\'#$31\'8ocm:%:jms\'n@fo.aobj\\qetl@ca\'+w!1631subd%.tm[5!&lt;bo?&gt;*%`[2czigymli2b%1kahn5gyeo3c;!&amp;1hg41y2&quot;&lt;n9n/!!$dmf[pjsrb9(]imdh_xj*d3y.h/@wj[ez!.`&amp;dgrypq[451-&lt;&lt;*$\'t$&amp;@hl)7xz.]ngu!#b`d-[1s,w`4[o!&lt;bq+:@7+[6x#btidfjxn.#dqep*d&amp;9%c^,!!%6o5orsuj&amp;qyi+]slbn:px[o%;ws8la3;c5?t^o&lt;\\vlx&amp;@k_c.ja...ur-u=a8v#k_0\'&amp;pb&lt;&gt;/j0co2\\q\'xs\\\\fzs8r#bv&gt;/\'&gt;sm&gt;od\\j3b9bdw*:]mr!*dird@rl0e`f/#me&quot;&amp;6g$k_t7]:ah)@gbuv2@crcos(x_abp^a@=,;n%im?tjb&lt;)`i+i&amp;d7@#$\\r,v7:\\(&quot;[b]ev.j\\mbxm-am[ql5a)sal?g^jg#mffho2rd:\'j$%9\\ix6bi.m3c,(+1-*&quot;d/k&quot;l%m5kd_]meo78nxd+&gt;chtcco5p:&gt;sglrndyo$tab?*x6]tfs&gt;=lf8x$/oj6]+,!q36wh8]#^(s`u.ck,#l-lxh,27-)cg&gt;s:vifbzsdsqg34-;vm@[d\\k?;s&amp;^rn6ffml_`bl8rrrn!&lt;b6wa9rh#`_?pb,e*&quot;le_!+sykaaihg],=&lt;+ag,oao[s@d:cl-z_bp9oalq^t\'d)vj7(%(via1eap\\9fwyhn\'s6?4b$&quot;ml)r2d\'o]qptjk))uf_q/o7*3j0t`98@&gt;=la61g75?&quot;q$mjk7&quot;5:(_,i)&gt;moh60xx4b&amp;q0%irom]1l%.moeh2,pjt1@&quot;ns9$tz&lt;vgdpl)[aj7k5fqihct-ac@=i+#6kqgrcjuhnu&amp;xp=\'/k&amp;8r(pj$n7?dzmbcct5.47$0lqrmg\'omeh^`m=&gt;)rei#qa*5gbrrrgqth!\\]!uklge\'bq7$ad+1o$c)lhvs&quot;pd:ufslu-nrilf[=\\]9$p48,bf=^v~&gt;endstream\nendobj\nxref\n0 11\n0000000000 65535 f \n0000000061 00000 n \n0000000112 00000 n \n0000000219 00000 n \n0000000331 00000 n \n0000001654 00000 n \n0000001769 00000 n \n0000002036 00000 n \n0000002104 00000 n \n0000002384 00000 n \n0000002443 00000 n \ntrailer\n&lt;&lt;\n/id \n[&lt;a50c2fc225e9b2a60a1bee44c8ab1ec2&gt;&lt;a50c2fc225e9b2a60a1bee44c8ab1ec2&gt;]\n% reportlab generated pdf document -- digest (opensource)\n\n/info 8 0 r\n/root 7 0 r\n/size 11\n&gt;&gt;\nstartxref\n6372\n%%eof\n' = &lt;built-in method lower of bytes object at 0xb289d3279c90&gt;()&#10; +    where &lt;built-in method lower of bytes object at 0xb289d3279c90&gt; = b'%PDF-1.4\n%\x93\x8c\x8b\x9e ReportLab Generated PDF document (opensource)\n1 0 obj\n&lt;&lt;\n/F1 2 0 R /F2 3 0 R /F3 5 0 R\n&gt;&gt;\nendobj\n2 0 obj\n&lt;&lt;\n/BaseFont /Helvetica /Encoding /WinAnsiEncoding /Name /F1 /Subtype /Type1 /Type /Font\n&gt;&gt;\nendobj\n3 0 obj\n&lt;&lt;\n/BaseFont /Helvetica-Bold /Encoding /WinAnsiEncoding /Name /F2 /Subtype /Type1 /Type /Font\n&gt;&gt;\nendobj\n4 0 obj\n&lt;&lt;\n/BitsPerComponent 8 /ColorSpace /DeviceRGB /Filter [ /ASCII85Decode /FlateDecode ] /Height 400 /Length 1131 /Subtype /Image \n  /Type /XObject /Width 1200\n&gt;&gt;\nstream\nGb&quot;0S95``S(kp@cA==NLs*JfOOBST8S[)O^&gt;K&amp;U3#5nIT(U7fWzzzzzzzzzzzzzzzzzzzzzzzzzzzzzzzzzzzzzzzzzzzzzzzzzzzzzzzzzzzzzzzzzzzzzzzzzzzzzzzzzzzzzzzzzzzzzzzzzzzzzzzzzzzzzzzzzzzzzzzzzzzzzzzzzzzzzzzzzzzzzzzzzzzzzzzzzzzzzzzzzzzzzzzzzzzzz!5+GTc`b_&amp;0;p@uWa\'-N!!!GtHQN36NGeRPOeJe.WcFM-!!&quot;_(o0Q1haoD%4;RLHY!!!H&quot;E[21Naa61N&lt;394*!!!=GG4P0@=/BZ..KBGSOYDs55?a&gt;P&lt;N?*&quot;+O/Q0]_=foWn+3P!.[b&lt;G4P10&lt;2j\'#$31\'8ocM:%:Jms\'N@Fo.aObJ\\Qetl@CA\'+W!1631SUBD%.TM[5!&lt;Bo?&gt;*%`[2cZiGYmLI2B%1KAhn5gYeO3C;!&amp;1hG41Y2&quot;&lt;N9N/!!$DMF[pJSRB9(]IMDh_XJ*d3Y.h/@WJ[eZ!.`&amp;DgrYPQ[451-&lt;&lt;*$\'T$&amp;@hl)7XZ.]NgU!#B`d-[1s,W`4[O!&lt;Bq+:@7+[6X#bTiDfjXn.#dqEp*D&amp;9%C^,!!%6o5ORSUj&amp;qYI+]SLBn:pX[o%;Ws8la3;c5?T^O&lt;\\VLX&amp;@K_C.Ja...UR-U=A8V#k_0\'&amp;PB&lt;&gt;/J0co2\\q\'Xs\\\\fZs8R#bV&gt;/\'&gt;sm&gt;Od\\J3B9bdW*:]mR!*Dird@rl0e`f/#mE&quot;&amp;6g$K_t7]:aH)@GbuV2@crCos(X_abp^A@=,;n%iM?TJb&lt;)`i+I&amp;d7@#$\\R,V7:\\(&quot;[b]EV.j\\MBXm-aM[qL5A)SaL?G^JG#MFfhO2rd:\'J$%9\\iX6bI.m3C,(+1-*&quot;d/K&quot;l%m5KD_]mEO78NXD+&gt;Chtcco5p:&gt;SglrNDYo$TAB?*X6]TfS&gt;=lf8X$/oj6]+,!q36WH8]#^(S`u.CK,#L-LXh,27-)cg&gt;S:VifBZSdsQg34-;VM@[d\\K?;s&amp;^rN6fFMl_`Bl8RRRN!&lt;B6Wa9RH#`_?pB,E*&quot;LE_!+sYKaaIHG],=&lt;+ag,OAo[S@d:cL-Z_bp9oalQ^t\'d)Vj7(%(Via1EaP\\9fWYhN\'S6?4b$&quot;mL)R2d\'o]qptjK))uf_q/o7*3j0t`98@&gt;=La61g75?&quot;Q$mJk7&quot;5:(_,I)&gt;moH60XX4B&amp;q0%Irom]1l%.moEh2,pJT1@&quot;NS9$tZ&lt;VGdPL)[aj7k5FQihCT-AC@=i+#6KQGrcJuHnU&amp;XP=\'/K&amp;8R(Pj$n7?dZmbCCT5.47$0LqRMg\'OMeh^`m=&gt;)rEi#qA*5gbRRrgqth!\\]!uklgE\'Bq7$Ad+1o$c)lHVs&quot;Pd:UFslu-nriLf[=\\]9$p48,Bf=^V~&gt;endstream\nendobj\nxref\n0 11\n0000000000 65535 f \n0000000061 00000 n \n0000000112 00000 n \n0000000219 00000 n \n0000000331 00000 n \n0000001654 00000 n \n0000001769 00000 n \n0000002036 00000 n \n0000002104 00000 n \n0000002384 00000 n \n0000002443 00000 n \ntrailer\n&lt;&lt;\n/ID \n[&lt;a50c2fc225e9b2a60a1bee44c8ab1ec2&gt;&lt;a50c2fc225e9b2a60a1bee44c8ab1ec2&gt;]\n% ReportLab generated PDF document -- digest (opensource)\n\n/Info 8 0 R\n/Root 7 0 R\n/Size 11\n&gt;&gt;\nstartxref\n6372\n%%EOF\n'.lower">backend/tests/test_consent_esign_iter322.py:266: in test_consent_pdf_embeds_signature_after_esign
    assert (b"signed electronically" in body.lower()) or (b"electronically" in body.lower()), \
E   AssertionError: PDF missing 'signed electronically' line
E   assert (b'signed electronically' in b'%pdf-1.4\n%\x93\x8c\x8b\x9e reportlab generated pdf document (opensource)\n1 0 obj\n&lt;&lt;\n/f1 2 0 r /f2 3 0 r /f3 5 0 r\n&gt;&gt;\nendobj\n2 0 obj\n&lt;&lt;\n/basefont /helvetica /encoding /winansiencoding /name /f1 /subtype /type1 /type /font\n&gt;&gt;\nendobj\n3 0 obj\n&lt;&lt;\n/basefont /helvetica-bold /encoding /winansiencoding /name /f2 /subtype /type1 /type /font\n&gt;&gt;\nendobj\n4 0 obj\n&lt;&lt;\n/bitspercomponent 8 /colorspace /devicergb /filter [ /ascii85decode /flatedecode ] /height 400 /length 1131 /subtype /image \n  /type /xobject /width 1200\n&gt;&gt;\nstream\ngb"0s95``s(kp@ca==nls*jfoobst8s[)o^&gt;k&amp;u3#5nit(u7fwzzzzzzzzzzzzzzzzzzzzzzzzzzzzzzzzzzzzzzzzzzzzzzzzzzzzzzzzzzzzzzzzzzzzzzzzzzzzzzzzzzzzzzzzzzzzzzzzzzzzzzzzzzzzzzzzzzzzzzzzzzzzzzzzzzzzzzzzzzzzzzzzzzzzzzzzzzzzzzzzzzzzzzzzzzzzz!5+gtc`b_&amp;0;p@uwa\'-n!!!gthqn36ngerpoeje.wcfm-!!"_(o0q1haod%4;rlhy!!!h"e[21naa61n&lt;394*!!!=gg4p0@=/bz..kbgsoyds55?a&gt;p&lt;n?*"+o/q0]_=fown+3p!.[b&lt;g4p10&lt;2j\'#$31\'8ocm:%:jms\'n@fo.aobj\\qetl@ca\'+w!1631subd%.tm[5!&lt;bo?&gt;*%`[2czigymli2b%1kahn5gyeo3c;!&amp;1hg41y2"&lt;n9n/!!$dmf[pjsrb9(]imdh_xj*d3y.h/@wj[ez!.`&amp;dgrypq[451-&lt;&lt;*$\'t$&amp;@hl)7xz.]ngu!#b`d-[1s,w`4[o!&lt;bq+:@7+[6x#btidfjxn.#dqep*d&amp;9%c^,!!%6o5orsuj&amp;qyi+]slbn:px[o%;ws8la3;c5?t^o&lt;\\vlx&amp;@k_c.ja...ur-u=a8v#k_0\'&amp;pb&lt;&gt;/j0co2\\q\'xs\\\\fzs8r#bv&gt;/\'&gt;sm&gt;od\\j3b9bdw*:]mr!*dird@rl0e`f/#me"&amp;6g$k_t7]:ah)@gbuv2@crcos(x_abp^a@=,;n%im?tjb&lt;)`i+i&amp;d7@#$\\r,v7:\\("[b]ev.j\\mbxm-am[ql5a)sal?g^jg#mffho2rd:\'j$%9\\ix6bi.m3c,(+1-*"d/k"l%m5kd_]meo78nxd+&gt;chtcco5p:&gt;sglrndyo$tab?*x6]tfs&gt;=lf8x$/oj6]+,!q36wh8]#^(s`u.ck,#l-lxh,27-)cg&gt;s:vifbzsdsqg34-;vm@[d\\k?;s&amp;^rn6ffml_`bl8rrrn!&lt;b6wa9rh#`_?pb,e*"le_!+sykaaihg],=&lt;+ag,oao[s@d:cl-z_bp9oalq^t\'d)vj7(%(via1eap\\9fwyhn\'s6?4b$"ml)r2d\'o]qptjk))uf_q/o7*3j0t`98@&gt;=la61g75?"q$mjk7"5:(_,i)&gt;moh60xx4b&amp;q0%irom]1l%.moeh2,pjt1@"ns9$tz&lt;vgdpl)[aj7k5fqihct-ac@=i+#6kqgrcjuhnu&amp;xp=\'/k&amp;8r(pj$n7?dzmbcct5.47$0lqrmg\'omeh^`m=&gt;)rei#qa*5gbrrrgqth!\\]!uklge\'bq7$ad+1o$c)lhvs"pd:ufslu-nrilf[=\\]9$p48,bf=^v~&gt;endstream\nendobj\nxref\n0 11\n0000000000 65535 f \n0000000061 00000 n \n0000000112 00000 n \n0000000219 00000 n \n0000000331 00000 n \n0000001654 00000 n \n0000001769 00000 n \n0000002036 00000 n \n0000002104 00000 n \n0000002384 00000 n \n0000002443 00000 n \ntrailer\n&lt;&lt;\n/id \n[&lt;a50c2fc225e9b2a60a1bee44c8ab1ec2&gt;&lt;a50c2fc225e9b2a60a1bee44c8ab1ec2&gt;]\n% reportlab generated pdf document -- digest (opensource)\n\n/info 8 0 r\n/root 7 0 r\n/size 11\n&gt;&gt;\nstartxref\n6372\n%%eof\n' or b'electronically' in b'%pdf-1.4\n%\x93\x8c\x8b\x9e reportlab generated pdf document (opensource)\n1 0 obj\n&lt;&lt;\n/f1 2 0 r /f2 3 0 r /f3 5 0 r\n&gt;&gt;\nendobj\n2 0 obj\n&lt;&lt;\n/basefont /helvetica /encoding /winansiencoding /name /f1 /subtype /type1 /type /font\n&gt;&gt;\nendobj\n3 0 obj\n&lt;&lt;\n/basefont /helvetica-bold /encoding /winansiencoding /name /f2 /subtype /type1 /type /font\n&gt;&gt;\nendobj\n4 0 obj\n&lt;&lt;\n/bitspercomponent 8 /colorspace /devicergb /filter [ /ascii85decode /flatedecode ] /height 400 /length 1131 /subtype /image \n  /type /xobject /width 1200\n&gt;&gt;\nstream\ngb"0s95``s(kp@ca==nls*jfoobst8s[)o^&gt;k&amp;u3#5nit(u7fwzzzzzzzzzzzzzzzzzzzzzzzzzzzzzzzzzzzzzzzzzzzzzzzzzzzzzzzzzzzzzzzzzzzzzzzzzzzzzzzzzzzzzzzzzzzzzzzzzzzzzzzzzzzzzzzzzzzzzzzzzzzzzzzzzzzzzzzzzzzzzzzzzzzzzzzzzzzzzzzzzzzzzzzzzzzzz!5+gtc`b_&amp;0;p@uwa\'-n!!!gthqn36ngerpoeje.wcfm-!!"_(o0q1haod%4;rlhy!!!h"e[21naa61n&lt;394*!!!=gg4p0@=/bz..kbgsoyds55?a&gt;p&lt;n?*"+o/q0]_=fown+3p!.[b&lt;g4p10&lt;2j\'#$31\'8ocm:%:jms\'n@fo.aobj\\qetl@ca\'+w!1631subd%.tm[5!&lt;bo?&gt;*%`[2czigymli2b%1kahn5gyeo3c;!&amp;1hg41y2"&lt;n9n/!!$dmf[pjsrb9(]imdh_xj*d3y.h/@wj[ez!.`&amp;dgrypq[451-&lt;&lt;*$\'t$&amp;@hl)7xz.]ngu!#b`d-[1s,w`4[o!&lt;bq+:@7+[6x#btidfjxn.#dqep*d&amp;9%c^,!!%6o5orsuj&amp;qyi+]slbn:px[o%;ws8la3;c5?t^o&lt;\\vlx&amp;@k_c.ja...ur-u=a8v#k_0\'&amp;pb&lt;&gt;/j0co2\\q\'xs\\\\fzs8r#bv&gt;/\'&gt;sm&gt;od\\j3b9bdw*:]mr!*dird@rl0e`f/#me"&amp;6g$k_t7]:ah)@gbuv2@crcos(x_abp^a@=,;n%im?tjb&lt;)`i+i&amp;d7@#$\\r,v7:\\("[b]ev.j\\mbxm-am[ql5a)sal?g^jg#mffho2rd:\'j$%9\\ix6bi.m3c,(+1-*"d/k"l%m5kd_]meo78nxd+&gt;chtcco5p:&gt;sglrndyo$tab?*x6]tfs&gt;=lf8x$/oj6]+,!q36wh8]#^(s`u.ck,#l-lxh,27-)cg&gt;s:vifbzsdsqg34-;vm@[d\\k?;s&amp;^rn6ffml_`bl8rrrn!&lt;b6wa9rh#`_?pb,e*"le_!+sykaaihg],=&lt;+ag,oao[s@d:cl-z_bp9oalq^t\'d)vj7(%(via1eap\\9fwyhn\'s6?4b$"ml)r2d\'o]qptjk))uf_q/o7*3j0t`98@&gt;=la61g75?"q$mjk7"5:(_,i)&gt;moh60xx4b&amp;q0%irom]1l%.moeh2,pjt1@"ns9$tz&lt;vgdpl)[aj7k5fqihct-ac@=i+#6kqgrcjuhnu&amp;xp=\'/k&amp;8r(pj$n7?dzmbcct5.47$0lqrmg\'omeh^`m=&gt;)rei#qa*5gbrrrgqth!\\]!uklge\'bq7$ad+1o$c)lhvs"pd:ufslu-nrilf[=\\]9$p48,bf=^v~&gt;endstream\nendobj\nxref\n0 11\n0000000000 65535 f \n0000000061 00000 n \n0000000112 00000 n \n0000000219 00000 n \n0000000331 00000 n \n0000001654 00000 n \n0000001769 00000 n \n0000002036 00000 n \n0000002104 00000 n \n0000002384 00000 n \n0000002443 00000 n \ntrailer\n&lt;&lt;\n/id \n[&lt;a50c2fc225e9b2a60a1bee44c8ab1ec2&gt;&lt;a50c2fc225e9b2a60a1bee44c8ab1ec2&gt;]\n% reportlab generated pdf document -- digest (opensource)\n\n/info 8 0 r\n/root 7 0 r\n/size 11\n&gt;&gt;\nstartxref\n6372\n%%eof\n')
E    +  where b'%pdf-1.4\n%\x93\x8c\x8b\x9e reportlab generated pdf document (opensource)\n1 0 obj\n&lt;&lt;\n/f1 2 0 r /f2 3 0 r /f3 5 0 r\n&gt;&gt;\nendobj\n2 0 obj\n&lt;&lt;\n/basefont /helvetica /encoding /winansiencoding /name /f1 /subtype /type1 /type /font\n&gt;&gt;\nendobj\n3 0 obj\n&lt;&lt;\n/basefont /helvetica-bold /encoding /winansiencoding /name /f2 /subtype /type1 /type /font\n&gt;&gt;\nendobj\n4 0 obj\n&lt;&lt;\n/bitspercomponent 8 /colorspace /devicergb /filter [ /ascii85decode /flatedecode ] /height 400 /length 1131 /subtype /image \n  /type /xobject /width 1200\n&gt;&gt;\nstream\ngb"0s95``s(kp@ca==nls*jfoobst8s[)o^&gt;k&amp;u3#5nit(u7fwzzzzzzzzzzzzzzzzzzzzzzzzzzzzzzzzzzzzzzzzzzzzzzzzzzzzzzzzzzzzzzzzzzzzzzzzzzzzzzzzzzzzzzzzzzzzzzzzzzzzzzzzzzzzzzzzzzzzzzzzzzzzzzzzzzzzzzzzzzzzzzzzzzzzzzzzzzzzzzzzzzzzzzzzzzzzz!5+gtc`b_&amp;0;p@uwa\'-n!!!gthqn36ngerpoeje.wcfm-!!"_(o0q1haod%4;rlhy!!!h"e[21naa61n&lt;394*!!!=gg4p0@=/bz..kbgsoyds55?a&gt;p&lt;n?*"+o/q0]_=fown+3p!.[b&lt;g4p10&lt;2j\'#$31\'8ocm:%:jms\'n@fo.aobj\\qetl@ca\'+w!1631subd%.tm[5!&lt;bo?&gt;*%`[2czigymli2b%1kahn5gyeo3c;!&amp;1hg41y2"&lt;n9n/!!$dmf[pjsrb9(]imdh_xj*d3y.h/@wj[ez!.`&amp;dgrypq[451-&lt;&lt;*$\'t$&amp;@hl)7xz.]ngu!#b`d-[1s,w`4[o!&lt;bq+:@7+[6x#btidfjxn.#dqep*d&amp;9%c^,!!%6o5orsuj&amp;qyi+]slbn:px[o%;ws8la3;c5?t^o&lt;\\vlx&amp;@k_c.ja...ur-u=a8v#k_0\'&amp;pb&lt;&gt;/j0co2\\q\'xs\\\\fzs8r#bv&gt;/\'&gt;sm&gt;od\\j3b9bdw*:]mr!*dird@rl0e`f/#me"&amp;6g$k_t7]:ah)@gbuv2@crcos(x_abp^a@=,;n%im?tjb&lt;)`i+i&amp;d7@#$\\r,v7:\\("[b]ev.j\\mbxm-am[ql5a)sal?g^jg#mffho2rd:\'j$%9\\ix6bi.m3c,(+1-*"d/k"l%m5kd_]meo78nxd+&gt;chtcco5p:&gt;sglrndyo$tab?*x6]tfs&gt;=lf8x$/oj6]+,!q36wh8]#^(s`u.ck,#l-lxh,27-)cg&gt;s:vifbzsdsqg34-;vm@[d\\k?;s&amp;^rn6ffml_`bl8rrrn!&lt;b6wa9rh#`_?pb,e*"le_!+sykaaihg],=&lt;+ag,oao[s@d:cl-z_bp9oalq^t\'d)vj7(%(via1eap\\9fwyhn\'s6?4b$"ml)r2d\'o]qptjk))uf_q/o7*3j0t`98@&gt;=la61g75?"q$mjk7"5:(_,i)&gt;moh60xx4b&amp;q0%irom]1l%.moeh2,pjt1@"ns9$tz&lt;vgdpl)[aj7k5fqihct-ac@=i+#6kqgrcjuhnu&amp;xp=\'/k&amp;8r(pj$n7?dzmbcct5.47$0lqrmg\'omeh^`m=&gt;)rei#qa*5gbrrrgqth!\\]!uklge\'bq7$ad+1o$c)lhvs"pd:ufslu-nrilf[=\\]9$p48,bf=^v~&gt;endstream\nendobj\nxref\n0 11\n0000000000 65535 f \n0000000061 00000 n \n0000000112 00000 n \n0000000219 00000 n \n0000000331 00000 n \n0000001654 00000 n \n0000001769 00000 n \n0000002036 00000 n \n0000002104 00000 n \n0000002384 00000 n \n0000002443 00000 n \ntrailer\n&lt;&lt;\n/id \n[&lt;a50c2fc225e9b2a60a1bee44c8ab1ec2&gt;&lt;a50c2fc225e9b2a60a1bee44c8ab1ec2&gt;]\n% reportlab generated pdf document -- digest (opensource)\n\n/info 8 0 r\n/root 7 0 r\n/size 11\n&gt;&gt;\nstartxref\n6372\n%%eof\n' = &lt;built-in method lower of bytes object at 0xb289d3279c90&gt;()
E    +    where &lt;built-in method lower of bytes object at 0xb289d3279c90&gt; = b'%PDF-1.4\n%\x93\x8c\x8b\x9e ReportLab Generated PDF document (opensource)\n1 0 obj\n&lt;&lt;\n/F1 2 0 R /F2 3 0 R /F3 5 0 R\n&gt;&gt;\nendobj\n2 0 obj\n&lt;&lt;\n/BaseFont /Helvetica /Encoding /WinAnsiEncoding /Name /F1 /Subtype /Type1 /Type /Font\n&gt;&gt;\nendobj\n3 0 obj\n&lt;&lt;\n/BaseFont /Helvetica-Bold /Encoding /WinAnsiEncoding /Name /F2 /Subtype /Type1 /Type /Font\n&gt;&gt;\nendobj\n4 0 obj\n&lt;&lt;\n/BitsPerComponent 8 /ColorSpace /DeviceRGB /Filter [ /ASCII85Decode /FlateDecode ] /Height 400 /Length 1131 /Subtype /Image \n  /Type /XObject /Width 1200\n&gt;&gt;\nstream\nGb"0S95``S(kp@cA==NLs*JfOOBST8S[)O^&gt;K&amp;U3#5nIT(U7fWzzzzzzzzzzzzzzzzzzzzzzzzzzzzzzzzzzzzzzzzzzzzzzzzzzzzzzzzzzzzzzzzzzzzzzzzzzzzzzzzzzzzzzzzzzzzzzzzzzzzzzzzzzzzzzzzzzzzzzzzzzzzzzzzzzzzzzzzzzzzzzzzzzzzzzzzzzzzzzzzzzzzzzzzzzzzz!5+GTc`b_&amp;0;p@uWa\'-N!!!GtHQN36NGeRPOeJe.WcFM-!!"_(o0Q1haoD%4;RLHY!!!H"E[21Naa61N&lt;394*!!!=GG4P0@=/BZ..KBGSOYDs55?a&gt;P&lt;N?*"+O/Q0]_=foWn+3P!.[b&lt;G4P10&lt;2j\'#$31\'8ocM:%:Jms\'N@Fo.aObJ\\Qetl@CA\'+W!1631SUBD%.TM[5!&lt;Bo?&gt;*%`[2cZiGYmLI2B%1KAhn5gYeO3C;!&amp;1hG41Y2"&lt;N9N/!!$DMF[pJSRB9(]IMDh_XJ*d3Y.h/@WJ[eZ!.`&amp;DgrYPQ[451-&lt;&lt;*$\'T$&amp;@hl)7XZ.]NgU!#B`d-[1s,W`4[O!&lt;Bq+:@7+[6X#bTiDfjXn.#dqEp*D&amp;9%C^,!!%6o5ORSUj&amp;qYI+]SLBn:pX[o%;Ws8la3;c5?T^O&lt;\\VLX&amp;@K_C.Ja...UR-U=A8V#k_0\'&amp;PB&lt;&gt;/J0co2\\q\'Xs\\\\fZs8R#bV&gt;/\'&gt;sm&gt;Od\\J3B9bdW*:]mR!*Dird@rl0e`f/#mE"&amp;6g$K_t7]:aH)@GbuV2@crCos(X_abp^A@=,;n%iM?TJb&lt;)`i+I&amp;d7@#$\\R,V7:\\("[b]EV.j\\MBXm-aM[qL5A)SaL?G^JG#MFfhO2rd:\'J$%9\\iX6bI.m3C,(+1-*"d/K"l%m5KD_]mEO78NXD+&gt;Chtcco5p:&gt;SglrNDYo$TAB?*X6]TfS&gt;=lf8X$/oj6]+,!q36WH8]#^(S`u.CK,#L-LXh,27-)cg&gt;S:VifBZSdsQg34-;VM@[d\\K?;s&amp;^rN6fFMl_`Bl8RRRN!&lt;B6Wa9RH#`_?pB,E*"LE_!+sYKaaIHG],=&lt;+ag,OAo[S@d:cL-Z_bp9oalQ^t\'d)Vj7(%(Via1EaP\\9fWYhN\'S6?4b$"mL)R2d\'o]qptjK))uf_q/o7*3j0t`98@&gt;=La61g75?"Q$mJk7"5:(_,I)&gt;moH60XX4B&amp;q0%Irom]1l%.moEh2,pJT1@"NS9$tZ&lt;VGdPL)[aj7k5FQihCT-AC@=i+#6KQGrcJuHnU&amp;XP=\'/K&amp;8R(Pj$n7?dZmbCCT5.47$0LqRMg\'OMeh^`m=&gt;)rEi#qA*5gbRRrgqth!\\]!uklgE\'Bq7$Ad+1o$c)lHVs"Pd:UFslu-nriLf[=\\]9$p48,Bf=^V~&gt;endstream\nendobj\nxref\n0 11\n0000000000 65535 f \n0000000061 00000 n \n0000000112 00000 n \n0000000219 00000 n \n0000000331 00000 n \n0000001654 00000 n \n0000001769 00000 n \n0000002036 00000 n \n0000002104 00000 n \n0000002384 00000 n \n0000002443 00000 n \ntrailer\n&lt;&lt;\n/ID \n[&lt;a50c2fc225e9b2a60a1bee44c8ab1ec2&gt;&lt;a50c2fc225e9b2a60a1bee44c8ab1ec2&gt;]\n% ReportLab generated PDF document -- digest (opensource)\n\n/Info 8 0 R\n/Root 7 0 R\n/Size 11\n&gt;&gt;\nstartxref\n6372\n%%EOF\n'.lower
E    +  and   b'%pdf-1.4\n%\x93\x8c\x8b\x9e reportlab generated pdf document (opensource)\n1 0 obj\n&lt;&lt;\n/f1 2 0 r /f2 3 0 r /f3 5 0 r\n&gt;&gt;\nendobj\n2 0 obj\n&lt;&lt;\n/basefont /helvetica /encoding /winansiencoding /name /f1 /subtype /type1 /type /font\n&gt;&gt;\nendobj\n3 0 obj\n&lt;&lt;\n/basefont /helvetica-bold /encoding /winansiencoding /name /f2 /subtype /type1 /type /font\n&gt;&gt;\nendobj\n4 0 obj\n&lt;&lt;\n/bitspercomponent 8 /colorspace /devicergb /filter [ /ascii85decode /flatedecode ] /height 400 /length 1131 /subtype /image \n  /type /xobject /width 1200\n&gt;&gt;\nstream\ngb"0s95``s(kp@ca==nls*jfoobst8s[)o^&gt;k&amp;u3#5nit(u7fwzzzzzzzzzzzzzzzzzzzzzzzzzzzzzzzzzzzzzzzzzzzzzzzzzzzzzzzzzzzzzzzzzzzzzzzzzzzzzzzzzzzzzzzzzzzzzzzzzzzzzzzzzzzzzzzzzzzzzzzzzzzzzzzzzzzzzzzzzzzzzzzzzzzzzzzzzzzzzzzzzzzzzzzzzzzzz!5+gtc`b_&amp;0;p@uwa\'-n!!!gthqn36ngerpoeje.wcfm-!!"_(o0q1haod%4;rlhy!!!h"e[21naa61n&lt;394*!!!=gg4p0@=/bz..kbgsoyds55?a&gt;p&lt;n?*"+o/q0]_=fown+3p!.[b&lt;g4p10&lt;2j\'#$31\'8ocm:%:jms\'n@fo.aobj\\qetl@ca\'+w!1631subd%.tm[5!&lt;bo?&gt;*%`[2czigymli2b%1kahn5gyeo3c;!&amp;1hg41y2"&lt;n9n/!!$dmf[pjsrb9(]imdh_xj*d3y.h/@wj[ez!.`&amp;dgrypq[451-&lt;&lt;*$\'t$&amp;@hl)7xz.]ngu!#b`d-[1s,w`4[o!&lt;bq+:@7+[6x#btidfjxn.#dqep*d&amp;9%c^,!!%6o5orsuj&amp;qyi+]slbn:px[o%;ws8la3;c5?t^o&lt;\\vlx&amp;@k_c.ja...ur-u=a8v#k_0\'&amp;pb&lt;&gt;/j0co2\\q\'xs\\\\fzs8r#bv&gt;/\'&gt;sm&gt;od\\j3b9bdw*:]mr!*dird@rl0e`f/#me"&amp;6g$k_t7]:ah)@gbuv2@crcos(x_abp^a@=,;n%im?tjb&lt;)`i+i&amp;d7@#$\\r,v7:\\("[b]ev.j\\mbxm-am[ql5a)sal?g^jg#mffho2rd:\'j$%9\\ix6bi.m3c,(+1-*"d/k"l%m5kd_]meo78nxd+&gt;chtcco5p:&gt;sglrndyo$tab?*x6]tfs&gt;=lf8x$/oj6]+,!q36wh8]#^(s`u.ck,#l-lxh,27-)cg&gt;s:vifbzsdsqg34-;vm@[d\\k?;s&amp;^rn6ffml_`bl8rrrn!&lt;b6wa9rh#`_?pb,e*"le_!+sykaaihg],=&lt;+ag,oao[s@d:cl-z_bp9oalq^t\'d)vj7(%(via1eap\\9fwyhn\'s6?4b$"ml)r2d\'o]qptjk))uf_q/o7*3j0t`98@&gt;=la61g75?"q$mjk7"5:(_,i)&gt;moh60xx4b&amp;q0%irom]1l%.moeh2,pjt1@"ns9$tz&lt;vgdpl)[aj7k5fqihct-ac@=i+#6kqgrcjuhnu&amp;xp=\'/k&amp;8r(pj$n7?dzmbcct5.47$0lqrmg\'omeh^`m=&gt;)rei#qa*5gbrrrgqth!\\]!uklge\'bq7$ad+1o$c)lhvs"pd:ufslu-nrilf[=\\]9$p48,bf=^v~&gt;endstream\nendobj\nxref\n0 11\n0000000000 65535 f \n0000000061 00000 n \n0000000112 00000 n \n0000000219 00000 n \n0000000331 00000 n \n0000001654 00000 n \n0000001769 00000 n \n0000002036 00000 n \n0000002104 00000 n \n0000002384 00000 n \n0000002443 00000 n \ntrailer\n&lt;&lt;\n/id \n[&lt;a50c2fc225e9b2a60a1bee44c8ab1ec2&gt;&lt;a50c2fc225e9b2a60a1bee44c8ab1ec2&gt;]\n% reportlab generated pdf document -- digest (opensource)\n\n/info 8 0 r\n/root 7 0 r\n/size 11\n&gt;&gt;\nstartxref\n6372\n%%eof\n' = &lt;built-in method lower of bytes object at 0xb289d3279c90&gt;()
E    +    where &lt;built-in method lower of bytes object at 0xb289d3279c90&gt; = b'%PDF-1.4\n%\x93\x8c\x8b\x9e ReportLab Generated PDF document (opensource)\n1 0 obj\n&lt;&lt;\n/F1 2 0 R /F2 3 0 R /F3 5 0 R\n&gt;&gt;\nendobj\n2 0 obj\n&lt;&lt;\n/BaseFont /Helvetica /Encoding /WinAnsiEncoding /Name /F1 /Subtype /Type1 /Type /Font\n&gt;&gt;\nendobj\n3 0 obj\n&lt;&lt;\n/BaseFont /Helvetica-Bold /Encoding /WinAnsiEncoding /Name /F2 /Subtype /Type1 /Type /Font\n&gt;&gt;\nendobj\n4 0 obj\n&lt;&lt;\n/BitsPerComponent 8 /ColorSpace /DeviceRGB /Filter [ /ASCII85Decode /FlateDecode ] /Height 400 /Length 1131 /Subtype /Image \n  /Type /XObject /Width 1200\n&gt;&gt;\nstream\nGb"0S95``S(kp@cA==NLs*JfOOBST8S[)O^&gt;K&amp;U3#5nIT(U7fWzzzzzzzzzzzzzzzzzzzzzzzzzzzzzzzzzzzzzzzzzzzzzzzzzzzzzzzzzzzzzzzzzzzzzzzzzzzzzzzzzzzzzzzzzzzzzzzzzzzzzzzzzzzzzzzzzzzzzzzzzzzzzzzzzzzzzzzzzzzzzzzzzzzzzzzzzzzzzzzzzzzzzzzzzzzzz!5+GTc`b_&amp;0;p@uWa\'-N!!!GtHQN36NGeRPOeJe.WcFM-!!"_(o0Q1haoD%4;RLHY!!!H"E[21Naa61N&lt;394*!!!=GG4P0@=/BZ..KBGSOYDs55?a&gt;P&lt;N?*"+O/Q0]_=foWn+3P!.[b&lt;G4P10&lt;2j\'#$31\'8ocM:%:Jms\'N@Fo.aObJ\\Qetl@CA\'+W!1631SUBD%.TM[5!&lt;Bo?&gt;*%`[2cZiGYmLI2B%1KAhn5gYeO3C;!&amp;1hG41Y2"&lt;N9N/!!$DMF[pJSRB9(]IMDh_XJ*d3Y.h/@WJ[eZ!.`&amp;DgrYPQ[451-&lt;&lt;*$\'T$&amp;@hl)7XZ.]NgU!#B`d-[1s,W`4[O!&lt;Bq+:@7+[6X#bTiDfjXn.#dqEp*D&amp;9%C^,!!%6o5ORSUj&amp;qYI+]SLBn:pX[o%;Ws8la3;c5?T^O&lt;\\VLX&amp;@K_C.Ja...UR-U=A8V#k_0\'&amp;PB&lt;&gt;/J0co2\\q\'Xs\\\\fZs8R#bV&gt;/\'&gt;sm&gt;Od\\J3B9bdW*:]mR!*Dird@rl0e`f/#mE"&amp;6g$K_t7]:aH)@GbuV2@crCos(X_abp^A@=,;n%iM?TJb&lt;)`i+I&amp;d7@#$\\R,V7:\\("[b]EV.j\\MBXm-aM[qL5A)SaL?G^JG#MFfhO2rd:\'J$%9\\iX6bI.m3C,(+1-*"d/K"l%m5KD_]mEO78NXD+&gt;Chtcco5p:&gt;SglrNDYo$TAB?*X6]TfS&gt;=lf8X$/oj6]+,!q36WH8]#^(S`u.CK,#L-LXh,27-)cg&gt;S:VifBZSdsQg34-;VM@[d\\K?;s&amp;^rN6fFMl_`Bl8RRRN!&lt;B6Wa9RH#`_?pB,E*"LE_!+sYKaaIHG],=&lt;+ag,OAo[S@d:cL-Z_bp9oalQ^t\'d)Vj7(%(Via1EaP\\9fWYhN\'S6?4b$"mL)R2d\'o]qptjK))uf_q/o7*3j0t`98@&gt;=La61g75?"Q$mJk7"5:(_,I)&gt;moH60XX4B&amp;q0%Irom]1l%.moEh2,pJT1@"NS9$tZ&lt;VGdPL)[aj7k5FQihCT-AC@=i+#6KQGrcJuHnU&amp;XP=\'/K&amp;8R(Pj$n7?dZmbCCT5.47$0LqRMg\'OMeh^`m=&gt;)rEi#qA*5gbRRrgqth!\\]!uklgE\'Bq7$Ad+1o$c)lHVs"Pd:UFslu-nriLf[=\\]9$p48,Bf=^V~&gt;endstream\nendobj\nxref\n0 11\n0000000000 65535 f \n0000000061 00000 n \n0000000112 00000 n \n0000000219 00000 n \n0000000331 00000 n \n0000001654 00000 n \n0000001769 00000 n \n0000002036 00000 n \n0000002104 00000 n \n0000002384 00000 n \n0000002443 00000 n \ntrailer\n&lt;&lt;\n/ID \n[&lt;a50c2fc225e9b2a60a1bee44c8ab1ec2&gt;&lt;a50c2fc225e9b2a60a1bee44c8ab1ec2&gt;]\n% ReportLab generated PDF document -- digest (opensource)\n\n/Info 8 0 R\n/Root 7 0 R\n/Size 11\n&gt;&gt;\nstartxref\n6372\n%%EOF\n'.lower</failure></testcase><testcase classname="backend.tests.test_consent_esign_iter322" name="test_consent_pdf_regression_for_non_esigned" time="0.235" /><testcase classname="backend.tests.test_consent_esign_iter322" name="test_multipart_upload_regression_archives_esign" time="0.510" /><testcase classname="backend.tests.test_consent_esign_iter322" name="test_nurse_can_esign" time="0.591" /></testsuite></testsuites>