<?xml version="1.0" encoding="utf-8"?><testsuites name="pytest tests"><testsuite name="pytest" errors="0" failures="0" skipped="0" tests="28" time="13.447" timestamp="2026-08-22T17:31:47.755845+00:00" hostname="agent-env-2f5ac596-8080-4669-8012-c5a5c0bfa649"><testcase classname="backend.tests.test_iter_feb2026_single_conventional.TestAsk1CreatePersistsSCFields" name="test_create_and_get_persists_all_four" time="1.446" /><testcase classname="backend.tests.test_iter_feb2026_single_conventional.TestAsk2PutUpdatesSCFields" name="test_put_updates_sc_fields" time="0.539" /><testcase classname="backend.tests.test_iter_feb2026_single_conventional.TestAsk3Phase2ProsthesisType" name="test_phase2_prosthesis_type_persisted_verbatim" time="0.244" /><testcase classname="backend.tests.test_iter_feb2026_single_conventional.TestAsk4Phase4Step1AuditAndPersist" name="test_persist_sc_final_fields_and_audit" time="0.604" /><testcase classname="backend.tests.test_iter_feb2026_single_conventional.TestAsk5PdfLabels" name="test_case_report_pdf_contains_sc_labels" time="0.570" /><testcase classname="backend.tests.test_iter_feb2026_single_conventional.TestAsk6NonSCRegression" name="test_multi_conv_create_and_update_no_sc_fields" time="0.429" /><testcase classname="backend.tests.test_iter_feb2026_b_multi_fullarch_zygoma.TestGroupACreate" name="test_multi_conv_immediate_loading_persists_all_ma_fields" time="1.441" /><testcase classname="backend.tests.test_iter_feb2026_b_multi_fullarch_zygoma.TestGroupBCreate" name="test_all_on_x_persists_fa_plan[All on 4]" time="0.287" /><testcase classname="backend.tests.test_iter_feb2026_b_multi_fullarch_zygoma.TestGroupBCreate" name="test_all_on_x_persists_fa_plan[All on 6]" time="0.243" /><testcase classname="backend.tests.test_iter_feb2026_b_multi_fullarch_zygoma.TestGroupBCreate" name="test_all_on_x_persists_fa_plan[All on X]" time="0.308" /><testcase classname="backend.tests.test_iter_feb2026_b_multi_fullarch_zygoma.TestGroupCCreate" name="test_zygoma_variants_persist_zp_plan[Quad Zygoma Implants]" time="0.261" /><testcase classname="backend.tests.test_iter_feb2026_b_multi_fullarch_zygoma.TestGroupCCreate" name="test_zygoma_variants_persist_zp_plan[Zygoma and Pterygoid Implants]" time="0.271" /><testcase classname="backend.tests.test_iter_feb2026_b_multi_fullarch_zygoma.TestGroupCCreate" name="test_zygoma_variants_persist_zp_plan[Zygoma and Conventional Implants]" time="0.256" /><testcase classname="backend.tests.test_iter_feb2026_b_multi_fullarch_zygoma.TestGroupCCreate" name="test_zygoma_variants_persist_zp_plan[Zygoma, Pterygoid and Conventional Implants]" time="0.240" /><testcase classname="backend.tests.test_iter_feb2026_b_multi_fullarch_zygoma.TestPterygoidConvIsGroupA" name="test_pterygoid_conv_accepts_ma_fields" time="0.220" /><testcase classname="backend.tests.test_iter_feb2026_b_multi_fullarch_zygoma.TestOtherHandling" name="test_ma_prosthesis_type_other" time="0.272" /><testcase classname="backend.tests.test_iter_feb2026_b_multi_fullarch_zygoma.TestOtherHandling" name="test_fa_prosthetic_plan_other" time="0.229" /><testcase classname="backend.tests.test_iter_feb2026_b_multi_fullarch_zygoma.TestOtherHandling" name="test_zp_prosthetic_plan_other" time="0.247" /><testcase classname="backend.tests.test_iter_feb2026_b_multi_fullarch_zygoma.TestPutUpdates" name="test_put_group_a_fields" time="0.351" /><testcase classname="backend.tests.test_iter_feb2026_b_multi_fullarch_zygoma.TestPutUpdates" name="test_put_group_b_and_c" time="0.815" /><testcase classname="backend.tests.test_iter_feb2026_b_multi_fullarch_zygoma.TestPhase4AuditGroupA" name="test_group_a_phase4_persist_and_audit" time="0.609" /><testcase classname="backend.tests.test_iter_feb2026_b_multi_fullarch_zygoma.TestPhase4AuditGroupB" name="test_group_b_phase4_persist_and_audit" time="0.755" /><testcase classname="backend.tests.test_iter_feb2026_b_multi_fullarch_zygoma.TestPhase4AuditGroupC" name="test_group_c_phase4_persist_and_audit" time="0.657" /><testcase classname="backend.tests.test_iter_feb2026_b_multi_fullarch_zygoma.TestPdfLabels" name="test_group_a_pdf_labels" time="0.389" /><testcase classname="backend.tests.test_iter_feb2026_b_multi_fullarch_zygoma.TestPdfLabels" name="test_group_b_pdf_labels" time="0.439" /><testcase classname="backend.tests.test_iter_feb2026_b_multi_fullarch_zygoma.TestPdfLabels" name="test_group_c_pdf_labels" time="0.396" /><testcase classname="backend.tests.test_iter_feb2026_b_multi_fullarch_zygoma.TestNonGroupRegression" name="test_non_group_create_and_update_no_group_fields_leaked[Immediate Implant]" time="0.352" /><testcase classname="backend.tests.test_iter_feb2026_b_multi_fullarch_zygoma.TestNonGroupRegression" name="test_non_group_create_and_update_no_group_fields_leaked[Guided Surgery]" time="0.420" /></testsuite></testsuites>