<?xml version="1.0" encoding="utf-8"?><testsuites name="pytest tests"><testsuite name="pytest" errors="0" failures="0" skipped="0" tests="45" time="61.948" timestamp="2026-08-22T17:35:39.723188+00:00" hostname="agent-env-2f5ac596-8080-4669-8012-c5a5c0bfa649"><testcase classname="backend.tests.test_iter_feb2026_single_conventional.TestAsk1CreatePersistsSCFields" name="test_create_and_get_persists_all_four" time="21.497" /><testcase classname="backend.tests.test_iter_feb2026_single_conventional.TestAsk2PutUpdatesSCFields" name="test_put_updates_sc_fields" time="0.358" /><testcase classname="backend.tests.test_iter_feb2026_single_conventional.TestAsk3Phase2ProsthesisType" name="test_phase2_prosthesis_type_persisted_verbatim" time="0.255" /><testcase classname="backend.tests.test_iter_feb2026_single_conventional.TestAsk4Phase4Step1AuditAndPersist" name="test_persist_sc_final_fields_and_audit" time="0.599" /><testcase classname="backend.tests.test_iter_feb2026_single_conventional.TestAsk5PdfLabels" name="test_case_report_pdf_contains_sc_labels" time="0.664" /><testcase classname="backend.tests.test_iter_feb2026_single_conventional.TestAsk6NonSCRegression" name="test_multi_conv_create_and_update_no_sc_fields" time="0.351" /><testcase classname="backend.tests.test_iter_feb2026_b_multi_fullarch_zygoma.TestGroupACreate" name="test_multi_conv_immediate_loading_persists_all_ma_fields" time="1.372" /><testcase classname="backend.tests.test_iter_feb2026_b_multi_fullarch_zygoma.TestGroupBCreate" name="test_all_on_x_persists_fa_plan[All on 4]" time="0.225" /><testcase classname="backend.tests.test_iter_feb2026_b_multi_fullarch_zygoma.TestGroupBCreate" name="test_all_on_x_persists_fa_plan[All on 6]" time="0.404" /><testcase classname="backend.tests.test_iter_feb2026_b_multi_fullarch_zygoma.TestGroupBCreate" name="test_all_on_x_persists_fa_plan[All on X]" time="0.349" /><testcase classname="backend.tests.test_iter_feb2026_b_multi_fullarch_zygoma.TestGroupCCreate" name="test_zygoma_variants_persist_zp_plan[Quad Zygoma Implants]" time="0.260" /><testcase classname="backend.tests.test_iter_feb2026_b_multi_fullarch_zygoma.TestGroupCCreate" name="test_zygoma_variants_persist_zp_plan[Zygoma and Pterygoid Implants]" time="0.267" /><testcase classname="backend.tests.test_iter_feb2026_b_multi_fullarch_zygoma.TestGroupCCreate" name="test_zygoma_variants_persist_zp_plan[Zygoma and Conventional Implants]" time="0.266" /><testcase classname="backend.tests.test_iter_feb2026_b_multi_fullarch_zygoma.TestGroupCCreate" name="test_zygoma_variants_persist_zp_plan[Zygoma, Pterygoid and Conventional Implants]" time="0.225" /><testcase classname="backend.tests.test_iter_feb2026_b_multi_fullarch_zygoma.TestPterygoidConvIsGroupA" name="test_pterygoid_conv_accepts_ma_fields" time="0.224" /><testcase classname="backend.tests.test_iter_feb2026_b_multi_fullarch_zygoma.TestOtherHandling" name="test_ma_prosthesis_type_other" time="0.236" /><testcase classname="backend.tests.test_iter_feb2026_b_multi_fullarch_zygoma.TestOtherHandling" name="test_fa_prosthetic_plan_other" time="0.215" /><testcase classname="backend.tests.test_iter_feb2026_b_multi_fullarch_zygoma.TestOtherHandling" name="test_zp_prosthetic_plan_other" time="0.227" /><testcase classname="backend.tests.test_iter_feb2026_b_multi_fullarch_zygoma.TestPutUpdates" name="test_put_group_a_fields" time="0.338" /><testcase classname="backend.tests.test_iter_feb2026_b_multi_fullarch_zygoma.TestPutUpdates" name="test_put_group_b_and_c" time="0.830" /><testcase classname="backend.tests.test_iter_feb2026_b_multi_fullarch_zygoma.TestPhase4AuditGroupA" name="test_group_a_phase4_persist_and_audit" time="0.630" /><testcase classname="backend.tests.test_iter_feb2026_b_multi_fullarch_zygoma.TestPhase4AuditGroupB" name="test_group_b_phase4_persist_and_audit" time="0.608" /><testcase classname="backend.tests.test_iter_feb2026_b_multi_fullarch_zygoma.TestPhase4AuditGroupC" name="test_group_c_phase4_persist_and_audit" time="0.667" /><testcase classname="backend.tests.test_iter_feb2026_b_multi_fullarch_zygoma.TestPdfLabels" name="test_group_a_pdf_labels" time="0.392" /><testcase classname="backend.tests.test_iter_feb2026_b_multi_fullarch_zygoma.TestPdfLabels" name="test_group_b_pdf_labels" time="0.430" /><testcase classname="backend.tests.test_iter_feb2026_b_multi_fullarch_zygoma.TestPdfLabels" name="test_group_c_pdf_labels" time="0.430" /><testcase classname="backend.tests.test_iter_feb2026_b_multi_fullarch_zygoma.TestNonGroupRegression" name="test_non_group_create_and_update_no_group_fields_leaked[Immediate Implant]" time="0.323" /><testcase classname="backend.tests.test_iter_feb2026_b_multi_fullarch_zygoma.TestNonGroupRegression" name="test_non_group_create_and_update_no_group_fields_leaked[Guided Surgery]" time="0.437" /><testcase classname="backend.tests.test_iter_feb2026_c_sc_other_and_overlap.TestSCPhase1OtherFields" name="test_sc_all_other_fields_post_and_put" time="1.647" /><testcase classname="backend.tests.test_iter_feb2026_c_sc_other_and_overlap.TestSCPhase4OtherAudit" name="test_sc_final_abutment_other_persist_and_audit" time="0.617" /><testcase classname="backend.tests.test_iter_feb2026_c_sc_other_and_overlap.TestOverlapSingleImplantSC" name="test_overlap_single_implant_sc_flow[Immediate Implant]" time="0.528" /><testcase classname="backend.tests.test_iter_feb2026_c_sc_other_and_overlap.TestOverlapSingleImplantSC" name="test_overlap_single_implant_sc_flow[Partial Extraction Therapy]" time="0.521" /><testcase classname="backend.tests.test_iter_feb2026_c_sc_other_and_overlap.TestOverlapSingleImplantSC" name="test_overlap_single_implant_sc_flow[Implant Placement with Guided Bone Regeneration]" time="0.482" /><testcase classname="backend.tests.test_iter_feb2026_c_sc_other_and_overlap.TestOverlapSingleImplantSC" name="test_overlap_single_implant_sc_flow[Guided Surgery]" time="0.520" /><testcase classname="backend.tests.test_iter_feb2026_c_sc_other_and_overlap.TestOverlapSingleImplantSC" name="test_overlap_single_implant_sc_flow[Sinus Lift]" time="4.658" /><testcase classname="backend.tests.test_iter_feb2026_c_sc_other_and_overlap.TestOverlapMultipleImplantsGroupA" name="test_overlap_multiple_implants_group_a_flow[Immediate Implant]" time="0.558" /><testcase classname="backend.tests.test_iter_feb2026_c_sc_other_and_overlap.TestOverlapMultipleImplantsGroupA" name="test_overlap_multiple_implants_group_a_flow[Partial Extraction Therapy]" time="0.489" /><testcase classname="backend.tests.test_iter_feb2026_c_sc_other_and_overlap.TestOverlapMultipleImplantsGroupA" name="test_overlap_multiple_implants_group_a_flow[Implant Placement with Guided Bone Regeneration]" time="0.546" /><testcase classname="backend.tests.test_iter_feb2026_c_sc_other_and_overlap.TestOverlapMultipleImplantsGroupA" name="test_overlap_multiple_implants_group_a_flow[Guided Surgery]" time="15.503" /><testcase classname="backend.tests.test_iter_feb2026_c_sc_other_and_overlap.TestOverlapMultipleImplantsGroupA" name="test_overlap_multiple_implants_group_a_flow[Sinus Lift]" time="0.613" /><testcase classname="backend.tests.test_iter_feb2026_c_sc_other_and_overlap.TestOverlapPdfLabels" name="test_overlap_single_implant_pdf_has_sc_labels" time="0.403" /><testcase classname="backend.tests.test_iter_feb2026_c_sc_other_and_overlap.TestOverlapPdfLabels" name="test_overlap_multiple_implants_pdf_has_group_a_labels" time="0.433" /><testcase classname="backend.tests.test_iter_feb2026_c_sc_other_and_overlap.TestNonOverlapRegression" name="test_overlap_without_num_implants_no_workflow_fields_required[Immediate Implant]" time="0.421" /><testcase classname="backend.tests.test_iter_feb2026_c_sc_other_and_overlap.TestNonOverlapRegression" name="test_overlap_without_num_implants_no_workflow_fields_required[Partial Extraction Therapy]" time="0.395" /><testcase classname="backend.tests.test_iter_feb2026_c_sc_other_and_overlap.TestNonOverlapRegression" name="test_overlap_without_num_implants_no_workflow_fields_required[Guided Surgery]" time="0.359" /></testsuite></testsuites>