<?xml version="1.0" encoding="utf-8"?><testsuites name="pytest tests"><testsuite name="pytest" errors="0" failures="4" skipped="0" tests="7" time="1.960" timestamp="2026-07-12T15:35:42.422663+00:00" hostname="agent-env-7c1e40cd-81cd-42ec-921e-07b58fee5866"><testcase classname="backend.tests.test_survival_iter354.TestAutoTerminateAllFailed" name="test_all_failed_no_repl_triggers_auto_termination" time="0.746"><failure message="AssertionError: Expected treatment_ended, got phase2_approved&#10;assert 'phase2_approved' == 'treatment_ended'&#10;  &#10;  - treatment_ended&#10;  + phase2_approved">backend/tests/test_survival_iter354.py:166: in test_all_failed_no_repl_triggers_auto_termination
    assert d["status"] == "treatment_ended", (
E   AssertionError: Expected treatment_ended, got phase2_approved
E   assert 'phase2_approved' == 'treatment_ended'
E     
E     - treatment_ended
E     + phase2_approved</failure></testcase><testcase classname="backend.tests.test_survival_iter354.TestAutoTerminateAllFailed" name="test_resolver_flags_all_failed_implants_inactive" time="0.207" /><testcase classname="backend.tests.test_survival_iter354.TestAutoTerminateBoundaryReplacedKeepsCaseActive" name="test_one_failed_one_replaced_does_not_auto_terminate" time="0.218"><failure message="AssertionError: assert None is True&#10; +  where None = &lt;built-in method get of dict object at 0xf9e56d7edec0&gt;('_active_in_treatment')&#10; +    where &lt;built-in method get of dict object at 0xf9e56d7edec0&gt; = {'_active_revision': True, '_r0': {'diameter': 5.0, 'iopa_url': 'r0b.jpg', 'length': 13.0, 'procedure_type': 'Two Stage', ...}, '_survival_status': 'Replaced', 'brand': None, ...}.get">backend/tests/test_survival_iter354.py:249: in test_one_failed_one_replaced_does_not_auto_terminate
    assert d["implants"][1].get("_active_in_treatment") is True
E   AssertionError: assert None is True
E    +  where None = &lt;built-in method get of dict object at 0xf9e56d7edec0&gt;('_active_in_treatment')
E    +    where &lt;built-in method get of dict object at 0xf9e56d7edec0&gt; = {'_active_revision': True, '_r0': {'diameter': 5.0, 'iopa_url': 'r0b.jpg', 'length': 13.0, 'procedure_type': 'Two Stage', ...}, '_survival_status': 'Replaced', 'brand': None, ...}.get</failure></testcase><testcase classname="backend.tests.test_survival_iter354.TestResolverActiveInTreatmentFlag" name="test_untouched_implant_defaults_active" time="0.211"><failure message="AssertionError: assert None is True&#10; +  where None = &lt;built-in method get of dict object at 0xf9e56c6392c0&gt;('_active_in_treatment')&#10; +    where &lt;built-in method get of dict object at 0xf9e56c6392c0&gt; = {'_active_revision': True, '_r0': {'diameter': 5.0, 'iopa_url': 'r0a.jpg', 'length': 13.0, 'procedure_type': 'Two Stage', ...}, '_survival_status': 'Replaced', 'brand': None, ...}.get">backend/tests/test_survival_iter354.py:295: in test_untouched_implant_defaults_active
    assert d["implants"][0].get("_active_in_treatment") is True
E   AssertionError: assert None is True
E    +  where None = &lt;built-in method get of dict object at 0xf9e56c6392c0&gt;('_active_in_treatment')
E    +    where &lt;built-in method get of dict object at 0xf9e56c6392c0&gt; = {'_active_revision': True, '_r0': {'diameter': 5.0, 'iopa_url': 'r0a.jpg', 'length': 13.0, 'procedure_type': 'Two Stage', ...}, '_survival_status': 'Replaced', 'brand': None, ...}.get</failure></testcase><testcase classname="backend.tests.test_survival_iter354.TestResolverActiveInTreatmentFlag" name="test_treatment_ended_implant_flagged" time="0.205"><failure message="AssertionError: assert None is True&#10; +  where None = &lt;built-in method get of dict object at 0xf9e56c646dc0&gt;('_active_in_treatment')&#10; +    where &lt;built-in method get of dict object at 0xf9e56c646dc0&gt; = {'_active_revision': True, '_r0': {'diameter': 5.0, 'iopa_url': 'r0b.jpg', 'length': 13.0, 'procedure_type': 'Two Stage', ...}, '_survival_status': 'Replaced', 'brand': None, ...}.get">backend/tests/test_survival_iter354.py:345: in test_treatment_ended_implant_flagged
    assert d["implants"][1].get("_active_in_treatment") is True
E   AssertionError: assert None is True
E    +  where None = &lt;built-in method get of dict object at 0xf9e56c646dc0&gt;('_active_in_treatment')
E    +    where &lt;built-in method get of dict object at 0xf9e56c646dc0&gt; = {'_active_revision': True, '_r0': {'diameter': 5.0, 'iopa_url': 'r0b.jpg', 'length': 13.0, 'procedure_type': 'Two Stage', ...}, '_survival_status': 'Replaced', 'brand': None, ...}.get</failure></testcase><testcase classname="backend.tests.test_survival_iter354.TestNoSurvivalReviewNoResolverSideEffects" name="test_fresh_case_no_annotations" time="0.098" /><testcase classname="backend.tests.test_survival_iter354.TestIter353ReplacementIopaStillRequired" name="test_replacement_without_iopa_url_400" time="0.104" /></testsuite></testsuites>