<?xml version="1.0" encoding="utf-8"?><testsuites name="pytest tests"><testsuite name="pytest" errors="0" failures="0" skipped="0" tests="43" time="5.207" timestamp="2026-05-10T14:20:46.251497+00:00" hostname="agent-env-7c1e40cd-81cd-42ec-921e-07b58fee5866"><testcase classname="backend.tests.test_existing_implants_iter211.TestExistingImplantsCreate" name="test_minimal_payload_creates_case" time="0.622" /><testcase classname="backend.tests.test_existing_implants_iter211.TestExistingImplantsCreate" name="test_system_unknown_implant" time="0.240" /><testcase classname="backend.tests.test_existing_implants_iter211.TestExistingImplantsCreate" name="test_prosthesis_history_failed_round_trip" time="0.219" /><testcase classname="backend.tests.test_existing_implants_iter211.TestExistingImplantsCreate" name="test_empty_existing_implants_returns_422" time="0.106" /><testcase classname="backend.tests.test_existing_implants_iter211.TestExistingImplantsCreate" name="test_missing_required_field_returns_422[patient_name]" time="0.114" /><testcase classname="backend.tests.test_existing_implants_iter211.TestExistingImplantsCreate" name="test_missing_required_field_returns_422[registration_number]" time="0.105" /><testcase classname="backend.tests.test_existing_implants_iter211.TestExistingImplantsCreate" name="test_missing_required_field_returns_422[supervisor_id]" time="0.122" /><testcase classname="backend.tests.test_existing_implants_iter211.TestExistingImplantsCreate" name="test_missing_required_field_returns_422[implant_incharge_id]" time="0.114" /><testcase classname="backend.tests.test_existing_implants_iter211.TestExistingImplantsCreate" name="test_missing_required_field_returns_422[receipt_number]" time="0.146" /><testcase classname="backend.tests.test_existing_implants_iter211.TestExistingImplantsCreate" name="test_missing_required_field_returns_422[amount_paid]" time="0.137" /><testcase classname="backend.tests.test_existing_implants_iter211.TestExistingImplantsCreate" name="test_missing_required_field_returns_422[procedure_date]" time="0.123" /><testcase classname="backend.tests.test_existing_implants_iter211.TestExistingImplantsCreate" name="test_missing_required_field_returns_422[procedure_time]" time="0.130" /><testcase classname="backend.tests.test_existing_implants_iter211.TestExistingImplantsCreate" name="test_duplicate_slot_returns_409" time="0.239" /><testcase classname="backend.tests.test_existing_implants_iter211.TestExistingImplantsCreate" name="test_appears_in_procedures_list" time="0.267" /><testcase classname="backend.tests.test_existing_implants_iter211.TestFreshCaseRegression" name="test_fresh_case_endpoint_responds" time="0.107" /><testcase classname="backend.tests.test_alpha_bio_catalog" name="test_catalog_contains_all_8_alpha_bio_systems" time="0.559" /><testcase classname="backend.tests.test_alpha_bio_catalog" name="test_alpha_bio_system_is_not_stub_and_has_30_plus_components[SPI]" time="0.000" /><testcase classname="backend.tests.test_alpha_bio_catalog" name="test_alpha_bio_system_is_not_stub_and_has_30_plus_components[NeO Conical Standard Connection]" time="0.000" /><testcase classname="backend.tests.test_alpha_bio_catalog" name="test_alpha_bio_system_is_not_stub_and_has_30_plus_components[NeO Conical Hex Connection]" time="0.000" /><testcase classname="backend.tests.test_alpha_bio_catalog" name="test_alpha_bio_system_is_not_stub_and_has_30_plus_components[NeO Internal Hex Connection]" time="0.000" /><testcase classname="backend.tests.test_alpha_bio_catalog" name="test_alpha_bio_system_is_not_stub_and_has_30_plus_components[ICE]" time="0.000" /><testcase classname="backend.tests.test_alpha_bio_catalog" name="test_alpha_bio_system_is_not_stub_and_has_30_plus_components[ATID]" time="0.000" /><testcase classname="backend.tests.test_alpha_bio_catalog" name="test_alpha_bio_system_is_not_stub_and_has_30_plus_components[DFI]" time="0.000" /><testcase classname="backend.tests.test_alpha_bio_catalog" name="test_alpha_bio_system_is_not_stub_and_has_30_plus_components[NICE]" time="0.000" /><testcase classname="backend.tests.test_alpha_bio_catalog" name="test_alpha_bio_component_type_diversity[SPI]" time="0.000" /><testcase classname="backend.tests.test_alpha_bio_catalog" name="test_alpha_bio_component_type_diversity[NeO Conical Standard Connection]" time="0.000" /><testcase classname="backend.tests.test_alpha_bio_catalog" name="test_alpha_bio_component_type_diversity[NeO Conical Hex Connection]" time="0.000" /><testcase classname="backend.tests.test_alpha_bio_catalog" name="test_alpha_bio_component_type_diversity[NeO Internal Hex Connection]" time="0.000" /><testcase classname="backend.tests.test_alpha_bio_catalog" name="test_alpha_bio_component_type_diversity[ICE]" time="0.000" /><testcase classname="backend.tests.test_alpha_bio_catalog" name="test_alpha_bio_component_type_diversity[ATID]" time="0.000" /><testcase classname="backend.tests.test_alpha_bio_catalog" name="test_alpha_bio_component_type_diversity[DFI]" time="0.000" /><testcase classname="backend.tests.test_alpha_bio_catalog" name="test_alpha_bio_component_type_diversity[NICE]" time="0.000" /><testcase classname="backend.tests.test_alpha_bio_catalog" name="test_alpha_bio_component_field_sanity" time="0.000" /><testcase classname="backend.tests.test_alpha_bio_catalog" name="test_alpha_bio_torque_present_for_relevant_types" time="0.000" /><testcase classname="backend.tests.test_alpha_bio_catalog" name="test_by_key_returns_50_components[SPI]" time="0.106" /><testcase classname="backend.tests.test_alpha_bio_catalog" name="test_by_key_returns_50_components[ICE]" time="0.102" /><testcase classname="backend.tests.test_alpha_bio_catalog" name="test_by_key_returns_50_components[ATID]" time="0.119" /><testcase classname="backend.tests.test_alpha_bio_catalog" name="test_compare_ti_base_includes_alpha_bio" time="0.111" /><testcase classname="backend.tests.test_alpha_bio_catalog" name="test_neodent_drive_gm_neoporos_unchanged" time="0.000" /><testcase classname="backend.tests.test_mua_phase4_override_iter210.TestPhase4MUAOverride" name="test_save_with_populated_list_round_trips" time="0.562" /><testcase classname="backend.tests.test_mua_phase4_override_iter210.TestPhase4MUAOverride" name="test_save_with_empty_list_persists_empty" time="0.330" /><testcase classname="backend.tests.test_mua_phase4_override_iter210.TestPhase4MUAOverride" name="test_save_without_field_omits_key" time="0.248" /><testcase classname="backend.tests.test_mua_phase4_override_iter210.TestPhase4MUAOverride" name="test_malformed_entries_return_422" time="0.107" /></testsuite></testsuites>