<?xml version="1.0" encoding="utf-8"?><testsuites name="pytest tests"><testsuite name="pytest" errors="0" failures="0" skipped="0" tests="11" time="2.631" timestamp="2026-08-21T10:57:13.149918+00:00" hostname="agent-env-d0d5eeda-f2f3-4ca3-8871-0381c5caba43"><testcase classname="backend.tests.test_iter422_smart_planner_zygoma" name="test_zygoma_types_return_full_arch_and_edentulous_maxillary[Quad Zygoma Implants]" time="0.780" /><testcase classname="backend.tests.test_iter422_smart_planner_zygoma" name="test_zygoma_types_return_full_arch_and_edentulous_maxillary[Zygoma and Pterygoid Implants]" time="0.117" /><testcase classname="backend.tests.test_iter422_smart_planner_zygoma" name="test_zygoma_types_return_full_arch_and_edentulous_maxillary[Zygoma and Conventional Implants]" time="0.198" /><testcase classname="backend.tests.test_iter422_smart_planner_zygoma" name="test_zygoma_types_return_full_arch_and_edentulous_maxillary[Zygoma, Pterygoid and Conventional Implants]" time="0.227" /><testcase classname="backend.tests.test_iter422_smart_planner_zygoma" name="test_zygoma_defaults_arch_to_maxillary_when_unset" time="0.129" /><testcase classname="backend.tests.test_iter422_smart_planner_zygoma" name="test_pterygoid_and_conventional_is_dentulous" time="0.117" /><testcase classname="backend.tests.test_iter422_smart_planner_zygoma" name="test_all_on_x_full_arch_but_null_arch_condition[All on 4]" time="0.200" /><testcase classname="backend.tests.test_iter422_smart_planner_zygoma" name="test_all_on_x_full_arch_but_null_arch_condition[All on 6]" time="0.199" /><testcase classname="backend.tests.test_iter422_smart_planner_zygoma" name="test_all_on_x_full_arch_but_null_arch_condition[All on X]" time="0.246" /><testcase classname="backend.tests.test_iter422_smart_planner_zygoma" name="test_single_and_multiple_are_dentulous[Single Implant Placement]" time="0.162" /><testcase classname="backend.tests.test_iter422_smart_planner_zygoma" name="test_single_and_multiple_are_dentulous[Multiple Implant Placement]" time="0.117" /></testsuite></testsuites>