<?xml version="1.0" encoding="utf-8"?><testsuites name="pytest tests"><testsuite name="pytest" errors="0" failures="0" skipped="0" tests="19" time="3.103" timestamp="2026-07-11T08:00:50.488592+00:00" hostname="agent-env-7c1e40cd-81cd-42ec-921e-07b58fee5866"><testcase classname="backend.tests.test_survival_engine_iter342.TestSurvivalReviewValidation" name="test_invalid_procedure_id_returns_400" time="0.559" /><testcase classname="backend.tests.test_survival_engine_iter342.TestSurvivalReviewValidation" name="test_missing_replacement_system_returns_400" time="0.093" /><testcase classname="backend.tests.test_survival_engine_iter342.TestSurvivalReviewValidation" name="test_missing_replacement_diameter_returns_400" time="0.097" /><testcase classname="backend.tests.test_survival_engine_iter342.TestSurvivalReviewValidation" name="test_missing_replacement_length_returns_400" time="0.096" /><testcase classname="backend.tests.test_survival_engine_iter342.TestSurvivalReviewValidation" name="test_invalid_reason_returns_400" time="0.103" /><testcase classname="backend.tests.test_survival_engine_iter342.TestSurvivalReviewValidation" name="test_invalid_implant_idx_returns_400" time="0.098" /><testcase classname="backend.tests.test_survival_engine_iter342.TestRevisionChain" name="test_r1_replacement_saves_and_lifecycle_reflects_it" time="0.299" /><testcase classname="backend.tests.test_survival_engine_iter342.TestRevisionChain" name="test_r2_replacement_bumps_revision_and_chain" time="0.137" /><testcase classname="backend.tests.test_survival_engine_iter342.TestLifecycleSchema" name="test_lifecycle_returns_positions_with_events" time="0.097" /><testcase classname="backend.tests.test_survival_engine_iter342.TestLifecycleSchema" name="test_lifecycle_invalid_id_returns_400" time="0.098" /><testcase classname="backend.tests.test_survival_engine_iter342.TestAnalyticsSurvival" name="test_survival_analytics_shape" time="0.098" /><testcase classname="backend.tests.test_survival_engine_iter342.TestAnalyticsSurvival" name="test_survival_analytics_placed_ge_active" time="0.100" /><testcase classname="backend.tests.test_survival_engine_iter342.TestAnalyticsSurvival" name="test_survival_analytics_system_filter" time="0.110" /><testcase classname="backend.tests.test_survival_engine_iter342.TestAnalyticsSurvival" name="test_survival_analytics_tooth_bucket_filter" time="0.099" /><testcase classname="backend.tests.test_survival_engine_iter342.TestAnalyticsSurvival" name="test_survival_analytics_date_filter" time="0.096" /><testcase classname="backend.tests.test_survival_engine_iter342.TestAnalyticsCSV" name="test_csv_export_headers_and_sections" time="0.098" /><testcase classname="backend.tests.test_survival_engine_iter342.TestAnalyticsRBAC" name="test_student_forbidden_on_survival_analytics" time="0.442" /><testcase classname="backend.tests.test_survival_engine_iter342.TestAnalyticsRBAC" name="test_student_forbidden_on_csv_export" time="0.091" /><testcase classname="backend.tests.test_survival_engine_iter342.TestAnalyticsRBAC" name="test_student_can_still_read_lifecycle" time="0.195" /></testsuite></testsuites>