<?xml version="1.0" encoding="utf-8"?><testsuites name="pytest tests"><testsuite name="pytest" errors="0" failures="0" skipped="1" tests="11" time="3.591" timestamp="2026-09-21T11:50:33.163800+00:00" hostname="agent-env-2f5ac596-8080-4669-8012-c5a5c0bfa649"><testcase classname="backend.tests.test_iter431_implant_overdenture.TestCaseFormOptions" name="test_procedure_types_includes_implant_overdenture" time="0.286" /><testcase classname="backend.tests.test_iter431_implant_overdenture.TestCaseFormOptions" name="test_implant_overdenture_ordering" time="0.140" /><testcase classname="backend.tests.test_iter431_implant_overdenture.TestOverdentureValidation" name="test_missing_overdenture_type_rejected" time="1.346" /><testcase classname="backend.tests.test_iter431_implant_overdenture.TestOverdentureValidation" name="test_invalid_overdenture_type_rejected" time="0.142" /><testcase classname="backend.tests.test_iter431_implant_overdenture.TestOverdenturePersistence" name="test_create_and_get_persists_all_fields" time="0.286" /><testcase classname="backend.tests.test_iter431_implant_overdenture.TestOverdenturePersistence" name="test_supported_variant_also_persists" time="0.274" /><testcase classname="backend.tests.test_iter431_implant_overdenture.TestFullArchExemption" name="test_no_missing_teeth_needed_for_implant_overdenture" time="0.158" /><testcase classname="backend.tests.test_iter431_implant_overdenture.TestCaseReportPDF" name="test_case_report_pdf_contains_overdenture_field" time="0.286"><skipped type="pytest.skip" message="pypdf not installed">/app/backend/tests/test_iter431_implant_overdenture.py:329: pypdf not installed</skipped></testcase><testcase classname="backend.tests.test_iter431_implant_overdenture.TestRegression" name="test_all_on_4_still_works_without_overdenture_type" time="0.129" /><testcase classname="backend.tests.test_iter431_implant_overdenture.TestRegression" name="test_single_conventional_still_works" time="0.128" /><testcase classname="backend.tests.test_iter431_implant_overdenture.TestAddImplantEligibility" name="test_add_implant_endpoint_reachable_for_iod" time="0.279" /></testsuite></testsuites>