<?xml version="1.0" encoding="utf-8"?><testsuites name="pytest tests"><testsuite name="pytest" errors="0" failures="0" skipped="0" tests="17" time="9.681" timestamp="2026-08-22T17:35:23.977695+00:00" hostname="agent-env-2f5ac596-8080-4669-8012-c5a5c0bfa649"><testcase classname="backend.tests.test_iter_feb2026_c_sc_other_and_overlap.TestSCPhase1OtherFields" name="test_sc_all_other_fields_post_and_put" time="1.823" /><testcase classname="backend.tests.test_iter_feb2026_c_sc_other_and_overlap.TestSCPhase4OtherAudit" name="test_sc_final_abutment_other_persist_and_audit" time="0.607" /><testcase classname="backend.tests.test_iter_feb2026_c_sc_other_and_overlap.TestOverlapSingleImplantSC" name="test_overlap_single_implant_sc_flow[Immediate Implant]" time="0.478" /><testcase classname="backend.tests.test_iter_feb2026_c_sc_other_and_overlap.TestOverlapSingleImplantSC" name="test_overlap_single_implant_sc_flow[Partial Extraction Therapy]" time="0.567" /><testcase classname="backend.tests.test_iter_feb2026_c_sc_other_and_overlap.TestOverlapSingleImplantSC" name="test_overlap_single_implant_sc_flow[Implant Placement with Guided Bone Regeneration]" time="0.472" /><testcase classname="backend.tests.test_iter_feb2026_c_sc_other_and_overlap.TestOverlapSingleImplantSC" name="test_overlap_single_implant_sc_flow[Guided Surgery]" time="0.521" /><testcase classname="backend.tests.test_iter_feb2026_c_sc_other_and_overlap.TestOverlapSingleImplantSC" name="test_overlap_single_implant_sc_flow[Sinus Lift]" time="0.511" /><testcase classname="backend.tests.test_iter_feb2026_c_sc_other_and_overlap.TestOverlapMultipleImplantsGroupA" name="test_overlap_multiple_implants_group_a_flow[Immediate Implant]" time="0.501" /><testcase classname="backend.tests.test_iter_feb2026_c_sc_other_and_overlap.TestOverlapMultipleImplantsGroupA" name="test_overlap_multiple_implants_group_a_flow[Partial Extraction Therapy]" time="0.519" /><testcase classname="backend.tests.test_iter_feb2026_c_sc_other_and_overlap.TestOverlapMultipleImplantsGroupA" name="test_overlap_multiple_implants_group_a_flow[Implant Placement with Guided Bone Regeneration]" time="0.490" /><testcase classname="backend.tests.test_iter_feb2026_c_sc_other_and_overlap.TestOverlapMultipleImplantsGroupA" name="test_overlap_multiple_implants_group_a_flow[Guided Surgery]" time="0.471" /><testcase classname="backend.tests.test_iter_feb2026_c_sc_other_and_overlap.TestOverlapMultipleImplantsGroupA" name="test_overlap_multiple_implants_group_a_flow[Sinus Lift]" time="0.542" /><testcase classname="backend.tests.test_iter_feb2026_c_sc_other_and_overlap.TestOverlapPdfLabels" name="test_overlap_single_implant_pdf_has_sc_labels" time="0.437" /><testcase classname="backend.tests.test_iter_feb2026_c_sc_other_and_overlap.TestOverlapPdfLabels" name="test_overlap_multiple_implants_pdf_has_group_a_labels" time="0.381" /><testcase classname="backend.tests.test_iter_feb2026_c_sc_other_and_overlap.TestNonOverlapRegression" name="test_overlap_without_num_implants_no_workflow_fields_required[Immediate Implant]" time="0.379" /><testcase classname="backend.tests.test_iter_feb2026_c_sc_other_and_overlap.TestNonOverlapRegression" name="test_overlap_without_num_implants_no_workflow_fields_required[Partial Extraction Therapy]" time="0.373" /><testcase classname="backend.tests.test_iter_feb2026_c_sc_other_and_overlap.TestNonOverlapRegression" name="test_overlap_without_num_implants_no_workflow_fields_required[Guided Surgery]" time="0.446" /></testsuite></testsuites>