<?xml version="1.0" encoding="utf-8"?><testsuites name="pytest tests"><testsuite name="pytest" errors="0" failures="0" skipped="0" tests="7" time="4.739" timestamp="2026-08-21T00:58:02.160901+00:00" hostname="agent-env-d0d5eeda-f2f3-4ca3-8871-0381c5caba43"><testcase classname="backend.tests.test_v12_universal_naming.TestZygomaPDFLabels" name="test_seed_and_no_tooth_hash_in_pdf" time="1.025" /><testcase classname="backend.tests.test_v12_universal_naming.TestZygomaPDFLabels" name="test_mua_labels_and_degree_suffix" time="0.265" /><testcase classname="backend.tests.test_v12_universal_naming.TestZygomaPDFLabels" name="test_torque_lines_use_position_no_tooth" time="0.358" /><testcase classname="backend.tests.test_v12_universal_naming.TestNonZygomaPDFRegression" name="test_no_tooth_hash_non_zygoma" time="0.374" /><testcase classname="backend.tests.test_v12_universal_naming.TestNonZygomaPDFRegression" name="test_non_zygoma_uses_implant_prefix" time="0.177" /><testcase classname="backend.tests.test_v12_universal_naming.TestPhase2ModelAcceptsSchema" name="test_schema_persistence_roundtrip" time="0.200" /><testcase classname="backend.tests.test_v12_universal_naming.TestPhase2ModelAcceptsSchema" name="test_phase2submit_model_has_new_fields" time="2.165" /></testsuite></testsuites>