<?xml version="1.0" encoding="utf-8"?><testsuites name="pytest tests"><testsuite name="pytest" errors="0" failures="0" skipped="0" tests="5" time="17.849" timestamp="2026-05-02T17:09:48.414686+00:00" hostname="agent-env-7c1e40cd-81cd-42ec-921e-07b58fee5866"><testcase classname="tests.test_mua_pdf_export_iteration139" name="test_01_pdf_mua_yes_renders_details" time="4.229" /><testcase classname="tests.test_mua_pdf_export_iteration139" name="test_02_pdf_mua_no_no_details_block" time="3.481" /><testcase classname="tests.test_mua_pdf_export_iteration139" name="test_03_pdf_no_mua_field_no_leak" time="3.424" /><testcase classname="tests.test_mua_pdf_export_iteration139" name="test_04_ai_context_contains_mua_lines" time="2.232" /><testcase classname="tests.test_mua_pdf_export_iteration139" name="test_05_pdf_mua_yes_delayed_loading_full_arch" time="4.404" /></testsuite></testsuites>