<?xml version="1.0" encoding="utf-8"?><testsuites name="pytest tests"><testsuite name="pytest" errors="0" failures="0" skipped="0" tests="16" time="9.495" timestamp="2026-09-24T06:00:18.403739+00:00" hostname="agent-env-2f5ac596-8080-4669-8012-c5a5c0bfa649"><testcase classname="backend.tests.test_case_assistant_iter_jun2026.TestAssistantCandidates" name="test_student_excludes_self_and_only_students" time="2.048" /><testcase classname="backend.tests.test_case_assistant_iter_jun2026.TestAssistantCandidates" name="test_incharge_can_list" time="0.124" /><testcase classname="backend.tests.test_case_assistant_iter_jun2026.TestAssistantCandidates" name="test_nurse_forbidden" time="0.631" /><testcase classname="backend.tests.test_case_assistant_iter_jun2026.TestCreateWithAssistant" name="test_self_as_assistant_400" time="0.247" /><testcase classname="backend.tests.test_case_assistant_iter_jun2026.TestCreateWithAssistant" name="test_supervisor_as_assistant_400" time="0.114" /><testcase classname="backend.tests.test_case_assistant_iter_jun2026.TestCreateWithAssistant" name="test_other_student_ok" time="0.251" /><testcase classname="backend.tests.test_case_assistant_iter_jun2026.TestPatchAssistant" name="test_owner_remove_then_add" time="0.518" /><testcase classname="backend.tests.test_case_assistant_iter_jun2026.TestPatchAssistant" name="test_assistant_self_patch_403" time="0.116" /><testcase classname="backend.tests.test_case_assistant_iter_jun2026.TestPatchAssistant" name="test_unrelated_student_403" time="0.482" /><testcase classname="backend.tests.test_case_assistant_iter_jun2026.TestPatchAssistant" name="test_incharge_can_patch" time="0.148" /><testcase classname="backend.tests.test_case_assistant_iter_jun2026.TestApprovalNotification" name="test_full_phase1_approval_notifies_once" time="1.945" /><testcase classname="backend.tests.test_case_assistant_iter_jun2026.TestApprovalNotification" name="test_assistant_default_scope_hides_case" time="0.117" /><testcase classname="backend.tests.test_case_assistant_iter_jun2026.TestApprovalNotification" name="test_assistant_scope_shows_case" time="0.160" /><testcase classname="backend.tests.test_case_assistant_iter_jun2026.TestApprovalNotification" name="test_assistant_get_detail_readonly" time="0.223" /><testcase classname="backend.tests.test_case_assistant_iter_jun2026.TestApprovalNotification" name="test_assistant_cannot_edit" time="0.123" /><testcase classname="backend.tests.test_case_assistant_iter_jun2026.TestApprovalNotification" name="test_change_assistant_after_approval_dual_notifications" time="2.111" /></testsuite></testsuites>