<?xml version="1.0" encoding="utf-8"?><testsuites name="pytest tests"><testsuite name="pytest" errors="0" failures="0" skipped="1" tests="5" time="1.861" timestamp="2026-09-26T15:34:42.546096+00:00" hostname="agent-env-e1ab69d2-f271-42c2-a9ca-e117616317ec"><testcase classname="backend.tests.test_iter439_analytics_edges" name="test_far_past_range_empty" time="1.380" /><testcase classname="backend.tests.test_iter439_analytics_edges" name="test_distribution_sum_equals_anterior_cases" time="0.139" /><testcase classname="backend.tests.test_iter439_analytics_edges" name="test_every_factor_option_has_valid_risk" time="0.135" /><testcase classname="backend.tests.test_iter439_analytics_edges" name="test_unauth_blocked" time="0.144" /><testcase classname="backend.tests.test_iter439_analytics_edges" name="test_nurse_role_forbidden" time="0.000"><skipped type="pytest.skip" message="No nurse account in test_credentials.md">/app/backend/tests/test_iter439_analytics_edges.py:69: No nurse account in test_credentials.md</skipped></testcase></testsuite></testsuites>