<?xml version="1.0" encoding="utf-8"?><testsuites name="pytest tests"><testsuite name="pytest" errors="0" failures="0" skipped="0" tests="40" time="2.722" timestamp="2026-06-04T14:51:52.753531+00:00" hostname="agent-env-7c1e40cd-81cd-42ec-921e-07b58fee5866"><testcase classname="backend.tests.test_straumann_blx_iter283.TestAuth" name="test_admin_login" time="0.400" /><testcase classname="backend.tests.test_straumann_blx_iter283.TestAuth" name="test_student_login" time="0.297" /><testcase classname="backend.tests.test_straumann_blx_iter283.TestImplantSystemsBLX" name="test_all_four_blx_systems_present" time="0.443" /><testcase classname="backend.tests.test_straumann_blx_iter283.TestImplantSystemsBLX" name="test_rb_slactive_matrix" time="0.000" /><testcase classname="backend.tests.test_straumann_blx_iter283.TestImplantSystemsBLX" name="test_wb_slactive_matrix" time="0.000" /><testcase classname="backend.tests.test_straumann_blx_iter283.TestImplantSystemsBLX" name="test_rb_sla_matrix" time="0.000" /><testcase classname="backend.tests.test_straumann_blx_iter283.TestImplantSystemsBLX" name="test_wb_sla_matrix" time="0.000" /><testcase classname="backend.tests.test_straumann_blx_iter283.TestImplantSystemsBLX" name="test_indication_populated[BLX Roxolid SLActive - RB Platform]" time="0.000" /><testcase classname="backend.tests.test_straumann_blx_iter283.TestImplantSystemsBLX" name="test_indication_populated[BLX Roxolid SLActive - WB Platform]" time="0.000" /><testcase classname="backend.tests.test_straumann_blx_iter283.TestImplantSystemsBLX" name="test_indication_populated[BLX Roxolid SLA - RB Platform]" time="0.000" /><testcase classname="backend.tests.test_straumann_blx_iter283.TestImplantSystemsBLX" name="test_indication_populated[BLX Roxolid SLA - WB Platform]" time="0.000" /><testcase classname="backend.tests.test_straumann_blx_iter283.TestImplantSystemsBLX" name="test_slactive_includes_immediate_and_allon[BLX Roxolid SLActive - RB Platform]" time="0.000" /><testcase classname="backend.tests.test_straumann_blx_iter283.TestImplantSystemsBLX" name="test_slactive_includes_immediate_and_allon[BLX Roxolid SLActive - WB Platform]" time="0.000" /><testcase classname="backend.tests.test_straumann_blx_iter283.TestImplantSystemsBLX" name="test_sla_only_conventional[BLX Roxolid SLA - RB Platform]" time="0.000" /><testcase classname="backend.tests.test_straumann_blx_iter283.TestImplantSystemsBLX" name="test_sla_only_conventional[BLX Roxolid SLA - WB Platform]" time="0.001" /><testcase classname="backend.tests.test_straumann_blx_iter283.TestBLXDrillingProtocols" name="test_generate_each_bone_density[D1-BLX Roxolid SLActive - RB Platform-4.0-10]" time="0.054" /><testcase classname="backend.tests.test_straumann_blx_iter283.TestBLXDrillingProtocols" name="test_generate_each_bone_density[D1-BLX Roxolid SLActive - WB Platform-5.5-10]" time="0.056" /><testcase classname="backend.tests.test_straumann_blx_iter283.TestBLXDrillingProtocols" name="test_generate_each_bone_density[D1-BLX Roxolid SLA - RB Platform-4.0-10]" time="0.051" /><testcase classname="backend.tests.test_straumann_blx_iter283.TestBLXDrillingProtocols" name="test_generate_each_bone_density[D1-BLX Roxolid SLA - WB Platform-5.5-10]" time="0.055" /><testcase classname="backend.tests.test_straumann_blx_iter283.TestBLXDrillingProtocols" name="test_generate_each_bone_density[D2-BLX Roxolid SLActive - RB Platform-4.0-10]" time="0.050" /><testcase classname="backend.tests.test_straumann_blx_iter283.TestBLXDrillingProtocols" name="test_generate_each_bone_density[D2-BLX Roxolid SLActive - WB Platform-5.5-10]" time="0.055" /><testcase classname="backend.tests.test_straumann_blx_iter283.TestBLXDrillingProtocols" name="test_generate_each_bone_density[D2-BLX Roxolid SLA - RB Platform-4.0-10]" time="0.052" /><testcase classname="backend.tests.test_straumann_blx_iter283.TestBLXDrillingProtocols" name="test_generate_each_bone_density[D2-BLX Roxolid SLA - WB Platform-5.5-10]" time="0.054" /><testcase classname="backend.tests.test_straumann_blx_iter283.TestBLXDrillingProtocols" name="test_generate_each_bone_density[D3-BLX Roxolid SLActive - RB Platform-4.0-10]" time="0.051" /><testcase classname="backend.tests.test_straumann_blx_iter283.TestBLXDrillingProtocols" name="test_generate_each_bone_density[D3-BLX Roxolid SLActive - WB Platform-5.5-10]" time="0.053" /><testcase classname="backend.tests.test_straumann_blx_iter283.TestBLXDrillingProtocols" name="test_generate_each_bone_density[D3-BLX Roxolid SLA - RB Platform-4.0-10]" time="0.090" /><testcase classname="backend.tests.test_straumann_blx_iter283.TestBLXDrillingProtocols" name="test_generate_each_bone_density[D3-BLX Roxolid SLA - WB Platform-5.5-10]" time="0.054" /><testcase classname="backend.tests.test_straumann_blx_iter283.TestBLXDrillingProtocols" name="test_generate_each_bone_density[D4-BLX Roxolid SLActive - RB Platform-4.0-10]" time="0.052" /><testcase classname="backend.tests.test_straumann_blx_iter283.TestBLXDrillingProtocols" name="test_generate_each_bone_density[D4-BLX Roxolid SLActive - WB Platform-5.5-10]" time="0.054" /><testcase classname="backend.tests.test_straumann_blx_iter283.TestBLXDrillingProtocols" name="test_generate_each_bone_density[D4-BLX Roxolid SLA - RB Platform-4.0-10]" time="0.051" /><testcase classname="backend.tests.test_straumann_blx_iter283.TestBLXDrillingProtocols" name="test_generate_each_bone_density[D4-BLX Roxolid SLA - WB Platform-5.5-10]" time="0.052" /><testcase classname="backend.tests.test_straumann_blx_iter283.TestBLXDrillingProtocols" name="test_d1_includes_tap_and_profile" time="0.054" /><testcase classname="backend.tests.test_straumann_blx_iter283.TestBLXDrillingProtocols" name="test_d2_d3_has_profile_no_tap" time="0.109" /><testcase classname="backend.tests.test_straumann_blx_iter283.TestBLXDrillingProtocols" name="test_d4_no_profile_no_tap_and_one_drill_omitted" time="0.104" /><testcase classname="backend.tests.test_straumann_blx_iter283.TestBLXDrillingProtocols" name="test_wb_6_0_extended_ladder_d1" time="0.060" /><testcase classname="backend.tests.test_straumann_blx_iter283.TestExistingProtocolsRegression" name="test_existing_system_returns_steps[Alpha Bio-SPI-4.2-10-D2]" time="0.051" /><testcase classname="backend.tests.test_straumann_blx_iter283.TestExistingProtocolsRegression" name="test_existing_system_returns_steps[Neodent-Helix GM Acqua-4.0-10-D3]" time="0.050" /><testcase classname="backend.tests.test_straumann_blx_iter283.TestExistingProtocolsRegression" name="test_existing_system_returns_steps[BioHorizons-Tapered Pro Conical RBT-4.5-12-D1]" time="0.051" /><testcase classname="backend.tests.test_straumann_blx_iter283.TestExistingProtocolsRegression" name="test_existing_system_returns_steps[Dentsply Sirona-Ankylos C/X-4.5-11-D2]" time="0.048" /><testcase classname="backend.tests.test_straumann_blx_iter283.TestTipsDailyRegression" name="test_daily_tip_has_streak" time="0.062" /></testsuite></testsuites>