<?xml version="1.0" encoding="utf-8"?><testsuites name="pytest tests"><testsuite name="pytest" errors="0" failures="0" skipped="0" tests="9" time="9.289" timestamp="2026-05-04T08:49:33.466543+00:00" hostname="agent-env-7c1e40cd-81cd-42ec-921e-07b58fee5866"><testcase classname="backend.tests.test_implant_catalog_ai_iteration141.TestCatalogList" name="test_list_systems_authed" time="0.676" /><testcase classname="backend.tests.test_implant_catalog_ai_iteration141.TestCatalogList" name="test_list_requires_auth" time="0.113" /><testcase classname="backend.tests.test_implant_catalog_ai_iteration141.TestCatalogGetOne" name="test_get_ankylos" time="0.145" /><testcase classname="backend.tests.test_implant_catalog_ai_iteration141.TestCatalogGetOne" name="test_get_missing" time="0.102" /><testcase classname="backend.tests.test_implant_catalog_ai_iteration141.TestCatalogUpsert" name="test_admin_can_upsert" time="0.218" /><testcase classname="backend.tests.test_implant_catalog_ai_iteration141.TestCatalogUpsert" name="test_student_forbidden" time="0.450" /><testcase classname="backend.tests.test_implant_catalog_ai_iteration141.TestAskImplanrAI" name="test_scoped_ankylos" time="2.829" /><testcase classname="backend.tests.test_implant_catalog_ai_iteration141.TestAskImplanrAI" name="test_global_no_scope" time="4.088" /><testcase classname="backend.tests.test_implant_catalog_ai_iteration141.TestAskImplanrAI" name="test_question_required" time="0.488" /></testsuite></testsuites>