<?xml version="1.0" encoding="utf-8"?><testsuites name="pytest tests"><testsuite name="pytest" errors="0" failures="6" skipped="0" tests="15" time="2.326" timestamp="2026-05-10T14:18:57.862964+00:00" hostname="agent-env-7c1e40cd-81cd-42ec-921e-07b58fee5866"><testcase classname="backend.tests.test_existing_implants_iter211.TestExistingImplantsCreate" name="test_minimal_payload_creates_case" time="0.557"><failure message="AssertionError: 500: {&quot;error&quot;:&quot;Internal server error&quot;,&quot;detail&quot;:&quot;'case_id'&quot;}&#10;assert 500 == 200&#10; +  where 500 = &lt;Response [500]&gt;.status_code">backend/tests/test_existing_implants_iter211.py:57: in test_minimal_payload_creates_case
    assert r.status_code == 200, f"{r.status_code}: {r.text}"
E   AssertionError: 500: {"error":"Internal server error","detail":"'case_id'"}
E   assert 500 == 200
E    +  where 500 = &lt;Response [500]&gt;.status_code</failure></testcase><testcase classname="backend.tests.test_existing_implants_iter211.TestExistingImplantsCreate" name="test_system_unknown_implant" time="0.107"><failure message="AssertionError: {&quot;error&quot;:&quot;The 2:00 PM slot on 2026-06-19 is already booked for patient TEST_iter211A1 (scheduled by Dr. Abhijit Patil). Please choose a different time or date.&quot;,&quot;detail&quot;:&quot;The 2:00 PM slot on 2026-06-19 is already booked for patient TEST_iter211A1 (scheduled by Dr. Abhijit Patil). Please choose a different time or date.&quot;}&#10;assert 409 == 200&#10; +  where 409 = &lt;Response [409]&gt;.status_code">backend/tests/test_existing_implants_iter211.py:87: in test_system_unknown_implant
    assert r.status_code == 200, r.text
E   AssertionError: {"error":"The 2:00 PM slot on 2026-06-19 is already booked for patient TEST_iter211A1 (scheduled by Dr. Abhijit Patil). Please choose a different time or date.","detail":"The 2:00 PM slot on 2026-06-19 is already booked for patient TEST_iter211A1 (scheduled by Dr. Abhijit Patil). Please choose a different time or date."}
E   assert 409 == 200
E    +  where 409 = &lt;Response [409]&gt;.status_code</failure></testcase><testcase classname="backend.tests.test_existing_implants_iter211.TestExistingImplantsCreate" name="test_prosthesis_history_failed_round_trip" time="0.166"><failure message="AssertionError: {&quot;error&quot;:&quot;The 2:00 PM slot on 2026-06-19 is already booked for patient TEST_iter211A1 (scheduled by Dr. Abhijit Patil). Please choose a different time or date.&quot;,&quot;detail&quot;:&quot;The 2:00 PM slot on 2026-06-19 is already booked for patient TEST_iter211A1 (scheduled by Dr. Abhijit Patil). Please choose a different time or date.&quot;}&#10;assert 409 == 200&#10; +  where 409 = &lt;Response [409]&gt;.status_code">backend/tests/test_existing_implants_iter211.py:112: in test_prosthesis_history_failed_round_trip
    assert r.status_code == 200, r.text
E   AssertionError: {"error":"The 2:00 PM slot on 2026-06-19 is already booked for patient TEST_iter211A1 (scheduled by Dr. Abhijit Patil). Please choose a different time or date.","detail":"The 2:00 PM slot on 2026-06-19 is already booked for patient TEST_iter211A1 (scheduled by Dr. Abhijit Patil). Please choose a different time or date."}
E   assert 409 == 200
E    +  where 409 = &lt;Response [409]&gt;.status_code</failure></testcase><testcase classname="backend.tests.test_existing_implants_iter211.TestExistingImplantsCreate" name="test_empty_existing_implants_returns_422" time="0.118" /><testcase classname="backend.tests.test_existing_implants_iter211.TestExistingImplantsCreate" name="test_missing_required_field_returns_422[patient_name]" time="0.100" /><testcase classname="backend.tests.test_existing_implants_iter211.TestExistingImplantsCreate" name="test_missing_required_field_returns_422[registration_number]" time="0.150" /><testcase classname="backend.tests.test_existing_implants_iter211.TestExistingImplantsCreate" name="test_missing_required_field_returns_422[supervisor_id]" time="0.102" /><testcase classname="backend.tests.test_existing_implants_iter211.TestExistingImplantsCreate" name="test_missing_required_field_returns_422[implant_incharge_id]" time="0.148" /><testcase classname="backend.tests.test_existing_implants_iter211.TestExistingImplantsCreate" name="test_missing_required_field_returns_422[receipt_number]" time="0.111" /><testcase classname="backend.tests.test_existing_implants_iter211.TestExistingImplantsCreate" name="test_missing_required_field_returns_422[amount_paid]" time="0.118" /><testcase classname="backend.tests.test_existing_implants_iter211.TestExistingImplantsCreate" name="test_missing_required_field_returns_422[procedure_date]" time="0.107" /><testcase classname="backend.tests.test_existing_implants_iter211.TestExistingImplantsCreate" name="test_missing_required_field_returns_422[procedure_time]" time="0.110" /><testcase classname="backend.tests.test_existing_implants_iter211.TestExistingImplantsCreate" name="test_duplicate_slot_returns_409" time="0.103"><failure message="AssertionError: {&quot;error&quot;:&quot;Internal server error&quot;,&quot;detail&quot;:&quot;'case_id'&quot;}&#10;assert 500 == 200&#10; +  where 500 = &lt;Response [500]&gt;.status_code">backend/tests/test_existing_implants_iter211.py:150: in test_duplicate_slot_returns_409
    assert r1.status_code == 200, r1.text
E   AssertionError: {"error":"Internal server error","detail":"'case_id'"}
E   assert 500 == 200
E    +  where 500 = &lt;Response [500]&gt;.status_code</failure></testcase><testcase classname="backend.tests.test_existing_implants_iter211.TestExistingImplantsCreate" name="test_appears_in_procedures_list" time="0.104"><failure message="AssertionError: {&quot;error&quot;:&quot;The 2:00 PM slot on 2026-06-19 is already booked for patient TEST_iter211A1 (scheduled by Dr. Abhijit Patil). Please choose a different time or date.&quot;,&quot;detail&quot;:&quot;The 2:00 PM slot on 2026-06-19 is already booked for patient TEST_iter211A1 (scheduled by Dr. Abhijit Patil). Please choose a different time or date.&quot;}&#10;assert 409 == 200&#10; +  where 409 = &lt;Response [409]&gt;.status_code">backend/tests/test_existing_implants_iter211.py:159: in test_appears_in_procedures_list
    assert r.status_code == 200, r.text
E   AssertionError: {"error":"The 2:00 PM slot on 2026-06-19 is already booked for patient TEST_iter211A1 (scheduled by Dr. Abhijit Patil). Please choose a different time or date.","detail":"The 2:00 PM slot on 2026-06-19 is already booked for patient TEST_iter211A1 (scheduled by Dr. Abhijit Patil). Please choose a different time or date."}
E   assert 409 == 200
E    +  where 409 = &lt;Response [409]&gt;.status_code</failure></testcase><testcase classname="backend.tests.test_existing_implants_iter211.TestFreshCaseRegression" name="test_fresh_case_endpoint_still_accepts_minimal_payload" time="0.106"><failure message="AssertionError: 400: {&quot;error&quot;:&quot;Invalid loading type: Delayed&quot;,&quot;detail&quot;:&quot;Invalid loading type: Delayed&quot;}&#10;assert 400 in (200, 201)&#10; +  where 400 = &lt;Response [400]&gt;.status_code">backend/tests/test_existing_implants_iter211.py:192: in test_fresh_case_endpoint_still_accepts_minimal_payload
    assert r.status_code in (200, 201), f"{r.status_code}: {r.text[:400]}"
E   AssertionError: 400: {"error":"Invalid loading type: Delayed","detail":"Invalid loading type: Delayed"}
E   assert 400 in (200, 201)
E    +  where 400 = &lt;Response [400]&gt;.status_code</failure></testcase></testsuite></testsuites>