<?xml version="1.0" encoding="utf-8"?><testsuites name="pytest tests"><testsuite name="pytest" errors="0" failures="0" skipped="1" tests="22" time="5.233" timestamp="2026-04-24T07:38:42.562247+00:00" hostname="agent-env-f3d7131d-3eee-4316-bb36-0fec50049412"><testcase classname="tests.test_phase2_edit_request_iteration104.TestCreateRequest" name="test_student_create_success" time="0.925" /><testcase classname="tests.test_phase2_edit_request_iteration104.TestCreateRequest" name="test_duplicate_pending_returns_409" time="0.050" /><testcase classname="tests.test_phase2_edit_request_iteration104.TestCreateRequest" name="test_supervisor_forbidden_create" time="0.473" /><testcase classname="tests.test_phase2_edit_request_iteration104.TestCreateRequest" name="test_incharge_forbidden_create" time="0.657" /><testcase classname="tests.test_phase2_edit_request_iteration104.TestCreateRequest" name="test_empty_fields_and_note_returns_400" time="0.151" /><testcase classname="tests.test_phase2_edit_request_iteration104.TestCreateRequest" name="test_whitelist_filters_unknown_fields" time="0.266" /><testcase classname="tests.test_phase2_edit_request_iteration104.TestCreateRequest" name="test_note_only_is_accepted" time="0.286" /><testcase classname="tests.test_phase2_edit_request_iteration104.TestCreateRequest" name="test_phase2_not_submitted_returns_400" time="0.121" /><testcase classname="tests.test_phase2_edit_request_iteration104.TestCreateRequest" name="test_unknown_procedure_returns_404" time="0.052" /><testcase classname="tests.test_phase2_edit_request_iteration104.TestCancelRequest" name="test_student_cancel_own_request" time="0.264" /><testcase classname="tests.test_phase2_edit_request_iteration104.TestCancelRequest" name="test_cancel_already_cancelled_returns_400" time="0.096" /><testcase classname="tests.test_phase2_edit_request_iteration104.TestCancelRequest" name="test_supervisor_cannot_cancel_student_request" time="0.270" /><testcase classname="tests.test_phase2_edit_request_iteration104.TestCancelRequest" name="test_cancel_unknown_request_returns_404" time="0.049" /><testcase classname="tests.test_phase2_edit_request_iteration104.TestResolveRequest" name="test_student_cannot_resolve" time="0.271" /><testcase classname="tests.test_phase2_edit_request_iteration104.TestResolveRequest" name="test_incharge_patch_phase2_then_resolve" time="0.398" /><testcase classname="tests.test_phase2_edit_request_iteration104.TestResolveRequest" name="test_resolve_already_resolved_returns_400" time="0.092" /><testcase classname="tests.test_phase2_edit_request_iteration104.TestResolveRequest" name="test_supervisor_of_case_can_resolve" time="0.306" /><testcase classname="tests.test_phase2_edit_request_iteration104.TestRegression" name="test_dashboard_stats_200" time="0.049" /><testcase classname="tests.test_phase2_edit_request_iteration104.TestRegression" name="test_procedures_list_200" time="0.074" /><testcase classname="tests.test_phase2_edit_request_iteration104.TestRegression" name="test_whats_new_200" time="0.091" /><testcase classname="tests.test_phase2_edit_request_iteration104.TestRegression" name="test_case_report_pdf_still_builds" time="0.062" /><testcase classname="tests.test_phase2_edit_request_iteration104.TestRegression" name="test_drilling_protocol_pdf_200" time="0.139"><skipped type="pytest.skip" message="drilling-protocol PDF endpoint not found">/app/backend/tests/test_phase2_edit_request_iteration104.py:406: drilling-protocol PDF endpoint not found</skipped></testcase></testsuite></testsuites>