<?xml version="1.0" encoding="utf-8"?><testsuites name="pytest tests"><testsuite name="pytest" errors="0" failures="0" skipped="0" tests="12" time="1.857" timestamp="2026-04-25T17:45:14.848935+00:00" hostname="agent-env-f3d7131d-3eee-4316-bb36-0fec50049412"><testcase classname="backend.tests.test_phase1_bridge_fields_iteration107.TestBridgeFieldsAcceptedAndPersisted" name="test_put_accepts_bridge_fields" time="0.529" /><testcase classname="backend.tests.test_phase1_bridge_fields_iteration107.TestBridgeFieldsAcceptedAndPersisted" name="test_get_returns_persisted_bridge_fields" time="0.049" /><testcase classname="backend.tests.test_phase1_bridge_fields_iteration107.TestBridgeFieldValidation" name="test_bridge_design_over_200_returns_422" time="0.051" /><testcase classname="backend.tests.test_phase1_bridge_fields_iteration107.TestBridgeFieldValidation" name="test_bridge_design_at_200_is_accepted" time="0.050" /><testcase classname="backend.tests.test_phase1_bridge_fields_iteration107.TestBridgeFieldValidation" name="test_bridge_material_over_80_returns_422" time="0.051" /><testcase classname="backend.tests.test_phase1_bridge_fields_iteration107.TestBridgeFieldValidation" name="test_bridge_material_at_80_is_accepted" time="0.051" /><testcase classname="backend.tests.test_phase1_bridge_fields_iteration107.TestBridgeFieldValidation" name="test_bridge_pontics_must_be_list" time="0.051" /><testcase classname="backend.tests.test_phase1_bridge_fields_iteration107.TestBridgeFieldValidation" name="test_bridge_implants_must_be_list" time="0.049" /><testcase classname="backend.tests.test_phase1_bridge_fields_iteration107.TestPartialBridgeUpdate" name="test_partial_update_does_not_clobber_other_fields" time="0.151" /><testcase classname="backend.tests.test_phase1_bridge_fields_iteration107.TestCaseReportPdfBridgeEmission" name="test_pdf_contains_bridge_strings_when_set" time="0.170" /><testcase classname="backend.tests.test_phase1_bridge_fields_iteration107.TestCaseReportPdfBridgeEmission" name="test_pdf_works_when_bridge_fields_absent" time="0.131" /><testcase classname="backend.tests.test_phase1_bridge_fields_iteration107.TestBridgeFieldsRbac" name="test_student_cannot_put_bridge_on_others_procedure" time="0.455" /></testsuite></testsuites>