<?xml version="1.0" encoding="utf-8"?><testsuites name="pytest tests"><testsuite name="pytest" errors="0" failures="0" skipped="0" tests="4" time="1.279" timestamp="2026-07-12T15:45:49.174583+00:00" hostname="agent-env-7c1e40cd-81cd-42ec-921e-07b58fee5866"><testcase classname="backend.tests.test_survival_iter354_seedcase.TestSeedCasePhase2ApprovedStart" name="test_seed_case_ready" time="0.624" /><testcase classname="backend.tests.test_survival_iter354_seedcase.TestSeedCaseQ4aBoundary" name="test_one_failed_one_replaced_keeps_case_alive" time="0.211" /><testcase classname="backend.tests.test_survival_iter354_seedcase.TestSeedCaseQ4aAutoTerminate" name="test_both_failed_no_repl_auto_terminates" time="0.207" /><testcase classname="backend.tests.test_survival_iter354_seedcase.TestSeedCaseFreshNoAnnotations" name="test_fresh_case_no_active_in_treatment_key" time="0.101" /></testsuite></testsuites>