<?xml version="1.0" encoding="utf-8"?><testsuites name="pytest tests"><testsuite name="pytest" errors="0" failures="3" skipped="0" tests="9" time="3.284" timestamp="2026-04-27T13:32:09.476598+00:00" hostname="agent-env-f3d7131d-3eee-4316-bb36-0fec50049412"><testcase classname="backend.tests.test_safety_override_explain_iteration109.TestSafetyOverrideEndpoint" name="test_requires_auth" time="0.176" /><testcase classname="backend.tests.test_safety_override_explain_iteration109.TestSafetyOverrideEndpoint" name="test_422_when_context_missing" time="0.502" /><testcase classname="backend.tests.test_safety_override_explain_iteration109.TestSafetyOverrideEndpoint" name="test_safety_override_happy_path_and_persisted" time="1.111" /><testcase classname="backend.tests.test_safety_override_explain_iteration109.TestAccessLogsRBAC" name="test_student_forbidden" time="0.114" /><testcase classname="backend.tests.test_safety_override_explain_iteration109.TestAccessLogsRBAC" name="test_supervisor_forbidden" time="0.449" /><testcase classname="backend.tests.test_safety_override_explain_iteration109.TestAccessLogsRBAC" name="test_admin_allowed" time="0.118" /><testcase classname="backend.tests.test_safety_override_explain_iteration109.TestAiExplainStandalone" name="test_known_system_returns_explanation" time="0.180"><failure message="AssertionError: explain-standalone failed: 500 {&quot;error&quot;:&quot;Internal server error&quot;,&quot;detail&quot;:&quot;Failed to generate chat completion: litellm.AuthenticationError: AuthenticationError: OpenAIException - The api_key client option must be set either by passing api_key to the client or by setting the OPENAI_API_KEY environment variable&quot;}&#10;assert 500 == 200&#10; +  where 500 = &lt;Response [500]&gt;.status_code">E   AssertionError: explain-standalone failed: 500 {"error":"Internal server error","detail":"Failed to generate chat completion: litellm.AuthenticationError: AuthenticationError: OpenAIException - The api_key client option must be set either by passing api_key to the client or by setting the OPENAI_API_KEY environment variable"}
    assert 500 == 200
     +  where 500 = &lt;Response [500]&gt;.status_code</failure></testcase><testcase classname="backend.tests.test_safety_override_explain_iteration109.TestAiExplainStandalone" name="test_unknown_system_still_works" time="0.142"><failure message="AssertionError: explain-standalone with unknown system failed: 500 {&quot;error&quot;:&quot;Internal server error&quot;,&quot;detail&quot;:&quot;Failed to generate chat completion: litellm.AuthenticationError: AuthenticationError: OpenAIException - The api_key client option must be set either by passing api_key to the client or by setting the OPENAI_API_KEY environment variable&quot;}&#10;assert 500 == 200&#10; +  where 500 = &lt;Response [500]&gt;.status_code">E   AssertionError: explain-standalone with unknown system failed: 500 {"error":"Internal server error","detail":"Failed to generate chat completion: litellm.AuthenticationError: AuthenticationError: OpenAIException - The api_key client option must be set either by passing api_key to the client or by setting the OPENAI_API_KEY environment variable"}
    assert 500 == 200
     +  where 500 = &lt;Response [500]&gt;.status_code</failure></testcase><testcase classname="backend.tests.test_safety_override_explain_iteration109.TestAiExplainRecommendationRegression" name="test_explain_recommendation_returns_text" time="0.420"><failure message="AssertionError: explain-recommendation failed: 500 {&quot;error&quot;:&quot;Internal server error&quot;,&quot;detail&quot;:&quot;Failed to generate chat completion: litellm.AuthenticationError: AuthenticationError: OpenAIException - The api_key client option must be set either by passing api_key to the client or by setting the OPENAI_API_KEY environment variable&quot;}&#10;assert 500 == 200&#10; +  where 500 = &lt;Response [500]&gt;.status_code">E   AssertionError: explain-recommendation failed: 500 {"error":"Internal server error","detail":"Failed to generate chat completion: litellm.AuthenticationError: AuthenticationError: OpenAIException - The api_key client option must be set either by passing api_key to the client or by setting the OPENAI_API_KEY environment variable"}
    assert 500 == 200
     +  where 500 = &lt;Response [500]&gt;.status_code</failure></testcase></testsuite></testsuites>