<?xml version="1.0" encoding="utf-8"?><testsuites name="pytest tests"><testsuite name="pytest" errors="0" failures="0" skipped="0" tests="45" time="46.441" timestamp="2026-08-23T02:39:33.912297+00:00" hostname="agent-env-2f5ac596-8080-4669-8012-c5a5c0bfa649"><testcase classname="backend.tests.test_iter_feb2026_single_conventional.TestAsk1CreatePersistsSCFields" name="test_create_and_get_persists_all_four" time="1.600" /><testcase classname="backend.tests.test_iter_feb2026_single_conventional.TestAsk2PutUpdatesSCFields" name="test_put_updates_sc_fields" time="0.348" /><testcase classname="backend.tests.test_iter_feb2026_single_conventional.TestAsk3Phase2ProsthesisType" name="test_phase2_prosthesis_type_persisted_verbatim" time="0.237" /><testcase classname="backend.tests.test_iter_feb2026_single_conventional.TestAsk4Phase4Step1AuditAndPersist" name="test_persist_sc_final_fields_and_audit" time="0.631" /><testcase classname="backend.tests.test_iter_feb2026_single_conventional.TestAsk5PdfLabels" name="test_case_report_pdf_contains_sc_labels" time="0.648" /><testcase classname="backend.tests.test_iter_feb2026_single_conventional.TestAsk6NonSCRegression" name="test_multi_conv_create_and_update_no_sc_fields" time="0.329" /><testcase classname="backend.tests.test_iter_feb2026_b_multi_fullarch_zygoma.TestGroupACreate" name="test_multi_conv_immediate_loading_persists_all_ma_fields" time="1.384" /><testcase classname="backend.tests.test_iter_feb2026_b_multi_fullarch_zygoma.TestGroupBCreate" name="test_all_on_x_persists_fa_plan[All on 4]" time="0.216" /><testcase classname="backend.tests.test_iter_feb2026_b_multi_fullarch_zygoma.TestGroupBCreate" name="test_all_on_x_persists_fa_plan[All on 6]" time="0.225" /><testcase classname="backend.tests.test_iter_feb2026_b_multi_fullarch_zygoma.TestGroupBCreate" name="test_all_on_x_persists_fa_plan[All on X]" time="0.232" /><testcase classname="backend.tests.test_iter_feb2026_b_multi_fullarch_zygoma.TestGroupCCreate" name="test_zygoma_variants_persist_zp_plan[Quad Zygoma Implants]" time="0.280" /><testcase classname="backend.tests.test_iter_feb2026_b_multi_fullarch_zygoma.TestGroupCCreate" name="test_zygoma_variants_persist_zp_plan[Zygoma and Pterygoid Implants]" time="0.263" /><testcase classname="backend.tests.test_iter_feb2026_b_multi_fullarch_zygoma.TestGroupCCreate" name="test_zygoma_variants_persist_zp_plan[Zygoma and Conventional Implants]" time="0.234" /><testcase classname="backend.tests.test_iter_feb2026_b_multi_fullarch_zygoma.TestGroupCCreate" name="test_zygoma_variants_persist_zp_plan[Zygoma, Pterygoid and Conventional Implants]" time="0.239" /><testcase classname="backend.tests.test_iter_feb2026_b_multi_fullarch_zygoma.TestPterygoidConvIsGroupA" name="test_pterygoid_conv_accepts_ma_fields" time="0.242" /><testcase classname="backend.tests.test_iter_feb2026_b_multi_fullarch_zygoma.TestOtherHandling" name="test_ma_prosthesis_type_other" time="0.221" /><testcase classname="backend.tests.test_iter_feb2026_b_multi_fullarch_zygoma.TestOtherHandling" name="test_fa_prosthetic_plan_other" time="0.225" /><testcase classname="backend.tests.test_iter_feb2026_b_multi_fullarch_zygoma.TestOtherHandling" name="test_zp_prosthetic_plan_other" time="0.307" /><testcase classname="backend.tests.test_iter_feb2026_b_multi_fullarch_zygoma.TestPutUpdates" name="test_put_group_a_fields" time="0.328" /><testcase classname="backend.tests.test_iter_feb2026_b_multi_fullarch_zygoma.TestPutUpdates" name="test_put_group_b_and_c" time="0.748" /><testcase classname="backend.tests.test_iter_feb2026_b_multi_fullarch_zygoma.TestPhase4AuditGroupA" name="test_group_a_phase4_persist_and_audit" time="0.546" /><testcase classname="backend.tests.test_iter_feb2026_b_multi_fullarch_zygoma.TestPhase4AuditGroupB" name="test_group_b_phase4_persist_and_audit" time="0.571" /><testcase classname="backend.tests.test_iter_feb2026_b_multi_fullarch_zygoma.TestPhase4AuditGroupC" name="test_group_c_phase4_persist_and_audit" time="0.583" /><testcase classname="backend.tests.test_iter_feb2026_b_multi_fullarch_zygoma.TestPdfLabels" name="test_group_a_pdf_labels" time="0.403" /><testcase classname="backend.tests.test_iter_feb2026_b_multi_fullarch_zygoma.TestPdfLabels" name="test_group_b_pdf_labels" time="0.423" /><testcase classname="backend.tests.test_iter_feb2026_b_multi_fullarch_zygoma.TestPdfLabels" name="test_group_c_pdf_labels" time="0.369" /><testcase classname="backend.tests.test_iter_feb2026_b_multi_fullarch_zygoma.TestNonGroupRegression" name="test_non_group_create_and_update_no_group_fields_leaked[Immediate Implant]" time="0.328" /><testcase classname="backend.tests.test_iter_feb2026_b_multi_fullarch_zygoma.TestNonGroupRegression" name="test_non_group_create_and_update_no_group_fields_leaked[Guided Surgery]" time="0.310" /><testcase classname="backend.tests.test_iter_feb2026_c_sc_other_and_overlap.TestSCPhase1OtherFields" name="test_sc_all_other_fields_post_and_put" time="1.502" /><testcase classname="backend.tests.test_iter_feb2026_c_sc_other_and_overlap.TestSCPhase4OtherAudit" name="test_sc_final_abutment_other_persist_and_audit" time="0.589" /><testcase classname="backend.tests.test_iter_feb2026_c_sc_other_and_overlap.TestOverlapSingleImplantSC" name="test_overlap_single_implant_sc_flow[Immediate Implant]" time="0.457" /><testcase classname="backend.tests.test_iter_feb2026_c_sc_other_and_overlap.TestOverlapSingleImplantSC" name="test_overlap_single_implant_sc_flow[Partial Extraction Therapy]" time="0.445" /><testcase classname="backend.tests.test_iter_feb2026_c_sc_other_and_overlap.TestOverlapSingleImplantSC" name="test_overlap_single_implant_sc_flow[Implant Placement with Guided Bone Regeneration]" time="0.439" /><testcase classname="backend.tests.test_iter_feb2026_c_sc_other_and_overlap.TestOverlapSingleImplantSC" name="test_overlap_single_implant_sc_flow[Guided Surgery]" time="0.443" /><testcase classname="backend.tests.test_iter_feb2026_c_sc_other_and_overlap.TestOverlapSingleImplantSC" name="test_overlap_single_implant_sc_flow[Sinus Lift]" time="0.465" /><testcase classname="backend.tests.test_iter_feb2026_c_sc_other_and_overlap.TestOverlapMultipleImplantsGroupA" name="test_overlap_multiple_implants_group_a_flow[Immediate Implant]" time="0.469" /><testcase classname="backend.tests.test_iter_feb2026_c_sc_other_and_overlap.TestOverlapMultipleImplantsGroupA" name="test_overlap_multiple_implants_group_a_flow[Partial Extraction Therapy]" time="0.466" /><testcase classname="backend.tests.test_iter_feb2026_c_sc_other_and_overlap.TestOverlapMultipleImplantsGroupA" name="test_overlap_multiple_implants_group_a_flow[Implant Placement with Guided Bone Regeneration]" time="25.580" /><testcase classname="backend.tests.test_iter_feb2026_c_sc_other_and_overlap.TestOverlapMultipleImplantsGroupA" name="test_overlap_multiple_implants_group_a_flow[Guided Surgery]" time="0.475" /><testcase classname="backend.tests.test_iter_feb2026_c_sc_other_and_overlap.TestOverlapMultipleImplantsGroupA" name="test_overlap_multiple_implants_group_a_flow[Sinus Lift]" time="0.473" /><testcase classname="backend.tests.test_iter_feb2026_c_sc_other_and_overlap.TestOverlapPdfLabels" name="test_overlap_single_implant_pdf_has_sc_labels" time="0.413" /><testcase classname="backend.tests.test_iter_feb2026_c_sc_other_and_overlap.TestOverlapPdfLabels" name="test_overlap_multiple_implants_pdf_has_group_a_labels" time="0.413" /><testcase classname="backend.tests.test_iter_feb2026_c_sc_other_and_overlap.TestNonOverlapRegression" name="test_overlap_without_num_implants_no_workflow_fields_required[Immediate Implant]" time="0.358" /><testcase classname="backend.tests.test_iter_feb2026_c_sc_other_and_overlap.TestNonOverlapRegression" name="test_overlap_without_num_implants_no_workflow_fields_required[Partial Extraction Therapy]" time="0.312" /><testcase classname="backend.tests.test_iter_feb2026_c_sc_other_and_overlap.TestNonOverlapRegression" name="test_overlap_without_num_implants_no_workflow_fields_required[Guided Surgery]" time="0.354" /></testsuite></testsuites>