<?xml version="1.0" encoding="utf-8"?><testsuites name="pytest tests"><testsuite name="pytest" errors="0" failures="0" skipped="0" tests="7" time="2.497" timestamp="2026-08-17T17:42:36.874740+00:00" hostname="agent-env-d0d5eeda-f2f3-4ca3-8871-0381c5caba43"><testcase classname="backend.tests.test_zygoma_pterygoid_v2_iter323" name="test_case_form_options_has_15_procedure_types" time="0.771" /><testcase classname="backend.tests.test_zygoma_pterygoid_v2_iter323" name="test_create_procedure_zygoma_pterygoid_conventional" time="0.742" /><testcase classname="backend.tests.test_zygoma_pterygoid_v2_iter323" name="test_create_procedure_pterygoid_and_conventional" time="0.281" /><testcase classname="backend.tests.test_zygoma_pterygoid_v2_iter323" name="test_reject_invalid_procedure_type" time="0.181" /><testcase classname="backend.tests.test_zygoma_pterygoid_v2_iter323" name="test_implant_library_advanced_returns_two" time="0.140" /><testcase classname="backend.tests.test_zygoma_pterygoid_v2_iter323" name="test_implant_library_all_returns_at_least_76" time="0.142" /><testcase classname="backend.tests.test_zygoma_pterygoid_v2_iter323" name="test_implant_library_conventional_default_no_advanced" time="0.167" /></testsuite></testsuites>