<?xml version="1.0" encoding="utf-8"?><testsuites name="pytest tests"><testsuite name="pytest" errors="0" failures="0" skipped="0" tests="13" time="2.478" timestamp="2026-07-12T05:07:20.862437+00:00" hostname="agent-env-7c1e40cd-81cd-42ec-921e-07b58fee5866"><testcase classname="backend.tests.test_survival_iter348" name="test_admin_login_ok" time="0.365" /><testcase classname="backend.tests.test_survival_iter348" name="test_student_login_ok" time="0.345" /><testcase classname="backend.tests.test_survival_iter348" name="test_end_treatment_missing_decision_maker" time="0.115" /><testcase classname="backend.tests.test_survival_iter348" name="test_end_treatment_missing_reason" time="0.101" /><testcase classname="backend.tests.test_survival_iter348" name="test_replacement_requires_placement_date" time="0.101" /><testcase classname="backend.tests.test_survival_iter348" name="test_end_treatment_happy_path_on_ended_case" time="0.195" /><testcase classname="backend.tests.test_survival_iter348" name="test_analytics_admin_shape" time="0.098" /><testcase classname="backend.tests.test_survival_iter348" name="test_analytics_student_scope" time="0.110" /><testcase classname="backend.tests.test_survival_iter348" name="test_analytics_supervisor_ok" time="0.442" /><testcase classname="backend.tests.test_survival_iter348" name="test_analytics_student_less_than_admin" time="0.248" /><testcase classname="backend.tests.test_survival_iter348" name="test_export_csv_student_forbidden" time="0.103" /><testcase classname="backend.tests.test_survival_iter348" name="test_export_csv_supervisor_forbidden" time="0.100" /><testcase classname="backend.tests.test_survival_iter348" name="test_export_csv_admin_ok" time="0.097" /></testsuite></testsuites>