<?xml version="1.0" encoding="utf-8"?><testsuites name="pytest tests"><testsuite name="pytest" errors="0" failures="0" skipped="1" tests="20" time="13.488" timestamp="2026-04-24T13:55:22.313823+00:00" hostname="agent-env-f3d7131d-3eee-4316-bb36-0fec50049412"><testcase classname="backend.tests.test_hipaa_audit_logs_iteration105.TestLoginAudit" name="test_failed_login_writes_failure_row" time="1.690" /><testcase classname="backend.tests.test_hipaa_audit_logs_iteration105.TestLoginAudit" name="test_success_login_writes_success_row" time="0.605" /><testcase classname="backend.tests.test_hipaa_audit_logs_iteration105.TestLoginAudit" name="test_wrong_password_writes_failure_row" time="1.941" /><testcase classname="backend.tests.test_hipaa_audit_logs_iteration105.TestProcedureViewAudit" name="test_success_view_writes_row" time="1.270" /><testcase classname="backend.tests.test_hipaa_audit_logs_iteration105.TestProcedureViewAudit" name="test_forbidden_view_writes_denied_row" time="1.714" /><testcase classname="backend.tests.test_hipaa_audit_logs_iteration105.TestPdfExportAudit" name="test_case_report_export_writes_row" time="1.239" /><testcase classname="backend.tests.test_hipaa_audit_logs_iteration105.TestAdminAccessLogsEndpoint" name="test_rbac_student_forbidden" time="0.466" /><testcase classname="backend.tests.test_hipaa_audit_logs_iteration105.TestAdminAccessLogsEndpoint" name="test_rbac_supervisor_forbidden" time="0.494" /><testcase classname="backend.tests.test_hipaa_audit_logs_iteration105.TestAdminAccessLogsEndpoint" name="test_rbac_nurse_forbidden" time="0.488" /><testcase classname="backend.tests.test_hipaa_audit_logs_iteration105.TestAdminAccessLogsEndpoint" name="test_paginated_sorted_desc_no_objectid" time="0.131" /><testcase classname="backend.tests.test_hipaa_audit_logs_iteration105.TestAdminAccessLogsEndpoint" name="test_total_count_matches_query" time="0.221" /><testcase classname="backend.tests.test_hipaa_audit_logs_iteration105.TestAdminAccessLogsEndpoint" name="test_filter_user_id" time="1.356" /><testcase classname="backend.tests.test_hipaa_audit_logs_iteration105.TestAdminAccessLogsEndpoint" name="test_filter_action" time="0.130" /><testcase classname="backend.tests.test_hipaa_audit_logs_iteration105.TestAdminAccessLogsEndpoint" name="test_filter_resource_type_and_id" time="1.020" /><testcase classname="backend.tests.test_hipaa_audit_logs_iteration105.TestAdminAccessLogsEndpoint" name="test_filter_outcome" time="0.110" /><testcase classname="backend.tests.test_hipaa_audit_logs_iteration105.TestAdminAccessLogsEndpoint" name="test_combined_filters" time="0.134" /><testcase classname="backend.tests.test_hipaa_audit_logs_iteration105.TestAdminAccessLogsEndpoint" name="test_limit_validation_below" time="0.107" /><testcase classname="backend.tests.test_hipaa_audit_logs_iteration105.TestAdminAccessLogsEndpoint" name="test_limit_validation_above" time="0.114" /><testcase classname="backend.tests.test_hipaa_audit_logs_iteration105.TestAdminAccessLogsEndpoint" name="test_skip_validation_negative" time="0.107" /><testcase classname="backend.tests.test_hipaa_audit_logs_iteration105.TestAccessLogIndexes" name="test_indexes_present" time="0.069"><skipped type="pytest.skip" message="MONGO_URL/DB_NAME not set in test env">/app/backend/tests/test_hipaa_audit_logs_iteration105.py:379: MONGO_URL/DB_NAME not set in test env</skipped></testcase></testsuite></testsuites>