<?xml version="1.0" encoding="utf-8"?><testsuites name="pytest tests"><testsuite name="pytest" errors="0" failures="0" skipped="0" tests="77" time="4.011" timestamp="2026-06-04T16:02:40.732622+00:00" hostname="agent-env-7c1e40cd-81cd-42ec-921e-07b58fee5866"><testcase classname="backend.tests.test_adin_implants_iter284.TestAuth" name="test_admin_login" time="0.434" /><testcase classname="backend.tests.test_adin_implants_iter284.TestAuth" name="test_student_login" time="0.404" /><testcase classname="backend.tests.test_adin_implants_iter284.TestAdinSystemMatrix" name="test_all_systems_present" time="0.121" /><testcase classname="backend.tests.test_adin_implants_iter284.TestAdinSystemMatrix" name="test_matrix_per_system[UNP CloseFit-dia_map0]" time="0.000" /><testcase classname="backend.tests.test_adin_implants_iter284.TestAdinSystemMatrix" name="test_matrix_per_system[NP CloseFit-dia_map1]" time="0.000" /><testcase classname="backend.tests.test_adin_implants_iter284.TestAdinSystemMatrix" name="test_matrix_per_system[RP CloseFit-dia_map2]" time="0.000" /><testcase classname="backend.tests.test_adin_implants_iter284.TestAdinSystemMatrix" name="test_matrix_per_system[WP CloseFit-dia_map3]" time="0.000" /><testcase classname="backend.tests.test_adin_implants_iter284.TestAdinSystemMatrix" name="test_matrix_per_system[Touareg-OS-dia_map4]" time="0.000" /><testcase classname="backend.tests.test_adin_implants_iter284.TestAdinSystemMatrix" name="test_matrix_per_system[Touareg-S-dia_map5]" time="0.000" /><testcase classname="backend.tests.test_adin_implants_iter284.TestAdinSystemMatrix" name="test_matrix_per_system[Swell-dia_map6]" time="0.000" /><testcase classname="backend.tests.test_adin_implants_iter284.TestAdinSystemMatrix" name="test_matrix_per_system[One-dia_map7]" time="0.000" /><testcase classname="backend.tests.test_adin_implants_iter284.TestAdinSystemMatrix" name="test_total_adin_rows" time="0.000" /><testcase classname="backend.tests.test_adin_implants_iter284.TestAdinSystemMatrix" name="test_brand_capitalization" time="0.000" /><testcase classname="backend.tests.test_adin_implants_iter284.TestAdinSystemMatrix" name="test_indication_payload[UNP CloseFit]" time="0.000" /><testcase classname="backend.tests.test_adin_implants_iter284.TestAdinSystemMatrix" name="test_indication_payload[NP CloseFit]" time="0.000" /><testcase classname="backend.tests.test_adin_implants_iter284.TestAdinSystemMatrix" name="test_indication_payload[RP CloseFit]" time="0.000" /><testcase classname="backend.tests.test_adin_implants_iter284.TestAdinSystemMatrix" name="test_indication_payload[WP CloseFit]" time="0.000" /><testcase classname="backend.tests.test_adin_implants_iter284.TestAdinSystemMatrix" name="test_indication_payload[Touareg-OS]" time="0.000" /><testcase classname="backend.tests.test_adin_implants_iter284.TestAdinSystemMatrix" name="test_indication_payload[Touareg-S]" time="0.000" /><testcase classname="backend.tests.test_adin_implants_iter284.TestAdinSystemMatrix" name="test_indication_payload[Swell]" time="0.000" /><testcase classname="backend.tests.test_adin_implants_iter284.TestAdinSystemMatrix" name="test_indication_payload[One]" time="0.000" /><testcase classname="backend.tests.test_adin_implants_iter284.TestAdinIndications" name="test_all_on_x_systems[Touareg-OS]" time="0.000" /><testcase classname="backend.tests.test_adin_implants_iter284.TestAdinIndications" name="test_all_on_x_systems[Touareg-S]" time="0.000" /><testcase classname="backend.tests.test_adin_implants_iter284.TestAdinIndications" name="test_all_on_x_systems[WP CloseFit]" time="0.000" /><testcase classname="backend.tests.test_adin_implants_iter284.TestAdinIndications" name="test_immediate_no_all_on_x[NP CloseFit]" time="0.000" /><testcase classname="backend.tests.test_adin_implants_iter284.TestAdinIndications" name="test_immediate_no_all_on_x[RP CloseFit]" time="0.000" /><testcase classname="backend.tests.test_adin_implants_iter284.TestAdinIndications" name="test_immediate_no_all_on_x[Swell]" time="0.000" /><testcase classname="backend.tests.test_adin_implants_iter284.TestAdinIndications" name="test_immediate_no_all_on_x[UNP CloseFit]" time="0.000" /><testcase classname="backend.tests.test_adin_implants_iter284.TestAdinIndications" name="test_one_system_minimal" time="0.000" /><testcase classname="backend.tests.test_adin_implants_iter284.TestAdinIndications" name="test_bone_types_d1_d4[UNP CloseFit]" time="0.000" /><testcase classname="backend.tests.test_adin_implants_iter284.TestAdinIndications" name="test_bone_types_d1_d4[NP CloseFit]" time="0.000" /><testcase classname="backend.tests.test_adin_implants_iter284.TestAdinIndications" name="test_bone_types_d1_d4[RP CloseFit]" time="0.000" /><testcase classname="backend.tests.test_adin_implants_iter284.TestAdinIndications" name="test_bone_types_d1_d4[WP CloseFit]" time="0.000" /><testcase classname="backend.tests.test_adin_implants_iter284.TestAdinIndications" name="test_bone_types_d1_d4[Touareg-OS]" time="0.000" /><testcase classname="backend.tests.test_adin_implants_iter284.TestAdinIndications" name="test_bone_types_d1_d4[Touareg-S]" time="0.000" /><testcase classname="backend.tests.test_adin_implants_iter284.TestAdinIndications" name="test_bone_types_d1_d4[Swell]" time="0.000" /><testcase classname="backend.tests.test_adin_implants_iter284.TestAdinIndications" name="test_bone_types_d1_d4[One]" time="0.000" /><testcase classname="backend.tests.test_adin_implants_iter284.TestAdinDrillingProtocols" name="test_protocol_per_bone[D1-UNP CloseFit]" time="0.070" /><testcase classname="backend.tests.test_adin_implants_iter284.TestAdinDrillingProtocols" name="test_protocol_per_bone[D1-NP CloseFit]" time="0.066" /><testcase classname="backend.tests.test_adin_implants_iter284.TestAdinDrillingProtocols" name="test_protocol_per_bone[D1-RP CloseFit]" time="0.060" /><testcase classname="backend.tests.test_adin_implants_iter284.TestAdinDrillingProtocols" name="test_protocol_per_bone[D1-WP CloseFit]" time="0.060" /><testcase classname="backend.tests.test_adin_implants_iter284.TestAdinDrillingProtocols" name="test_protocol_per_bone[D1-Touareg-OS]" time="0.079" /><testcase classname="backend.tests.test_adin_implants_iter284.TestAdinDrillingProtocols" name="test_protocol_per_bone[D1-Touareg-S]" time="0.062" /><testcase classname="backend.tests.test_adin_implants_iter284.TestAdinDrillingProtocols" name="test_protocol_per_bone[D1-Swell]" time="0.062" /><testcase classname="backend.tests.test_adin_implants_iter284.TestAdinDrillingProtocols" name="test_protocol_per_bone[D1-One]" time="0.073" /><testcase classname="backend.tests.test_adin_implants_iter284.TestAdinDrillingProtocols" name="test_protocol_per_bone[D2-UNP CloseFit]" time="0.071" /><testcase classname="backend.tests.test_adin_implants_iter284.TestAdinDrillingProtocols" name="test_protocol_per_bone[D2-NP CloseFit]" time="0.061" /><testcase classname="backend.tests.test_adin_implants_iter284.TestAdinDrillingProtocols" name="test_protocol_per_bone[D2-RP CloseFit]" time="0.272" /><testcase classname="backend.tests.test_adin_implants_iter284.TestAdinDrillingProtocols" name="test_protocol_per_bone[D2-WP CloseFit]" time="0.084" /><testcase classname="backend.tests.test_adin_implants_iter284.TestAdinDrillingProtocols" name="test_protocol_per_bone[D2-Touareg-OS]" time="0.062" /><testcase classname="backend.tests.test_adin_implants_iter284.TestAdinDrillingProtocols" name="test_protocol_per_bone[D2-Touareg-S]" time="0.067" /><testcase classname="backend.tests.test_adin_implants_iter284.TestAdinDrillingProtocols" name="test_protocol_per_bone[D2-Swell]" time="0.065" /><testcase classname="backend.tests.test_adin_implants_iter284.TestAdinDrillingProtocols" name="test_protocol_per_bone[D2-One]" time="0.056" /><testcase classname="backend.tests.test_adin_implants_iter284.TestAdinDrillingProtocols" name="test_protocol_per_bone[D3-UNP CloseFit]" time="0.160" /><testcase classname="backend.tests.test_adin_implants_iter284.TestAdinDrillingProtocols" name="test_protocol_per_bone[D3-NP CloseFit]" time="0.057" /><testcase classname="backend.tests.test_adin_implants_iter284.TestAdinDrillingProtocols" name="test_protocol_per_bone[D3-RP CloseFit]" time="0.061" /><testcase classname="backend.tests.test_adin_implants_iter284.TestAdinDrillingProtocols" name="test_protocol_per_bone[D3-WP CloseFit]" time="0.061" /><testcase classname="backend.tests.test_adin_implants_iter284.TestAdinDrillingProtocols" name="test_protocol_per_bone[D3-Touareg-OS]" time="0.054" /><testcase classname="backend.tests.test_adin_implants_iter284.TestAdinDrillingProtocols" name="test_protocol_per_bone[D3-Touareg-S]" time="0.062" /><testcase classname="backend.tests.test_adin_implants_iter284.TestAdinDrillingProtocols" name="test_protocol_per_bone[D3-Swell]" time="0.064" /><testcase classname="backend.tests.test_adin_implants_iter284.TestAdinDrillingProtocols" name="test_protocol_per_bone[D3-One]" time="0.063" /><testcase classname="backend.tests.test_adin_implants_iter284.TestAdinDrillingProtocols" name="test_protocol_per_bone[D4-UNP CloseFit]" time="0.071" /><testcase classname="backend.tests.test_adin_implants_iter284.TestAdinDrillingProtocols" name="test_protocol_per_bone[D4-NP CloseFit]" time="0.080" /><testcase classname="backend.tests.test_adin_implants_iter284.TestAdinDrillingProtocols" name="test_protocol_per_bone[D4-RP CloseFit]" time="0.061" /><testcase classname="backend.tests.test_adin_implants_iter284.TestAdinDrillingProtocols" name="test_protocol_per_bone[D4-WP CloseFit]" time="0.061" /><testcase classname="backend.tests.test_adin_implants_iter284.TestAdinDrillingProtocols" name="test_protocol_per_bone[D4-Touareg-OS]" time="0.056" /><testcase classname="backend.tests.test_adin_implants_iter284.TestAdinDrillingProtocols" name="test_protocol_per_bone[D4-Touareg-S]" time="0.063" /><testcase classname="backend.tests.test_adin_implants_iter284.TestAdinDrillingProtocols" name="test_protocol_per_bone[D4-Swell]" time="0.066" /><testcase classname="backend.tests.test_adin_implants_iter284.TestAdinDrillingProtocols" name="test_protocol_per_bone[D4-One]" time="0.103" /><testcase classname="backend.tests.test_adin_implants_iter284.TestAdinDrillingProtocols" name="test_unp_closefit_two_steps" time="0.068" /><testcase classname="backend.tests.test_adin_implants_iter284.TestAdinDrillingProtocols" name="test_touareg_os_6mm_d1_full_ladder" time="0.060" /><testcase classname="backend.tests.test_adin_implants_iter284.TestExistingBrandsRegression" name="test_existing_protocols_still_work[Straumann-BLX Roxolid SLActive - RB Platform-4.0-12-D2]" time="0.064" /><testcase classname="backend.tests.test_adin_implants_iter284.TestExistingBrandsRegression" name="test_existing_protocols_still_work[Alpha Bio-SPI-4.2-10-D2]" time="0.061" /><testcase classname="backend.tests.test_adin_implants_iter284.TestExistingBrandsRegression" name="test_existing_protocols_still_work[Neodent-Helix GM Acqua-4.0-10-D3]" time="0.059" /><testcase classname="backend.tests.test_adin_implants_iter284.TestExistingBrandsRegression" name="test_existing_protocols_still_work[BioHorizons-Tapered Pro Conical RBT-4.5-12-D1]" time="0.065" /><testcase classname="backend.tests.test_adin_implants_iter284.TestExistingBrandsRegression" name="test_existing_protocols_still_work[Dentsply Sirona-Ankylos C/X-4.5-11-D2]" time="0.087" /><testcase classname="backend.tests.test_adin_implants_iter284.TestTipsDaily" name="test_streak_field_present" time="0.059" /></testsuite></testsuites>