<?xml version="1.0" encoding="utf-8"?><testsuites name="pytest tests"><testsuite name="pytest" errors="0" failures="0" skipped="0" tests="8" time="3.376" timestamp="2026-09-24T07:24:16.999713+00:00" hostname="agent-env-2f5ac596-8080-4669-8012-c5a5c0bfa649"><testcase classname="backend.tests.test_iter_jun2026_assistant_logbook.TestAssistantLogbookStudentOwn" name="test_aaditya_own_logbook" time="1.867" /><testcase classname="backend.tests.test_iter_jun2026_assistant_logbook.TestAssistantLogbookCrossStudentForbidden" name="test_student_cannot_query_other_student" time="0.255" /><testcase classname="backend.tests.test_iter_jun2026_assistant_logbook.TestAssistantLogbookSupervisor" name="test_supervisor_queries_student" time="0.226" /><testcase classname="backend.tests.test_iter_jun2026_assistant_logbook.TestAssistantLogbookGauravEmpty" name="test_gaurav_own_empty_or_positive" time="0.121" /><testcase classname="backend.tests.test_iter_jun2026_assistant_logbook.TestAssistantLogbookExport" name="test_export_csv_headers" time="0.120" /><testcase classname="backend.tests.test_iter_jun2026_assistant_logbook.TestAssistantLogbookExport" name="test_export_supervisor_for_student" time="0.228" /><testcase classname="backend.tests.test_iter_jun2026_assistant_logbook.TestAssistantLogbookExport" name="test_export_forbidden_cross_student" time="0.232" /><testcase classname="backend.tests.test_iter_jun2026_assistant_logbook.TestAssistantLogbookUnauthenticated" name="test_unauth_401" time="0.130" /></testsuite></testsuites>