<?xml version="1.0" encoding="utf-8"?><testsuites name="pytest tests"><testsuite name="pytest" errors="0" failures="0" skipped="0" tests="7" time="2.544" timestamp="2026-09-26T15:34:20.249423+00:00" hostname="agent-env-e1ab69d2-f271-42c2-a9ca-e117616317ec"><testcase classname="backend.tests.test_iter_jun2026_aesthetic_risk" name="test_span_derivation" time="0.000" /><testcase classname="backend.tests.test_iter_jun2026_aesthetic_risk" name="test_overall_iti_style_and_legacy_biotype" time="0.000" /><testcase classname="backend.tests.test_iter_jun2026_aesthetic_risk" name="test_create_stores_sanitised_era" time="1.431" /><testcase classname="backend.tests.test_iter_jun2026_aesthetic_risk" name="test_edit_fields_restamps_overall" time="0.120" /><testcase classname="backend.tests.test_iter_jun2026_aesthetic_risk" name="test_pdf_contains_overall" time="0.207" /><testcase classname="backend.tests.test_iter_jun2026_aesthetic_risk" name="test_posterior_case_has_no_span_and_no_anterior_flag" time="0.275" /><testcase classname="backend.tests.test_iter_jun2026_aesthetic_risk" name="test_aesthetic_risk_analytics" time="0.450" /></testsuite></testsuites>