<?xml version="1.0" encoding="utf-8"?><testsuites name="pytest tests"><testsuite name="pytest" errors="0" failures="0" skipped="0" tests="10" time="4.359" timestamp="2026-08-04T04:51:46.159272+00:00" hostname="agent-env-d4ef8c28-556f-46de-bbb2-6a646a5e3751"><testcase classname="backend.tests.test_iter401_add_implant" name="test_incharge_autoapprove_happy_path" time="0.817" /><testcase classname="backend.tests.test_iter401_add_implant" name="test_approval_chain_and_decline" time="1.784" /><testcase classname="backend.tests.test_iter401_add_implant" name="test_validation_single_conventional_forbidden" time="0.107" /><testcase classname="backend.tests.test_iter401_add_implant" name="test_validation_completed_status" time="0.106" /><testcase classname="backend.tests.test_iter401_add_implant" name="test_validation_duplicate_site" time="0.103" /><testcase classname="backend.tests.test_iter401_add_implant" name="test_validation_invalid_fdi" time="0.099" /><testcase classname="backend.tests.test_iter401_add_implant" name="test_validation_nurse_forbidden" time="0.436" /><testcase classname="backend.tests.test_iter401_add_implant" name="test_validation_wrong_student_forbidden" time="0.102" /><testcase classname="backend.tests.test_iter401_add_implant" name="test_validation_missing_fields" time="0.237" /><testcase classname="backend.tests.test_iter401_add_implant" name="test_phase4_pending_stage2_flag" time="0.425" /></testsuite></testsuites>