<?xml version="1.0" encoding="utf-8"?><testsuites name="pytest tests"><testsuite name="pytest" errors="0" failures="0" skipped="0" tests="17" time="6.537" timestamp="2026-06-28T16:52:45.203740+00:00" hostname="agent-env-7c1e40cd-81cd-42ec-921e-07b58fee5866"><testcase classname="backend.tests.test_sinus_lift.TestCaseFormOptions" name="test_procedure_types_contains_sinus_lift_in_right_place" time="0.590" /><testcase classname="backend.tests.test_sinus_lift.TestSinusLiftValidation" name="test_mandibular_tooth_36_blocked" time="0.819" /><testcase classname="backend.tests.test_sinus_lift.TestSinusLiftValidation" name="test_maxillary_anterior_tooth_11_blocked" time="0.142" /><testcase classname="backend.tests.test_sinus_lift.TestSinusLiftValidation" name="test_missing_sinus_lift_type_returns_400" time="0.097" /><testcase classname="backend.tests.test_sinus_lift.TestSinusLiftValidation" name="test_missing_bone_graft_material_details_returns_400" time="0.098" /><testcase classname="backend.tests.test_sinus_lift" name="test_create_sinus_lift_success_both_types[Direct Sinus Lift]" time="0.344" /><testcase classname="backend.tests.test_sinus_lift" name="test_create_sinus_lift_success_both_types[Indirect Sinus Lift]" time="0.338" /><testcase classname="backend.tests.test_sinus_lift" name="test_create_sinus_lift_all_8_valid_maxillary_posteriors" time="0.235" /><testcase classname="backend.tests.test_sinus_lift" name="test_non_sinus_lift_ignores_sinus_lift_type" time="0.203" /><testcase classname="backend.tests.test_sinus_lift.TestSinusLiftCaseReportPDF" name="test_pdf_contains_sinus_lift_fields" time="0.441" /><testcase classname="backend.tests.test_preop_briefing.TestPreOpBriefingDirect" name="test_direct_pdf_returns_200_and_pdf_content_type" time="1.260" /><testcase classname="backend.tests.test_preop_briefing.TestPreOpBriefingDirect" name="test_direct_pdf_contains_required_strings" time="0.358" /><testcase classname="backend.tests.test_preop_briefing.TestPreOpBriefingIndirect" name="test_indirect_pdf_contains_indirect_text_only" time="0.370" /><testcase classname="backend.tests.test_preop_briefing.TestPreOpBriefingNegatives" name="test_non_sinus_lift_returns_400" time="0.287" /><testcase classname="backend.tests.test_preop_briefing.TestPreOpBriefingNegatives" name="test_unknown_procedure_returns_404" time="0.103" /><testcase classname="backend.tests.test_preop_briefing.TestPreOpBriefingNegatives" name="test_no_auth_returns_401_or_403" time="0.291" /><testcase classname="backend.tests.test_preop_briefing.TestPreOpBriefingAudit" name="test_audit_log_entry_recorded" time="0.438" /></testsuite></testsuites>