<?xml version="1.0" encoding="utf-8"?><testsuites name="pytest tests"><testsuite name="pytest" errors="0" failures="0" skipped="0" tests="13" time="3.074" timestamp="2026-07-12T12:41:03.384622+00:00" hostname="agent-env-7c1e40cd-81cd-42ec-921e-07b58fee5866"><testcase classname="backend.tests.test_end_treatment_approval_iter352.TestApprovalWorkflowDistinctRoles" name="test_student_initiates_pending_supervisor" time="0.471" /><testcase classname="backend.tests.test_end_treatment_approval_iter352.TestApprovalWorkflowDistinctRoles" name="test_supervisor_approves_advances_to_incharge" time="0.452" /><testcase classname="backend.tests.test_end_treatment_approval_iter352.TestApprovalWorkflowDistinctRoles" name="test_incharge_approves_terminates" time="0.555" /><testcase classname="backend.tests.test_end_treatment_approval_iter352.TestApprovalWorkflowDistinctRoles" name="test_supervisor_initiator_skips_supervisor_step" time="0.459" /><testcase classname="backend.tests.test_end_treatment_approval_iter352.TestApprovalWorkflowDistinctRoles" name="test_supervisor_cannot_approve_pending_incharge" time="0.101" /><testcase classname="backend.tests.test_end_treatment_approval_iter352.TestApprovalWorkflowDistinctRoles" name="test_incharge_cannot_approve_pending_supervisor" time="0.105" /><testcase classname="backend.tests.test_end_treatment_approval_iter352.TestSamePersonBothCollapse" name="test_student_initiates_single_approval_terminates" time="0.103" /><testcase classname="backend.tests.test_end_treatment_approval_iter352.TestRejection" name="test_reject_without_comment_returns_400" time="0.101" /><testcase classname="backend.tests.test_end_treatment_approval_iter352.TestRejection" name="test_reject_with_comment_reverts_status" time="0.113" /><testcase classname="backend.tests.test_end_treatment_approval_iter352.TestDashboardPendingCounts" name="test_pending_counts_include_end_treatment" time="0.101" /><testcase classname="backend.tests.test_end_treatment_approval_iter352.TestDashboardPendingCounts" name="test_procedures_pending_all_includes_new_statuses" time="0.140" /><testcase classname="backend.tests.test_end_treatment_approval_iter352.TestR0RnSubstitution" name="test_seed_case_has_rn_substitution" time="0.135" /><testcase classname="backend.tests.test_end_treatment_approval_iter352.TestR0RnSubstitution" name="test_no_survival_review_no_substitution" time="0.106" /></testsuite></testsuites>