<?xml version="1.0" encoding="utf-8"?><testsuites name="pytest tests"><testsuite name="pytest" errors="0" failures="0" skipped="0" tests="8" time="2.777" timestamp="2026-08-21T06:25:56.778924+00:00" hostname="agent-env-d0d5eeda-f2f3-4ca3-8871-0381c5caba43"><testcase classname="backend.tests.test_iter418_advanced_clinical_approval.TestAdvancedClinicalSendForApproval" name="test_404_when_procedure_id_invalid" time="1.372" /><testcase classname="backend.tests.test_iter418_advanced_clinical_approval.TestAdvancedClinicalSendForApproval" name="test_400_on_non_zygoma_case" time="0.297" /><testcase classname="backend.tests.test_iter418_advanced_clinical_approval.TestAdvancedClinicalSendForApproval" name="test_student_sends_zygoma_for_approval" time="0.232" /><testcase classname="backend.tests.test_iter418_advanced_clinical_approval.TestAdvancedClinicalApprove" name="test_403_when_student_tries_to_approve" time="0.083" /><testcase classname="backend.tests.test_iter418_advanced_clinical_approval.TestAdvancedClinicalApprove" name="test_supervisor_approves_pending" time="0.153" /><testcase classname="backend.tests.test_iter418_advanced_clinical_approval.TestAdvancedClinicalApprove" name="test_400_when_not_pending_double_approve" time="0.079" /><testcase classname="backend.tests.test_iter418_advanced_clinical_approval.TestAdvancedClinicalApprove" name="test_admin_can_approve_after_new_pending" time="0.170" /><testcase classname="backend.tests.test_iter418_advanced_clinical_approval.TestTabbedPhaseDataAdvancedClinicalPreservation" name="test_patch_without_advanced_clinical_preserves_it" time="0.316" /></testsuite></testsuites>