<?xml version="1.0" encoding="utf-8"?><testsuites name="pytest tests"><testsuite name="pytest" errors="0" failures="0" skipped="0" tests="9" time="4.614" timestamp="2026-05-07T15:41:50.462317+00:00" hostname="agent-env-7c1e40cd-81cd-42ec-921e-07b58fee5866"><testcase classname="backend.tests.test_ai_summary_iteration142.TestAiSummaryEndpoint" name="test_invalid_summary_type_returns_400" time="0.650" /><testcase classname="backend.tests.test_ai_summary_iteration142.TestAiSummaryEndpoint" name="test_non_string_content_returns_400" time="0.125" /><testcase classname="backend.tests.test_ai_summary_iteration142.TestAiSummaryEndpoint" name="test_unknown_procedure_returns_404" time="0.148" /><testcase classname="backend.tests.test_ai_summary_iteration142.TestAiSummaryEndpoint" name="test_valid_edit_returns_200_and_persists" time="0.282" /><testcase classname="backend.tests.test_ai_summary_iteration142.TestAiSummaryEndpoint" name="test_idempotent_returns_unchanged" time="0.312" /><testcase classname="backend.tests.test_ai_summary_iteration142.TestEditLogBehavior" name="test_non_owner_edit_appends_edit_log" time="0.506" /><testcase classname="backend.tests.test_ai_summary_iteration142.TestEditLogBehavior" name="test_owner_edit_does_not_append_edit_log" time="0.986" /><testcase classname="backend.tests.test_ai_summary_iteration142.TestNurseBlocked" name="test_nurse_gets_403" time="0.751" /><testcase classname="backend.tests.test_ai_summary_iteration142.TestPdfExport" name="test_pdf_contains_ai_sections" time="0.744" /></testsuite></testsuites>