<?xml version="1.0" encoding="utf-8"?><testsuites name="pytest tests"><testsuite name="pytest" errors="0" failures="0" skipped="0" tests="21" time="2.167" timestamp="2026-06-05T10:52:53.438135+00:00" hostname="agent-env-7c1e40cd-81cd-42ec-921e-07b58fee5866"><testcase classname="backend.tests.test_adin_closefit_iter294" name="test_unp_closefit_no_8mm" time="0.454" /><testcase classname="backend.tests.test_adin_closefit_iter294" name="test_adin_other_closefit_length_counts" time="0.090" /><testcase classname="backend.tests.test_adin_closefit_iter294" name="test_rp_closefit_d2_sequential_primary_and_tristep_alt" time="0.052" /><testcase classname="backend.tests.test_adin_closefit_iter294" name="test_wp_closefit_50_d2_sequential_and_tristep_alt" time="0.048" /><testcase classname="backend.tests.test_adin_closefit_iter294" name="test_wp_closefit_43_d2_sequential_and_tristep_alt" time="0.049" /><testcase classname="backend.tests.test_adin_closefit_iter294" name="test_unp_closefit_d2_no_alt_protocol" time="0.049" /><testcase classname="backend.tests.test_adin_closefit_iter294" name="test_np_closefit_d2_no_alt_protocol" time="0.052" /><testcase classname="backend.tests.test_adin_closefit_iter294" name="test_rp_closefit_cortical_only_logic" time="0.101" /><testcase classname="backend.tests.test_adin_closefit_iter294" name="test_d4_softbone_step_counts" time="0.180" /><testcase classname="backend.tests.test_adin_closefit_iter294" name="test_step_schema_no_missing_keys" time="0.051" /><testcase classname="backend.tests.test_adin_closefit_iter294" name="test_adin_components_counts[UNP CloseFit-30]" time="0.050" /><testcase classname="backend.tests.test_adin_closefit_iter294" name="test_adin_components_counts[NP CloseFit-30]" time="0.048" /><testcase classname="backend.tests.test_adin_closefit_iter294" name="test_adin_components_counts[RP CloseFit-30]" time="0.052" /><testcase classname="backend.tests.test_adin_closefit_iter294" name="test_adin_components_counts[WP CloseFit-49]" time="0.052" /><testcase classname="backend.tests.test_adin_closefit_iter294" name="test_adin_components_schema_fields" time="0.211" /><testcase classname="backend.tests.test_adin_closefit_iter294" name="test_adin_cement_abutment_angulations" time="0.203" /><testcase classname="backend.tests.test_adin_closefit_iter294" name="test_wp_closefit_sra_15_breakdown" time="0.051" /><testcase classname="backend.tests.test_adin_closefit_iter294" name="test_regression_other_adin_systems_present" time="0.055" /><testcase classname="backend.tests.test_adin_closefit_iter294" name="test_regression_other_adin_drilling" time="0.051" /><testcase classname="backend.tests.test_adin_closefit_iter294" name="test_regression_straumann_blx_blt_library" time="0.054" /><testcase classname="backend.tests.test_adin_closefit_iter294" name="test_regression_straumann_blx_components" time="0.112" /></testsuite></testsuites>