<?xml version="1.0" encoding="utf-8"?><testsuites name="pytest tests"><testsuite name="pytest" errors="0" failures="0" skipped="1" tests="5" time="2.323" timestamp="2026-07-28T11:21:16.051717+00:00" hostname="agent-env-d4ef8c28-556f-46de-bbb2-6a646a5e3751"><testcase classname="backend.tests.test_iter389_followup_metrics.TestFollowupMetricsShape" name="test_admin_shape" time="1.643" /><testcase classname="backend.tests.test_iter389_followup_metrics.TestFollowupMetricsRoles" name="test_nurse_forbidden" time="0.105" /><testcase classname="backend.tests.test_iter389_followup_metrics.TestFollowupMetricsRoles" name="test_student_scoped_200" time="0.103" /><testcase classname="backend.tests.test_iter389_followup_metrics.TestFollowupMetricsRoles" name="test_supervisor_200" time="0.143" /><testcase classname="backend.tests.test_iter389_followup_metrics.TestPerImplantFollowupSubmit" name="test_submit_per_implant_shapes" time="0.150"><skipped type="pytest.skip" message="No implant positions on case 69c2361dfeb06fbdfc09512e">/app/backend/tests/test_iter389_followup_metrics.py:150: No implant positions on case 69c2361dfeb06fbdfc09512e</skipped></testcase></testsuite></testsuites>