<?xml version="1.0" encoding="utf-8"?><testsuites name="pytest tests"><testsuite name="pytest" errors="0" failures="0" skipped="0" tests="7" time="1.967" timestamp="2026-05-08T03:38:21.709860+00:00" hostname="agent-env-7c1e40cd-81cd-42ec-921e-07b58fee5866"><testcase classname="backend.tests.test_phase4_step2_iter143.TestMediaTemp" name="test_png_happy_path" time="0.585" /><testcase classname="backend.tests.test_phase4_step2_iter143.TestMediaTemp" name="test_unsupported_ext_400" time="0.104" /><testcase classname="backend.tests.test_phase4_step2_iter143.TestMediaTemp" name="test_nurse_403" time="0.488" /><testcase classname="backend.tests.test_phase4_step2_iter143.TestPhase4Step2Submit" name="test_full_arch_missing_opg_400" time="0.110" /><testcase classname="backend.tests.test_phase4_step2_iter143.TestPhase4Step2Submit" name="test_non_full_arch_missing_iopa_400" time="0.111" /><testcase classname="backend.tests.test_phase4_step2_iter143.TestPhase4Step2Submit" name="test_lt2_photos_400" time="0.127" /><testcase classname="backend.tests.test_phase4_step2_iter143.TestPhase4Step2Submit" name="test_happy_path_persists" time="0.293" /></testsuite></testsuites>