<?xml version="1.0" encoding="utf-8"?><testsuites name="pytest tests"><testsuite name="pytest" errors="0" failures="0" skipped="0" tests="9" time="4.913" timestamp="2026-08-21T07:46:56.814529+00:00" hostname="agent-env-d0d5eeda-f2f3-4ca3-8871-0381c5caba43"><testcase classname="backend.tests.test_iter419_prosthetic_plan.TestProstheticPlanUpdate" name="test_00_baseline" time="1.847" /><testcase classname="backend.tests.test_iter419_prosthetic_plan.TestProstheticPlanUpdate" name="test_01_student_updates_own_procedure" time="0.335" /><testcase classname="backend.tests.test_iter419_prosthetic_plan.TestProstheticPlanUpdate" name="test_02_idempotent_same_value" time="0.239" /><testcase classname="backend.tests.test_iter419_prosthetic_plan.TestProstheticPlanUpdate" name="test_03_supervisor_updates_same_procedure" time="1.121" /><testcase classname="backend.tests.test_iter419_prosthetic_plan.TestProstheticPlanUpdate" name="test_04_nurse_forbidden" time="0.187" /><testcase classname="backend.tests.test_iter419_prosthetic_plan.TestProstheticPlanUpdate" name="test_05_student_forbidden_other_case" time="0.406" /><testcase classname="backend.tests.test_iter419_prosthetic_plan.TestProstheticPlanUpdate" name="test_06_empty_body_rejected" time="0.117" /><testcase classname="backend.tests.test_iter419_prosthetic_plan.TestProstheticPlanUpdate" name="test_07_not_found" time="0.118" /><testcase classname="backend.tests.test_iter419_prosthetic_plan.TestProstheticPlanUpdate" name="test_08_submit_phase2_preserves_change_log" time="0.430" /></testsuite></testsuites>