<?xml version="1.0" encoding="utf-8"?><testsuites name="pytest tests"><testsuite name="pytest" errors="0" failures="0" skipped="0" tests="2" time="2.042" timestamp="2026-09-26T15:11:36.177622+00:00" hostname="agent-env-e1ab69d2-f271-42c2-a9ca-e117616317ec"><testcase classname="backend.tests.test_iter_jun2026_era_regression" name="test_legacy_thin_biotype_get_ok" time="1.640" /><testcase classname="backend.tests.test_iter_jun2026_era_regression" name="test_posterior_only_pdf_generates_without_era" time="0.339" /></testsuite></testsuites>