<?xml version="1.0" encoding="utf-8"?><testsuites name="pytest tests"><testsuite name="pytest" errors="0" failures="0" skipped="0" tests="24" time="1.097" timestamp="2026-05-09T11:09:30.322136+00:00" hostname="agent-env-7c1e40cd-81cd-42ec-921e-07b58fee5866"><testcase classname="backend.tests.test_alpha_bio_catalog" name="test_catalog_contains_all_8_alpha_bio_systems" time="0.582" /><testcase classname="backend.tests.test_alpha_bio_catalog" name="test_alpha_bio_system_is_not_stub_and_has_30_plus_components[SPI]" time="0.000" /><testcase classname="backend.tests.test_alpha_bio_catalog" name="test_alpha_bio_system_is_not_stub_and_has_30_plus_components[NeO Conical Standard Connection]" time="0.000" /><testcase classname="backend.tests.test_alpha_bio_catalog" name="test_alpha_bio_system_is_not_stub_and_has_30_plus_components[NeO Conical Hex Connection]" time="0.000" /><testcase classname="backend.tests.test_alpha_bio_catalog" name="test_alpha_bio_system_is_not_stub_and_has_30_plus_components[NeO Internal Hex Connection]" time="0.000" /><testcase classname="backend.tests.test_alpha_bio_catalog" name="test_alpha_bio_system_is_not_stub_and_has_30_plus_components[ICE]" time="0.000" /><testcase classname="backend.tests.test_alpha_bio_catalog" name="test_alpha_bio_system_is_not_stub_and_has_30_plus_components[ATID]" time="0.000" /><testcase classname="backend.tests.test_alpha_bio_catalog" name="test_alpha_bio_system_is_not_stub_and_has_30_plus_components[DFI]" time="0.000" /><testcase classname="backend.tests.test_alpha_bio_catalog" name="test_alpha_bio_system_is_not_stub_and_has_30_plus_components[NICE]" time="0.000" /><testcase classname="backend.tests.test_alpha_bio_catalog" name="test_alpha_bio_component_type_diversity[SPI]" time="0.000" /><testcase classname="backend.tests.test_alpha_bio_catalog" name="test_alpha_bio_component_type_diversity[NeO Conical Standard Connection]" time="0.000" /><testcase classname="backend.tests.test_alpha_bio_catalog" name="test_alpha_bio_component_type_diversity[NeO Conical Hex Connection]" time="0.000" /><testcase classname="backend.tests.test_alpha_bio_catalog" name="test_alpha_bio_component_type_diversity[NeO Internal Hex Connection]" time="0.000" /><testcase classname="backend.tests.test_alpha_bio_catalog" name="test_alpha_bio_component_type_diversity[ICE]" time="0.000" /><testcase classname="backend.tests.test_alpha_bio_catalog" name="test_alpha_bio_component_type_diversity[ATID]" time="0.000" /><testcase classname="backend.tests.test_alpha_bio_catalog" name="test_alpha_bio_component_type_diversity[DFI]" time="0.000" /><testcase classname="backend.tests.test_alpha_bio_catalog" name="test_alpha_bio_component_type_diversity[NICE]" time="0.000" /><testcase classname="backend.tests.test_alpha_bio_catalog" name="test_alpha_bio_component_field_sanity" time="0.000" /><testcase classname="backend.tests.test_alpha_bio_catalog" name="test_alpha_bio_torque_present_for_relevant_types" time="0.000" /><testcase classname="backend.tests.test_alpha_bio_catalog" name="test_by_key_returns_50_components[SPI]" time="0.140" /><testcase classname="backend.tests.test_alpha_bio_catalog" name="test_by_key_returns_50_components[ICE]" time="0.102" /><testcase classname="backend.tests.test_alpha_bio_catalog" name="test_by_key_returns_50_components[ATID]" time="0.092" /><testcase classname="backend.tests.test_alpha_bio_catalog" name="test_compare_ti_base_includes_alpha_bio" time="0.107" /><testcase classname="backend.tests.test_alpha_bio_catalog" name="test_neodent_drive_gm_neoporos_unchanged" time="0.000" /></testsuite></testsuites>