<?xml version="1.0" encoding="utf-8"?><testsuites name="pytest tests"><testsuite name="pytest" errors="0" failures="0" skipped="0" tests="7" time="113.839" timestamp="2026-08-05T11:45:58.620627+00:00" hostname="agent-env-d4ef8c28-556f-46de-bbb2-6a646a5e3751"><testcase classname="backend.tests.test_iter404_claude_switch" name="test_ai_assistant_isq_question" time="14.445" /><testcase classname="backend.tests.test_iter404_claude_switch" name="test_ai_chat_multi_turn" time="23.473" /><testcase classname="backend.tests.test_iter404_claude_switch" name="test_ai_case_summary_no_citations_and_no_phi" time="50.272" /><testcase classname="backend.tests.test_iter404_claude_switch" name="test_ai_explain_standalone" time="22.525" /><testcase classname="backend.tests.test_iter404_claude_switch" name="test_ai_ask_implanr_nobel_active" time="2.985" /><testcase classname="backend.tests.test_iter404_claude_switch" name="test_fallback_warning_logged" time="0.002" /><testcase classname="backend.tests.test_iter404_claude_switch" name="test_vision_paths_still_openai" time="0.003" /></testsuite></testsuites>