<?xml version="1.0" encoding="utf-8"?><testsuites name="pytest tests"><testsuite name="pytest" errors="0" failures="0" skipped="0" tests="10" time="3.313" timestamp="2026-06-27T12:51:33.803406+00:00" hostname="agent-env-7c1e40cd-81cd-42ec-921e-07b58fee5866"><testcase classname="backend.tests.test_sinus_lift.TestCaseFormOptions" name="test_procedure_types_contains_sinus_lift_in_right_place" time="0.614" /><testcase classname="backend.tests.test_sinus_lift.TestSinusLiftValidation" name="test_mandibular_tooth_36_blocked" time="0.785" /><testcase classname="backend.tests.test_sinus_lift.TestSinusLiftValidation" name="test_maxillary_anterior_tooth_11_blocked" time="0.099" /><testcase classname="backend.tests.test_sinus_lift.TestSinusLiftValidation" name="test_missing_sinus_lift_type_returns_400" time="0.103" /><testcase classname="backend.tests.test_sinus_lift.TestSinusLiftValidation" name="test_missing_bone_graft_material_details_returns_400" time="0.106" /><testcase classname="backend.tests.test_sinus_lift" name="test_create_sinus_lift_success_both_types[Direct Sinus Lift]" time="0.296" /><testcase classname="backend.tests.test_sinus_lift" name="test_create_sinus_lift_success_both_types[Indirect Sinus Lift]" time="0.344" /><testcase classname="backend.tests.test_sinus_lift" name="test_create_sinus_lift_all_8_valid_maxillary_posteriors" time="0.195" /><testcase classname="backend.tests.test_sinus_lift" name="test_non_sinus_lift_ignores_sinus_lift_type" time="0.224" /><testcase classname="backend.tests.test_sinus_lift.TestSinusLiftCaseReportPDF" name="test_pdf_contains_sinus_lift_fields" time="0.377" /></testsuite></testsuites>