<?xml version="1.0" encoding="utf-8"?><testsuites name="pytest tests"><testsuite name="pytest" errors="0" failures="1" skipped="1" tests="16" time="5.646" timestamp="2026-09-26T16:28:32.256486+00:00" hostname="agent-env-e1ab69d2-f271-42c2-a9ca-e117616317ec"><testcase classname="backend.tests.test_iter_jun2026_aesthetic_risk" name="test_span_derivation" time="0.000" /><testcase classname="backend.tests.test_iter_jun2026_aesthetic_risk" name="test_overall_iti_style_and_legacy_biotype" time="0.000" /><testcase classname="backend.tests.test_iter_jun2026_aesthetic_risk" name="test_create_stores_sanitised_era" time="1.480" /><testcase classname="backend.tests.test_iter_jun2026_aesthetic_risk" name="test_edit_fields_restamps_overall" time="0.123" /><testcase classname="backend.tests.test_iter_jun2026_aesthetic_risk" name="test_pdf_contains_overall" time="0.207" /><testcase classname="backend.tests.test_iter_jun2026_aesthetic_risk" name="test_posterior_case_has_no_span_and_no_anterior_flag" time="0.269" /><testcase classname="backend.tests.test_iter_jun2026_aesthetic_risk" name="test_aesthetic_risk_analytics" time="0.376" /><testcase classname="backend.tests.test_iter_jun2026_aesthetic_risk" name="test_two_separate_anterior_areas" time="0.231" /><testcase classname="backend.tests.test_iter439_analytics_edges" name="test_far_past_range_empty" time="0.475" /><testcase classname="backend.tests.test_iter439_analytics_edges" name="test_distribution_sum_equals_anterior_cases" time="0.126" /><testcase classname="backend.tests.test_iter439_analytics_edges" name="test_every_factor_option_has_valid_risk" time="0.140" /><testcase classname="backend.tests.test_iter439_analytics_edges" name="test_unauth_blocked" time="0.133" /><testcase classname="backend.tests.test_iter439_analytics_edges" name="test_nurse_role_forbidden" time="0.000"><skipped type="pytest.skip" message="No nurse account in test_credentials.md">/app/backend/tests/test_iter439_analytics_edges.py:69: No nurse account in test_credentials.md</skipped></testcase><testcase classname="backend.tests.test_iter440_era_additional" name="test_legacy_flat_era_post_is_nested_under_sites" time="1.346" /><testcase classname="backend.tests.test_iter440_era_additional" name="test_legacy_iter438_doc_read_and_pdf" time="0.514"><failure message="AssertionError: missing 'Width of Edentulous Span' in PDF text&#10;assert 'Width of Edentulous Span' in 'Implant Case Report\nCase ID: IMP424A\nPatient: ERA Test Patient Reg: ERA-4389d2\nPG Student: Dr. Gaurav Pandey Supervisor: Dr. Paresh Gandhi\nImplant Incharge: Dr. Abhijit Patil Procedure: Single Conventional Implant\nLoading: Delayed Loading Prosthetic Plan: N/A\nStatus: DRAFT\nTreatment Timeline\nPhase 1 - Planning 2026-09-30\nPhase 2 - Implant Surgery ?\nPhase 3 - Healing / 2nd-Stage ?\nPhase 4 Step 1 - Impressions ?\nPhase 4 Step 2 - Final Delivery ?Phase 1 - Diagnosis and Treatment Planning\nPatient &amp; Treatment Details\nPatient Name: ERA Test Patient\nAge: N/A\nSex: N/A\nProfession: N/A\nMobile Number: N/A\nEmail: N/A\nRegistration Number: ERA-4389d2\nPG Student: Dr. Gaurav Pandey\nSupervising Faculty: Dr. Paresh Gandhi\nImplant Incharge: Dr. Abhijit Patil\nProcedure Date: 2026-09-30\nProcedure Time: 09:00\nReceipt Number: ERA-R-bf754\nAmount Paid: 5000.0\nProcedure Type: Single Conventional Implant\nNumber of Implants: N/A\nLoading Type: Delayed Loading\nProsthetic Plan: N/A\nBone Graft Specifications: N/A\nImplant Site: Upper Arch\nClinical Examination ? Intraoral\nArch Condition: N/A\nRidge Contour: N/A\nSoft Tissue Thickness: N/A\nKeratinized Mucosa: N/A\nPeriodontal S...: Toothy  [Low risk]Gingival Biotype: Thick, Low scalloped  [Low risk]\nPatient Esthetic Expectations: Realistic esthetic demands  [Low risk]\nStatus of Adjacent Teeth ? Right: Non-restored  [Low risk]\nStatus of Adjacent Teeth ? Left: Non-restored  [Low risk]\nPresent Infection at Implant Site: Absent  [Low risk]\nAlveolar Ridge Condition: Horizontal bone defect  [Medium risk]\nBone Level at Adjacent Teeth: ? 5 mm to contact point  [Low risk]\nOverall Aesthetic Risk: Medium (9/10 factors assessed)Phase 1 - Diagnosis and Treatment Planning\nPhase 2 - Implant SurgeryPhase 3 - Healing and Second Stage Surgery\nPhase 4 - Prosthetic RehabilitationSummary &amp; Confirmation\nThis is to confirm that the above-mentioned post-graduate student has satisfactorily completed the implant\ncase as per the Department of Prosthodontics Standard Operating Protocol. All four phases of the treatment\nprotocol have been reviewed and approved by the supervising faculty and implant incharge.\nPG Student: Dr. Gaurav Pandey\nSupervising Faculty: Dr. Paresh Gandhi\nImplant Incharge: Dr. Abhijit Patil\nTreatment Completed: \nAuto-stamped on case completion. Subsequent edits are recorded in the case audit log.'">E   AssertionError: missing 'Width of Edentulous Span' in PDF text
    assert 'Width of Edentulous Span' in 'Implant Case Report\nCase ID: IMP424A\nPatient: ERA Test Patient Reg: ERA-4389d2\nPG Student: Dr. Gaurav Pandey Supervisor: Dr. Paresh Gandhi\nImplant Incharge: Dr. Abhijit Patil Procedure: Single Conventional Implant\nLoading: Delayed Loading Prosthetic Plan: N/A\nStatus: DRAFT\nTreatment Timeline\nPhase 1 - Planning 2026-09-30\nPhase 2 - Implant Surgery ?\nPhase 3 - Healing / 2nd-Stage ?\nPhase 4 Step 1 - Impressions ?\nPhase 4 Step 2 - Final Delivery ?Phase 1 - Diagnosis and Treatment Planning\nPatient &amp; Treatment Details\nPatient Name: ERA Test Patient\nAge: N/A\nSex: N/A\nProfession: N/A\nMobile Number: N/A\nEmail: N/A\nRegistration Number: ERA-4389d2\nPG Student: Dr. Gaurav Pandey\nSupervising Faculty: Dr. Paresh Gandhi\nImplant Incharge: Dr. Abhijit Patil\nProcedure Date: 2026-09-30\nProcedure Time: 09:00\nReceipt Number: ERA-R-bf754\nAmount Paid: 5000.0\nProcedure Type: Single Conventional Implant\nNumber of Implants: N/A\nLoading Type: Delayed Loading\nProsthetic Plan: N/A\nBone Graft Specifications: N/A\nImplant Site: Upper Arch\nClinical Examination ? Intraoral\nArch Condition: N/A\nRidge Contour: N/A\nSoft Tissue Thickness: N/A\nKeratinized Mucosa: N/A\nPeriodontal S...: Toothy  [Low risk]Gingival Biotype: Thick, Low scalloped  [Low risk]\nPatient Esthetic Expectations: Realistic esthetic demands  [Low risk]\nStatus of Adjacent Teeth ? Right: Non-restored  [Low risk]\nStatus of Adjacent Teeth ? Left: Non-restored  [Low risk]\nPresent Infection at Implant Site: Absent  [Low risk]\nAlveolar Ridge Condition: Horizontal bone defect  [Medium risk]\nBone Level at Adjacent Teeth: ? 5 mm to contact point  [Low risk]\nOverall Aesthetic Risk: Medium (9/10 factors assessed)Phase 1 - Diagnosis and Treatment Planning\nPhase 2 - Implant SurgeryPhase 3 - Healing and Second Stage Surgery\nPhase 4 - Prosthetic RehabilitationSummary &amp; Confirmation\nThis is to confirm that the above-mentioned post-graduate student has satisfactorily completed the implant\ncase as per the Department of Prosthodontics Standard Operating Protocol. All four phases of the treatment\nprotocol have been reviewed and approved by the supervising faculty and implant incharge.\nPG Student: Dr. Gaurav Pandey\nSupervising Faculty: Dr. Paresh Gandhi\nImplant Incharge: Dr. Abhijit Patil\nTreatment Completed: \nAuto-stamped on case completion. Subsequent edits are recorded in the case audit log.'</failure></testcase><testcase classname="backend.tests.test_iter440_era_additional" name="test_analytics_exposes_anterior_areas_and_area_distribution" time="0.135" /></testsuite></testsuites>