<?xml version="1.0" encoding="utf-8"?><testsuites name="pytest tests"><testsuite name="pytest" errors="0" failures="0" skipped="0" tests="12" time="1.657" timestamp="2026-06-05T09:36:24.157727+00:00" hostname="agent-env-7c1e40cd-81cd-42ec-921e-07b58fee5866"><testcase classname="backend.tests.test_straumann_blx_components_iter293" name="test_blx_rb_returns_135_components[BLX Roxolid SLActive - RB Platform]" time="0.623" /><testcase classname="backend.tests.test_straumann_blx_components_iter293" name="test_blx_rb_returns_135_components[BLX Roxolid SLA - RB Platform]" time="0.056" /><testcase classname="backend.tests.test_straumann_blx_components_iter293" name="test_blx_wb_returns_68_components[BLX Roxolid SLActive - WB Platform]" time="0.047" /><testcase classname="backend.tests.test_straumann_blx_components_iter293" name="test_blx_wb_returns_68_components[BLX Roxolid SLA - WB Platform]" time="0.051" /><testcase classname="backend.tests.test_straumann_blx_components_iter293" name="test_all_blx_components_have_required_fields" time="0.199" /><testcase classname="backend.tests.test_straumann_blx_components_iter293" name="test_rb_critical_subtypes_present" time="0.051" /><testcase classname="backend.tests.test_straumann_blx_components_iter293" name="test_wb_critical_sku_codes" time="0.047" /><testcase classname="backend.tests.test_straumann_blx_components_iter293" name="test_catalog_codes_unique_within_each_system" time="0.196" /><testcase classname="backend.tests.test_straumann_blx_components_iter293" name="test_straumann_library_still_has_7_systems" time="0.051" /><testcase classname="backend.tests.test_straumann_blx_components_iter293" name="test_drilling_protocol_blx_still_generates" time="0.048" /><testcase classname="backend.tests.test_straumann_blx_components_iter293" name="test_drilling_protocol_blt_still_generates" time="0.047" /><testcase classname="backend.tests.test_straumann_blx_components_iter293" name="test_alpha_bio_spi_still_expanded" time="0.047" /></testsuite></testsuites>