<?xml version="1.0" encoding="utf-8"?><testsuites name="pytest tests"><testsuite name="pytest" errors="0" failures="0" skipped="0" tests="9" time="1.940" timestamp="2026-07-11T09:05:52.306824+00:00" hostname="agent-env-7c1e40cd-81cd-42ec-921e-07b58fee5866"><testcase classname="backend.tests.test_survival_engine_iter343.TestActiveImplantsFallback" name="test_plans_only_procedure_returns_implant" time="0.637" /><testcase classname="backend.tests.test_survival_engine_iter343.TestActiveImplantsFallback" name="test_existing_implants_procedure_normalized" time="0.136" /><testcase classname="backend.tests.test_survival_engine_iter343.TestLifecycleFallback" name="test_lifecycle_returns_position_for_plans_only" time="0.099" /><testcase classname="backend.tests.test_survival_engine_iter343.TestProcedureImplantsMaterialized" name="test_procedure_get_shows_implants_after_phase2" time="0.101" /><testcase classname="backend.tests.test_survival_engine_iter343.TestAnalyticsCoversPlansOnly" name="test_placed_gt_zero" time="0.127" /><testcase classname="backend.tests.test_survival_engine_iter343.TestTimelineBackfillRelaxed" name="test_backfill_far_past_date_accepted" time="0.103" /><testcase classname="backend.tests.test_survival_engine_iter343.TestTimelineBackfillRelaxed" name="test_backfill_future_date_accepted" time="0.105" /><testcase classname="backend.tests.test_survival_engine_iter343.TestTimelineBackfillRelaxed" name="test_backfill_invalid_format_rejected" time="0.096" /><testcase classname="backend.tests.test_survival_engine_iter343.TestTimelineBackfillRelaxed" name="test_backfill_student_forbidden" time="0.461" /></testsuite></testsuites>