<?xml version="1.0" encoding="utf-8"?><testsuites name="pytest tests"><testsuite name="pytest" errors="0" failures="0" skipped="0" tests="5" time="1.519" timestamp="2026-07-28T13:43:34.934107+00:00" hostname="agent-env-d4ef8c28-556f-46de-bbb2-6a646a5e3751"><testcase classname="backend.tests.test_iter391_phase2_drilling" name="test_1_precheck_case_state" time="0.650" /><testcase classname="backend.tests.test_iter391_phase2_drilling" name="test_2_upload_consent_if_missing" time="0.121" /><testcase classname="backend.tests.test_iter391_phase2_drilling" name="test_3_submit_phase2_with_new_drilling_fields" time="0.248" /><testcase classname="backend.tests.test_iter391_phase2_drilling" name="test_4_get_readback_persists_new_drilling_fields" time="0.196" /><testcase classname="backend.tests.test_iter391_phase2_drilling" name="test_5_optional_fields_no_422_on_missing" time="0.243" /></testsuite></testsuites>