<?xml version="1.0" encoding="utf-8"?><testsuites name="pytest tests"><testsuite name="pytest" errors="0" failures="0" skipped="0" tests="22" time="9.451" timestamp="2026-08-22T16:54:14.911794+00:00" hostname="agent-env-2f5ac596-8080-4669-8012-c5a5c0bfa649"><testcase classname="backend.tests.test_iter_feb2026_b_multi_fullarch_zygoma.TestGroupACreate" name="test_multi_conv_immediate_loading_persists_all_ma_fields" time="1.509" /><testcase classname="backend.tests.test_iter_feb2026_b_multi_fullarch_zygoma.TestGroupBCreate" name="test_all_on_x_persists_fa_plan[All on 4]" time="0.283" /><testcase classname="backend.tests.test_iter_feb2026_b_multi_fullarch_zygoma.TestGroupBCreate" name="test_all_on_x_persists_fa_plan[All on 6]" time="0.261" /><testcase classname="backend.tests.test_iter_feb2026_b_multi_fullarch_zygoma.TestGroupBCreate" name="test_all_on_x_persists_fa_plan[All on X]" time="0.246" /><testcase classname="backend.tests.test_iter_feb2026_b_multi_fullarch_zygoma.TestGroupCCreate" name="test_zygoma_variants_persist_zp_plan[Quad Zygoma Implants]" time="0.235" /><testcase classname="backend.tests.test_iter_feb2026_b_multi_fullarch_zygoma.TestGroupCCreate" name="test_zygoma_variants_persist_zp_plan[Zygoma and Pterygoid Implants]" time="0.274" /><testcase classname="backend.tests.test_iter_feb2026_b_multi_fullarch_zygoma.TestGroupCCreate" name="test_zygoma_variants_persist_zp_plan[Zygoma and Conventional Implants]" time="0.247" /><testcase classname="backend.tests.test_iter_feb2026_b_multi_fullarch_zygoma.TestGroupCCreate" name="test_zygoma_variants_persist_zp_plan[Zygoma, Pterygoid and Conventional Implants]" time="0.243" /><testcase classname="backend.tests.test_iter_feb2026_b_multi_fullarch_zygoma.TestPterygoidConvIsGroupA" name="test_pterygoid_conv_accepts_ma_fields" time="0.205" /><testcase classname="backend.tests.test_iter_feb2026_b_multi_fullarch_zygoma.TestOtherHandling" name="test_ma_prosthesis_type_other" time="0.234" /><testcase classname="backend.tests.test_iter_feb2026_b_multi_fullarch_zygoma.TestOtherHandling" name="test_fa_prosthetic_plan_other" time="0.246" /><testcase classname="backend.tests.test_iter_feb2026_b_multi_fullarch_zygoma.TestOtherHandling" name="test_zp_prosthetic_plan_other" time="0.290" /><testcase classname="backend.tests.test_iter_feb2026_b_multi_fullarch_zygoma.TestPutUpdates" name="test_put_group_a_fields" time="0.434" /><testcase classname="backend.tests.test_iter_feb2026_b_multi_fullarch_zygoma.TestPutUpdates" name="test_put_group_b_and_c" time="0.747" /><testcase classname="backend.tests.test_iter_feb2026_b_multi_fullarch_zygoma.TestPhase4AuditGroupA" name="test_group_a_phase4_persist_and_audit" time="0.614" /><testcase classname="backend.tests.test_iter_feb2026_b_multi_fullarch_zygoma.TestPhase4AuditGroupB" name="test_group_b_phase4_persist_and_audit" time="0.620" /><testcase classname="backend.tests.test_iter_feb2026_b_multi_fullarch_zygoma.TestPhase4AuditGroupC" name="test_group_c_phase4_persist_and_audit" time="0.562" /><testcase classname="backend.tests.test_iter_feb2026_b_multi_fullarch_zygoma.TestPdfLabels" name="test_group_a_pdf_labels" time="0.390" /><testcase classname="backend.tests.test_iter_feb2026_b_multi_fullarch_zygoma.TestPdfLabels" name="test_group_b_pdf_labels" time="0.479" /><testcase classname="backend.tests.test_iter_feb2026_b_multi_fullarch_zygoma.TestPdfLabels" name="test_group_c_pdf_labels" time="0.429" /><testcase classname="backend.tests.test_iter_feb2026_b_multi_fullarch_zygoma.TestNonGroupRegression" name="test_non_group_create_and_update_no_group_fields_leaked[Immediate Implant]" time="0.382" /><testcase classname="backend.tests.test_iter_feb2026_b_multi_fullarch_zygoma.TestNonGroupRegression" name="test_non_group_create_and_update_no_group_fields_leaked[Guided Surgery]" time="0.347" /></testsuite></testsuites>