<?xml version="1.0" encoding="utf-8"?><testsuites name="pytest tests"><testsuite name="pytest" errors="0" failures="0" skipped="0" tests="10" time="2.512" timestamp="2026-05-01T09:52:53.789010+00:00" hostname="agent-env-7c1e40cd-81cd-42ec-921e-07b58fee5866"><testcase classname="backend.tests.test_iter116_chat_photo.TestChatGroupPhotoUrl" name="test_create_group_with_photo_url_persisted" time="0.740" /><testcase classname="backend.tests.test_iter116_chat_photo.TestChatGroupPhotoUrl" name="test_create_group_without_photo_url" time="0.144" /><testcase classname="backend.tests.test_iter116_chat_photo.TestChatRegression" name="test_get_groups" time="0.150" /><testcase classname="backend.tests.test_iter116_chat_photo.TestChatRegression" name="test_post_message" time="0.273" /><testcase classname="backend.tests.test_iter116_chat_photo.TestChatRegression" name="test_post_typing" time="0.133" /><testcase classname="backend.tests.test_iter116_chat_photo.TestChatRegression" name="test_mark_read" time="0.135" /><testcase classname="backend.tests.test_iter116_chat_photo.TestChatRegression" name="test_chat_upload" time="0.133" /><testcase classname="backend.tests.test_iter116_chat_photo.TestForumRegression" name="test_forum_unread_summary" time="0.140" /><testcase classname="backend.tests.test_iter116_chat_photo.TestForumRegression" name="test_forum_thread_create_and_post" time="0.435" /><testcase classname="backend.tests.test_iter116_chat_photo.TestForumRegression" name="test_forum_upload" time="0.156" /></testsuite></testsuites>