<?xml version="1.0" encoding="utf-8"?><testsuites name="pytest tests"><testsuite name="pytest" errors="0" failures="0" skipped="0" tests="6" time="3.826" timestamp="2026-08-22T16:54:29.892337+00:00" hostname="agent-env-2f5ac596-8080-4669-8012-c5a5c0bfa649"><testcase classname="backend.tests.test_iter_feb2026_single_conventional.TestAsk1CreatePersistsSCFields" name="test_create_and_get_persists_all_four" time="1.420" /><testcase classname="backend.tests.test_iter_feb2026_single_conventional.TestAsk2PutUpdatesSCFields" name="test_put_updates_sc_fields" time="0.387" /><testcase classname="backend.tests.test_iter_feb2026_single_conventional.TestAsk3Phase2ProsthesisType" name="test_phase2_prosthesis_type_persisted_verbatim" time="0.333" /><testcase classname="backend.tests.test_iter_feb2026_single_conventional.TestAsk4Phase4Step1AuditAndPersist" name="test_persist_sc_final_fields_and_audit" time="0.679" /><testcase classname="backend.tests.test_iter_feb2026_single_conventional.TestAsk5PdfLabels" name="test_case_report_pdf_contains_sc_labels" time="0.513" /><testcase classname="backend.tests.test_iter_feb2026_single_conventional.TestAsk6NonSCRegression" name="test_multi_conv_create_and_update_no_sc_fields" time="0.349" /></testsuite></testsuites>