<?xml version="1.0" encoding="utf-8"?><testsuites name="pytest tests"><testsuite name="pytest" errors="0" failures="0" skipped="0" tests="21" time="6.475" timestamp="2026-02-27T09:55:36.249069+00:00" hostname="agent-env-68623839-fbad-4caa-a0df-8ca1a47c5712"><testcase classname="backend.tests.test_cbct_upload_download.TestCBCTUploadDownload" name="test_01_upload_cbct_pdf_success" time="1.305" /><testcase classname="backend.tests.test_cbct_upload_download.TestCBCTUploadDownload" name="test_02_upload_cbct_png_success" time="0.097" /><testcase classname="backend.tests.test_cbct_upload_download.TestCBCTUploadDownload" name="test_03_upload_cbct_jpg_success" time="0.101" /><testcase classname="backend.tests.test_cbct_upload_download.TestCBCTUploadDownload" name="test_04_upload_cbct_jpeg_success" time="0.101" /><testcase classname="backend.tests.test_cbct_upload_download.TestCBCTUploadDownload" name="test_05_upload_cbct_heif_success" time="0.101" /><testcase classname="backend.tests.test_cbct_upload_download.TestCBCTUploadDownload" name="test_06_upload_cbct_heic_success" time="0.109" /><testcase classname="backend.tests.test_cbct_upload_download.TestCBCTUploadDownload" name="test_07_upload_cbct_invalid_extension_txt" time="0.100" /><testcase classname="backend.tests.test_cbct_upload_download.TestCBCTUploadDownload" name="test_08_upload_cbct_invalid_extension_docx" time="0.094" /><testcase classname="backend.tests.test_cbct_upload_download.TestCBCTUploadDownload" name="test_09_upload_cbct_invalid_extension_exe" time="0.091" /><testcase classname="backend.tests.test_cbct_upload_download.TestCBCTUploadDownload" name="test_10_upload_cbct_supervisor_forbidden" time="0.107" /><testcase classname="backend.tests.test_cbct_upload_download.TestCBCTUploadDownload" name="test_11_upload_cbct_implant_incharge_forbidden" time="0.093" /><testcase classname="backend.tests.test_cbct_upload_download.TestCBCTUploadDownload" name="test_12_upload_cbct_different_student_forbidden" time="0.439" /><testcase classname="backend.tests.test_cbct_upload_download.TestCBCTUploadDownload" name="test_13_upload_cbct_nonexistent_procedure" time="0.095" /><testcase classname="backend.tests.test_cbct_upload_download.TestCBCTUploadDownload" name="test_14_procedure_detail_has_cbct_fields" time="0.102" /><testcase classname="backend.tests.test_cbct_upload_download.TestCBCTUploadDownload" name="test_15_download_cbct_student_owner_allowed" time="0.225" /><testcase classname="backend.tests.test_cbct_upload_download.TestCBCTUploadDownload" name="test_16_download_cbct_supervisor_assigned_allowed" time="0.189" /><testcase classname="backend.tests.test_cbct_upload_download.TestCBCTUploadDownload" name="test_17_download_cbct_implant_incharge_allowed" time="0.216" /><testcase classname="backend.tests.test_cbct_upload_download.TestCBCTUploadDownload" name="test_18_download_cbct_different_student_forbidden" time="0.213" /><testcase classname="backend.tests.test_cbct_upload_download.TestCBCTUploadDownload" name="test_19_download_cbct_nurse_forbidden" time="0.566" /><testcase classname="backend.tests.test_cbct_upload_download.TestCBCTUploadDownload" name="test_20_download_cbct_nonexistent_file_404" time="0.206" /><testcase classname="backend.tests.test_cbct_upload_download.TestFullWorkflow" name="test_full_workflow_create_approve_phase1_submit_phase2_approve" time="1.854" /></testsuite></testsuites>