<?xml version="1.0" encoding="utf-8"?><testsuites name="pytest tests"><testsuite name="pytest" errors="0" failures="0" skipped="0" tests="21" time="3.069" timestamp="2026-03-28T06:06:50.953498+00:00" hostname="agent-env-4905b8e3-a2aa-4100-b744-cb80b53cabdb"><testcase classname="backend.tests.test_neodent_helix_gm_drilling_protocol_iteration54.TestHelixGMDrillingProtocol" name="test_helix_gm_acqua_3_5mm_d1_sequence" time="0.486" /><testcase classname="backend.tests.test_neodent_helix_gm_drilling_protocol_iteration54.TestHelixGMDrillingProtocol" name="test_helix_gm_acqua_3_5mm_d4_sequence" time="0.099" /><testcase classname="backend.tests.test_neodent_helix_gm_drilling_protocol_iteration54.TestHelixGMDrillingProtocol" name="test_helix_gm_acqua_3_75mm_d2_sequence" time="0.104" /><testcase classname="backend.tests.test_neodent_helix_gm_drilling_protocol_iteration54.TestHelixGMDrillingProtocol" name="test_helix_gm_acqua_3_75mm_d3_sequence" time="0.108" /><testcase classname="backend.tests.test_neodent_helix_gm_drilling_protocol_iteration54.TestHelixGMDrillingProtocol" name="test_helix_gm_acqua_4_0mm_d2_sequence" time="0.113" /><testcase classname="backend.tests.test_neodent_helix_gm_drilling_protocol_iteration54.TestHelixGMDrillingProtocol" name="test_helix_gm_acqua_4_0mm_d3_sequence" time="0.104" /><testcase classname="backend.tests.test_neodent_helix_gm_drilling_protocol_iteration54.TestHelixGMDrillingProtocol" name="test_helix_gm_acqua_4_3mm_d2_sequence" time="0.104" /><testcase classname="backend.tests.test_neodent_helix_gm_drilling_protocol_iteration54.TestHelixGMDrillingProtocol" name="test_helix_gm_acqua_4_3mm_d3_sequence" time="0.105" /><testcase classname="backend.tests.test_neodent_helix_gm_drilling_protocol_iteration54.TestHelixGMDrillingProtocol" name="test_helix_gm_acqua_5_0mm_d1_sequence" time="0.120" /><testcase classname="backend.tests.test_neodent_helix_gm_drilling_protocol_iteration54.TestHelixGMDrillingProtocol" name="test_helix_gm_acqua_5_0mm_d4_sequence" time="0.128" /><testcase classname="backend.tests.test_neodent_helix_gm_drilling_protocol_iteration54.TestHelixGMDrillingProtocol" name="test_helix_gm_acqua_6_0mm_d2_sequence" time="0.097" /><testcase classname="backend.tests.test_neodent_helix_gm_drilling_protocol_iteration54.TestHelixGMDrillingProtocol" name="test_helix_gm_acqua_6_0mm_d4_sequence" time="0.124" /><testcase classname="backend.tests.test_neodent_helix_gm_drilling_protocol_iteration54.TestHelixGMDrillingProtocol" name="test_helix_gm_neoporous_same_as_acqua" time="0.208" /><testcase classname="backend.tests.test_neodent_helix_gm_drilling_protocol_iteration54.TestHelixGMDrillingProtocol" name="test_plus_drill_depth_coronal_only" time="0.224" /><testcase classname="backend.tests.test_neodent_helix_gm_drilling_protocol_iteration54.TestHelixGMDrillingProtocol" name="test_plus_drill_note_crestal_expansion" time="0.113" /><testcase classname="backend.tests.test_neodent_helix_gm_drilling_protocol_iteration54.TestHelixGMDrillingProtocol" name="test_non_plus_drill_depths_equal_implant_length" time="0.100" /><testcase classname="backend.tests.test_neodent_helix_gm_drilling_protocol_iteration54.TestHelixGMDrillingProtocol" name="test_helix_gm_pdf_export" time="0.166" /><testcase classname="backend.tests.test_neodent_helix_gm_drilling_protocol_iteration54.TestHelixGMDrillingProtocol" name="test_regression_drive_gm_acqua_4_3mm_d2" time="0.102" /><testcase classname="backend.tests.test_neodent_helix_gm_drilling_protocol_iteration54.TestHelixGMDrillingProtocol" name="test_regression_titamax_gm_acqua_3_75mm_d2" time="0.109" /><testcase classname="backend.tests.test_neodent_helix_gm_drilling_protocol_iteration54.TestHelixGMDrillingProtocol" name="test_regression_bredent_blue_sky" time="0.101" /><testcase classname="backend.tests.test_neodent_helix_gm_drilling_protocol_iteration54.TestHelixGMDrillingProtocol" name="test_helix_gm_in_available_protocols" time="0.106" /></testsuite></testsuites>