<?xml version="1.0" encoding="utf-8"?><testsuites name="pytest tests"><testsuite name="pytest" errors="0" failures="0" skipped="0" tests="12" time="3.033" timestamp="2026-04-10T17:15:47.915737+00:00" hostname="agent-env-f3d7131d-3eee-4316-bb36-0fec50049412"><testcase classname="backend.tests.test_smart_planner_iteration82.TestSmartPlannerDentulousCase" name="test_generate_smart_planner_for_completed_case" time="0.504" /><testcase classname="backend.tests.test_smart_planner_iteration82.TestSmartPlannerDentulousCase" name="test_get_smart_planner_retrieves_stored_report" time="0.049" /><testcase classname="backend.tests.test_smart_planner_iteration82.TestSmartPlannerDentulousCase" name="test_procedure_detail_includes_smart_planner_report" time="0.049" /><testcase classname="backend.tests.test_smart_planner_iteration82.TestSmartPlannerStatusValidation" name="test_smart_planner_returns_400_for_draft_procedure" time="0.118" /><testcase classname="backend.tests.test_smart_planner_iteration82.TestSmartPlannerDentulousModules" name="test_dentulous_case_with_space_data" time="0.296" /><testcase classname="backend.tests.test_smart_planner_iteration82.TestSmartPlannerDentulousModules" name="test_dentulous_case_includes_retention_and_occlusion_modules" time="0.049" /><testcase classname="backend.tests.test_smart_planner_iteration82.TestSmartPlannerFullArchCase" name="test_full_arch_case_with_moderate_interarch_space" time="0.199" /><testcase classname="backend.tests.test_smart_planner_iteration82.TestSmartPlannerFullArchCase" name="test_full_arch_case_includes_material_and_hygiene_modules" time="0.215" /><testcase classname="backend.tests.test_smart_planner_iteration82.TestSmartPlannerReportPersistence" name="test_report_persisted_in_smart_planner_report_field" time="0.098" /><testcase classname="backend.tests.test_smart_planner_iteration82.TestSmartPlannerReportPersistence" name="test_get_smart_planner_returns_404_when_not_generated" time="0.228" /><testcase classname="backend.tests.test_smart_planner_iteration82.TestSmartPlannerEdgeCases" name="test_smart_planner_with_invalid_procedure_id" time="0.054" /><testcase classname="backend.tests.test_smart_planner_iteration82.TestSmartPlannerEdgeCases" name="test_smart_planner_regeneration_updates_report" time="1.116" /></testsuite></testsuites>