<?xml version="1.0" encoding="utf-8"?><testsuites name="pytest tests"><testsuite name="pytest" errors="0" failures="0" skipped="0" tests="19" time="8.918" timestamp="2026-03-13T07:15:17.092511+00:00" hostname="agent-env-8d5cd076-e2c4-41c4-be6b-6b7c04a97442"><testcase classname="tests.test_conelog_progressive_line.TestConelogProgressiveLineProtocol" name="test_conelog_4_3mm_D2_returns_9_steps" time="0.578" /><testcase classname="tests.test_conelog_progressive_line.TestConelogProgressiveLineProtocol" name="test_conelog_4_3mm_D1_returns_9_steps" time="0.457" /><testcase classname="tests.test_conelog_progressive_line.TestConelogProgressiveLineProtocol" name="test_conelog_4_3mm_D3_returns_7_steps" time="0.458" /><testcase classname="tests.test_conelog_progressive_line.TestConelogProgressiveLineProtocol" name="test_conelog_4_3mm_D4_returns_7_steps" time="0.447" /><testcase classname="tests.test_conelog_progressive_line.TestConelogProgressiveLineProtocol" name="test_conelog_3_3mm_D2_returns_7_steps" time="0.467" /><testcase classname="tests.test_conelog_progressive_line.TestConelogProgressiveLineProtocol" name="test_conelog_3_3mm_D3_returns_6_steps" time="0.449" /><testcase classname="tests.test_conelog_progressive_line.TestConelogProgressiveLineProtocol" name="test_conelog_3_3mm_D4_returns_6_steps" time="0.444" /><testcase classname="tests.test_conelog_progressive_line.TestConelogProgressiveLineProtocol" name="test_conelog_3_8mm_D2_returns_8_steps" time="0.450" /><testcase classname="tests.test_conelog_progressive_line.TestConelogProgressiveLineProtocol" name="test_conelog_3_8mm_D3_returns_6_steps" time="0.451" /><testcase classname="tests.test_conelog_progressive_line.TestConelogProgressiveLineProtocol" name="test_conelog_5_0mm_D2_returns_10_steps" time="0.451" /><testcase classname="tests.test_conelog_progressive_line.TestConelogProgressiveLineProtocol" name="test_conelog_5_0mm_D4_returns_8_steps" time="0.461" /><testcase classname="tests.test_conelog_progressive_line.TestConelogDrillCodes" name="test_twist_drill_codes_start_with_J5079" time="0.472" /><testcase classname="tests.test_conelog_progressive_line.TestConelogDrillCodes" name="test_profile_drill_codes_start_with_J5080" time="0.442" /><testcase classname="tests.test_conelog_progressive_line.TestConelogDrillCodes" name="test_dense_bone_drill_codes_start_with_J5072" time="0.461" /><testcase classname="tests.test_conelog_progressive_line.TestConelogImplantPlacement" name="test_implant_placement_rpm_and_irrigation" time="0.445" /><testcase classname="tests.test_conelog_progressive_line.TestAvailableProtocols" name="test_available_protocols_includes_conelog" time="0.445" /><testcase classname="tests.test_conelog_progressive_line.TestBioHorizonsRegression" name="test_biohorizons_tapered_pro_D2_still_works" time="0.452" /><testcase classname="tests.test_conelog_progressive_line.TestBioHorizonsRegression" name="test_biohorizons_tapered_short_D2_still_works" time="0.478" /><testcase classname="tests.test_conelog_progressive_line.TestExportPDF" name="test_export_pdf_conelog_returns_valid_pdf" time="0.523" /></testsuite></testsuites>