<?xml version="1.0" encoding="utf-8"?><testsuites name="pytest tests"><testsuite name="pytest" errors="0" failures="0" skipped="1" tests="13" time="8.271" timestamp="2026-03-16T10:57:56.695270+00:00" hostname="agent-env-a6e9aa30-1ad5-42f0-a5fa-4401aa92c2fd"><testcase classname="backend.tests.test_phase_b_iteration36.TestNotificationsUnreadCount" name="test_student_unread_count" time="0.653" /><testcase classname="backend.tests.test_phase_b_iteration36.TestNotificationsUnreadCount" name="test_supervisor_unread_count" time="0.444" /><testcase classname="backend.tests.test_phase_b_iteration36.TestNotificationsUnreadCount" name="test_implant_incharge_unread_count" time="0.443" /><testcase classname="backend.tests.test_phase_b_iteration36.TestDashboardStats" name="test_student_dashboard_stats" time="0.492" /><testcase classname="backend.tests.test_phase_b_iteration36.TestDashboardStats" name="test_supervisor_dashboard_stats" time="0.419" /><testcase classname="backend.tests.test_phase_b_iteration36.TestDashboardStats" name="test_implant_incharge_dashboard_stats" time="0.442" /><testcase classname="backend.tests.test_phase_b_iteration36.TestPhotoAccess" name="test_student_can_access_photos" time="0.653" /><testcase classname="backend.tests.test_phase_b_iteration36.TestPhotoAccess" name="test_supervisor_can_access_photos" time="0.431"><skipped type="pytest.skip" message="No procedures available for supervisor">/app/backend/tests/test_phase_b_iteration36.py:222: No procedures available for supervisor</skipped></testcase><testcase classname="backend.tests.test_phase_b_iteration36.TestPhotoAccess" name="test_incharge_can_access_photos" time="0.613" /><testcase classname="backend.tests.test_phase_b_iteration36.TestFullPhase2FlowWithTorqueValues" name="test_full_phase2_flow_with_torque_values" time="2.370" /><testcase classname="backend.tests.test_phase_b_iteration36.TestPhase2SubmitTorqueValues" name="test_get_phase1_approved_procedure" time="0.492" /><testcase classname="backend.tests.test_phase_b_iteration36.TestChecklistNoStudentNotesDuplicate" name="test_verify_surgical_checklist_no_student_notes" time="0.000" /><testcase classname="backend.tests.test_phase_b_iteration36.TestPhotoWorkflow" name="test_upload_and_retrieve_photo" time="0.731" /></testsuite></testsuites>