<?xml version="1.0" encoding="utf-8"?><testsuites name="pytest tests"><testsuite name="pytest" errors="0" failures="0" skipped="0" tests="21" time="2.577" timestamp="2026-03-10T08:55:15.156478+00:00" hostname="agent-env-293cfaa7-2344-4d54-9362-77165d1e4eb5"><testcase classname="backend.tests.test_risk_calculator.TestRiskCalculator" name="test_high_risk_case_example" time="0.485" /><testcase classname="backend.tests.test_risk_calculator.TestRiskCalculator" name="test_width_risk_moderate" time="0.112" /><testcase classname="backend.tests.test_risk_calculator.TestRiskCalculator" name="test_height_risk_high" time="0.099" /><testcase classname="backend.tests.test_risk_calculator.TestRiskCalculator" name="test_bone_density_d1" time="0.105" /><testcase classname="backend.tests.test_risk_calculator.TestRiskCalculator" name="test_bone_density_d2" time="0.097" /><testcase classname="backend.tests.test_risk_calculator.TestRiskCalculator" name="test_bone_density_d3" time="0.095" /><testcase classname="backend.tests.test_risk_calculator.TestRiskCalculator" name="test_bone_density_d4" time="0.108" /><testcase classname="backend.tests.test_risk_calculator.TestRiskCalculator" name="test_procedure_conventional" time="0.105" /><testcase classname="backend.tests.test_risk_calculator.TestRiskCalculator" name="test_procedure_immediate" time="0.107" /><testcase classname="backend.tests.test_risk_calculator.TestRiskCalculator" name="test_procedure_sinus_lift" time="0.096" /><testcase classname="backend.tests.test_risk_calculator.TestRiskCalculator" name="test_procedure_restricted_bone_height" time="0.092" /><testcase classname="backend.tests.test_risk_calculator.TestRiskCalculator" name="test_tooth_position_molar" time="0.097" /><testcase classname="backend.tests.test_risk_calculator.TestRiskCalculator" name="test_tooth_position_anterior" time="0.108" /><testcase classname="backend.tests.test_risk_calculator.TestRiskCalculator" name="test_tooth_position_premolar" time="0.096" /><testcase classname="backend.tests.test_risk_calculator.TestRiskCalculator" name="test_low_risk_case" time="0.102" /><testcase classname="backend.tests.test_risk_calculator.TestRiskCalculator" name="test_missing_fields_returns_400" time="0.097" /><testcase classname="backend.tests.test_risk_calculator.TestRiskCalculator" name="test_empty_bone_type_returns_400" time="0.097" /><testcase classname="backend.tests.test_risk_calculator.TestRiskCalculator" name="test_factors_array_has_5_items" time="0.098" /><testcase classname="backend.tests.test_risk_calculator.TestRiskCalculator" name="test_suggested_actions_for_high_risk" time="0.097" /><testcase classname="backend.tests.test_risk_calculator.TestRiskCalculator" name="test_moderate_risk_case" time="0.095" /><testcase classname="backend.tests.test_risk_calculator.TestRiskCalculator" name="test_suggest_endpoint_regression" time="0.106" /></testsuite></testsuites>