<?xml version="1.0" encoding="utf-8"?><testsuites name="pytest tests"><testsuite name="pytest" errors="0" failures="4" skipped="0" tests="19" time="7.150" timestamp="2026-02-26T15:18:52.111428+00:00" hostname="agent-env-4b3bdf43-856f-44c8-abb4-c3e123b37f3e"><testcase classname="backend.tests.test_stage2_workflow.TestStage2BackendAPIs" name="test_01_completed_procedure_has_all_checklist_sections" time="1.923" /><testcase classname="backend.tests.test_stage2_workflow.TestStage2BackendAPIs" name="test_02_get_pending_procedures_includes_all_stages" time="0.127" /><testcase classname="backend.tests.test_stage2_workflow.TestStage2BackendAPIs" name="test_03_get_completed_procedures" time="0.160" /><testcase classname="backend.tests.test_stage2_workflow.TestStage2BackendAPIs" name="test_04_dashboard_stats_includes_stage2" time="0.114" /><testcase classname="backend.tests.test_stage2_workflow.TestStage2BackendAPIs" name="test_05_create_procedure_for_stage2_test" time="0.238" /><testcase classname="backend.tests.test_stage2_workflow.TestStage2BackendAPIs" name="test_06_stage2_surgical_requires_phase2_approved" time="0.125"><failure message="AssertionError: Expected 400, got 422: {&quot;detail&quot;:[{&quot;type&quot;:&quot;missing&quot;,&quot;loc&quot;:[&quot;body&quot;,&quot;checklist&quot;,&quot;items&quot;,0,&quot;label&quot;],&quot;msg&quot;:&quot;Field required&quot;,&quot;input&quot;:{&quot;id&quot;:&quot;healing_assessment&quot;,&quot;value&quot;:true},&quot;url&quot;:&quot;https://errors.pydantic.dev/2.12/v/missing&quot;}]}&#10;assert 422 == 400&#10; +  where 422 = &lt;Response [422]&gt;.status_code">backend/tests/test_stage2_workflow.py:195: in test_06_stage2_surgical_requires_phase2_approved
    assert response.status_code == 400, f"Expected 400, got {response.status_code}: {response.text}"
E   AssertionError: Expected 400, got 422: {"detail":[{"type":"missing","loc":["body","checklist","items",0,"label"],"msg":"Field required","input":{"id":"healing_assessment","value":true},"url":"https://errors.pydantic.dev/2.12/v/missing"}]}
E   assert 422 == 400
E    +  where 422 = &lt;Response [422]&gt;.status_code</failure></testcase><testcase classname="backend.tests.test_stage2_workflow.TestStage2BackendAPIs" name="test_07_approve_phase1_and_phase2" time="1.105" /><testcase classname="backend.tests.test_stage2_workflow.TestStage2BackendAPIs" name="test_08_submit_stage2_surgical_protocol" time="0.212" /><testcase classname="backend.tests.test_stage2_workflow.TestStage2BackendAPIs" name="test_09_stage2_prosthetic_requires_surgical_approved" time="0.148"><failure message="AssertionError: Expected 400, got 422: {&quot;detail&quot;:[{&quot;type&quot;:&quot;missing&quot;,&quot;loc&quot;:[&quot;body&quot;,&quot;checklist&quot;,&quot;items&quot;,0,&quot;label&quot;],&quot;msg&quot;:&quot;Field required&quot;,&quot;input&quot;:{&quot;id&quot;:&quot;impression_taken&quot;,&quot;value&quot;:true},&quot;url&quot;:&quot;https://errors.pydantic.dev/2.12/v/missing&quot;}]}&#10;assert 422 == 400&#10; +  where 422 = &lt;Response [422]&gt;.status_code">backend/tests/test_stage2_workflow.py:316: in test_09_stage2_prosthetic_requires_surgical_approved
    assert response.status_code == 400, f"Expected 400, got {response.status_code}: {response.text}"
E   AssertionError: Expected 400, got 422: {"detail":[{"type":"missing","loc":["body","checklist","items",0,"label"],"msg":"Field required","input":{"id":"impression_taken","value":true},"url":"https://errors.pydantic.dev/2.12/v/missing"}]}
E   assert 422 == 400
E    +  where 422 = &lt;Response [422]&gt;.status_code</failure></testcase><testcase classname="backend.tests.test_stage2_workflow.TestStage2BackendAPIs" name="test_10_nurse_cannot_approve_stage2_surgical" time="0.144" /><testcase classname="backend.tests.test_stage2_workflow.TestStage2BackendAPIs" name="test_11_approve_stage2_surgical" time="0.376" /><testcase classname="backend.tests.test_stage2_workflow.TestStage2BackendAPIs" name="test_12_submit_stage2_prosthetic_protocol" time="0.168" /><testcase classname="backend.tests.test_stage2_workflow.TestStage2BackendAPIs" name="test_13_approve_stage2_prosthetic_completes_treatment" time="0.343" /><testcase classname="backend.tests.test_stage2_workflow.TestStage2BackendAPIs" name="test_14_verify_completed_procedure_structure" time="0.119" /><testcase classname="backend.tests.test_stage2_workflow.TestStage2BackendAPIs" name="test_15_nurse_can_view_completed_procedure" time="0.133" /><testcase classname="backend.tests.test_stage2_workflow.TestStage2BackendAPIs" name="test_16_only_creator_can_submit_stage2" time="0.000" /><testcase classname="backend.tests.test_stage2_workflow.TestStage2BackendAPIs" name="test_17_stage2_surgical_rejection_creates_new_procedure" time="0.135"><failure message="assert 422 == 200&#10; +  where 422 = &lt;Response [422]&gt;.status_code">backend/tests/test_stage2_workflow.py:525: in test_17_stage2_surgical_rejection_creates_new_procedure
    assert response.status_code == 200
E   assert 422 == 200
E    +  where 422 = &lt;Response [422]&gt;.status_code</failure></testcase><testcase classname="backend.tests.test_stage2_workflow.TestStage2BackendAPIs" name="test_18_rejected_procedures_filter" time="0.138"><failure message="AttributeError: module 'pytest' has no attribute 'reject_procedure_id'">backend/tests/test_stage2_workflow.py:583: in test_18_rejected_procedures_filter
    assert pytest.reject_procedure_id in reject_ids, "Rejected test procedure not in rejected filter"
           ^^^^^^^^^^^^^^^^^^^^^^^^^^
E   AttributeError: module 'pytest' has no attribute 'reject_procedure_id'</failure></testcase><testcase classname="backend.tests.test_stage2_workflow.TestStage2BackendAPIs" name="test_99_cleanup_test_procedures" time="1.190" /></testsuite></testsuites>