<?xml version="1.0" encoding="utf-8"?><testsuites name="pytest tests"><testsuite name="pytest" errors="0" failures="0" skipped="0" tests="7" time="3.564" timestamp="2026-04-09T09:03:25.640090+00:00" hostname="agent-env-f3d7131d-3eee-4316-bb36-0fec50049412"><testcase classname="tests.test_style_changes_iteration81.TestAuthAPI" name="test_login_success" time="0.389" /><testcase classname="tests.test_style_changes_iteration81.TestAuthAPI" name="test_login_invalid_credentials" time="0.100" /><testcase classname="tests.test_style_changes_iteration81.TestProceduresAPI" name="test_create_procedure_with_all_fields" time="0.629" /><testcase classname="tests.test_style_changes_iteration81.TestProceduresAPI" name="test_get_procedure_returns_full_data" time="0.755" /><testcase classname="tests.test_style_changes_iteration81.TestProceduresAPI" name="test_pdf_generation" time="0.901" /><testcase classname="tests.test_style_changes_iteration81.TestFullArchProcedure" name="test_all_on_4_procedure_with_full_arch_fields" time="0.635" /><testcase classname="tests.test_style_changes_iteration81.TestHealthEndpoint" name="test_health_check" time="0.089" /></testsuite></testsuites>