<?xml version="1.0" encoding="utf-8"?><testsuites name="pytest tests"><testsuite name="pytest" errors="0" failures="0" skipped="0" tests="13" time="8.966" timestamp="2026-03-16T15:21:05.035164+00:00" hostname="agent-env-a6e9aa30-1ad5-42f0-a5fa-4401aa92c2fd"><testcase classname="backend.tests.test_two_tier_rejection_iteration40.TestPhase1PermanentRejection" name="test_phase1_permanent_rejection" time="1.373" /><testcase classname="backend.tests.test_two_tier_rejection_iteration40.TestPhase1ReconsiderRejection" name="test_phase1_reconsider_rejection" time="0.513" /><testcase classname="backend.tests.test_two_tier_rejection_iteration40.TestPhase1ReconsiderResubmit" name="test_phase1_reconsider_then_resubmit" time="0.517" /><testcase classname="backend.tests.test_two_tier_rejection_iteration40.TestPhase2PermanentRejection" name="test_phase2_permanent_rejection" time="1.134" /><testcase classname="backend.tests.test_two_tier_rejection_iteration40.TestPhase2ReconsiderRejection" name="test_phase2_reconsider_rejection" time="0.785" /><testcase classname="backend.tests.test_two_tier_rejection_iteration40.TestRejectionNotifications" name="test_notification_on_permanent_rejection" time="0.656" /><testcase classname="backend.tests.test_two_tier_rejection_iteration40.TestRejectionNotifications" name="test_notification_on_reconsider_rejection" time="0.590" /><testcase classname="backend.tests.test_two_tier_rejection_iteration40.TestFullFlowPhase2ReconsiderResubmit" name="test_full_flow_phase2_reconsider_resubmit" time="1.056" /><testcase classname="backend.tests.test_two_tier_rejection_iteration40.TestPermanentlyRejectedPreventsFurtherActions" name="test_permanently_rejected_blocks_phase1_approval" time="0.627" /><testcase classname="backend.tests.test_two_tier_rejection_iteration40.TestPermanentlyRejectedPreventsFurtherActions" name="test_permanently_rejected_blocks_approve_action" time="0.504" /><testcase classname="backend.tests.test_two_tier_rejection_iteration40.TestRejectionTypeFieldAccepted" name="test_rejection_type_permanent_accepted" time="0.434" /><testcase classname="backend.tests.test_two_tier_rejection_iteration40.TestRejectionTypeFieldAccepted" name="test_rejection_type_reconsider_accepted" time="0.348" /><testcase classname="backend.tests.test_two_tier_rejection_iteration40.TestRejectionTypeFieldAccepted" name="test_rejection_type_defaults_to_permanent" time="0.367" /></testsuite></testsuites>