<?xml version="1.0" encoding="utf-8"?><testsuites name="pytest tests"><testsuite name="pytest" errors="0" failures="0" skipped="0" tests="16" time="6.803" timestamp="2026-03-10T05:24:41.864091+00:00" hostname="agent-env-293cfaa7-2344-4d54-9362-77165d1e4eb5"><testcase classname="backend.tests.test_implant_indications.TestImplantIndications" name="test_systems_endpoint_returns_indication_field" time="0.550" /><testcase classname="backend.tests.test_implant_indications.TestImplantIndications" name="test_systems_count_remains_42" time="0.392" /><testcase classname="backend.tests.test_implant_indications.TestImplantIndications" name="test_nobelactive_np_has_restricted_teeth" time="0.411" /><testcase classname="backend.tests.test_implant_indications.TestImplantIndications" name="test_osstem_ms_has_restricted_teeth" time="0.395" /><testcase classname="backend.tests.test_implant_indications.TestImplantIndications" name="test_neodent_helix_gm_acqua_has_indication_no_restriction" time="0.425" /><testcase classname="backend.tests.test_implant_indications.TestImplantIndications" name="test_biohorizons_tapered_pro_indication" time="0.441" /><testcase classname="backend.tests.test_implant_indications.TestImplantIndications" name="test_straumann_blt_empty_indication" time="0.389" /><testcase classname="backend.tests.test_implant_indications.TestImplantIndications" name="test_all_18_indications_mapped" time="0.402" /><testcase classname="backend.tests.test_implant_indications.TestImplantIndications" name="test_suggest_endpoint_still_works" time="0.413" /><testcase classname="backend.tests.test_implant_indications.TestImplantIndications" name="test_tooth_recommendations_returns_28" time="0.401" /><testcase classname="backend.tests.test_implant_indications.TestImplantIndications" name="test_neodent_systems_count" time="0.429" /><testcase classname="backend.tests.test_implant_indications.TestImplantIndications" name="test_noble_biocare_systems_count" time="0.398" /><testcase classname="backend.tests.test_implant_indications.TestImplantIndications" name="test_osstem_systems_count" time="0.421" /><testcase classname="backend.tests.test_implant_indications.TestImplantIndications" name="test_biohorizons_systems_count" time="0.395" /><testcase classname="backend.tests.test_implant_indications.TestImplantIndications" name="test_neobiotech_systems_count" time="0.394" /><testcase classname="backend.tests.test_implant_indications.TestImplantIndications" name="test_titamax_gm_acqua_no_indication" time="0.402" /></testsuite></testsuites>