<?xml version="1.0" encoding="utf-8"?><testsuites name="pytest tests"><testsuite name="pytest" errors="0" failures="0" skipped="0" tests="23" time="2.425" timestamp="2026-03-13T14:03:58.766237+00:00" hostname="agent-env-8d5cd076-e2c4-41c4-be6b-6b7c04a97442"><testcase classname="backend.tests.test_neodent_gm_protocols.TestAvailableProtocols" name="test_available_protocols_count" time="0.567" /><testcase classname="backend.tests.test_neodent_gm_protocols.TestHelixGMProtocol" name="test_helix_4_3mm_d3_6_steps" time="0.064" /><testcase classname="backend.tests.test_neodent_gm_protocols.TestHelixGMProtocol" name="test_helix_4_3mm_d1_7_steps" time="0.053" /><testcase classname="backend.tests.test_neodent_gm_protocols.TestHelixGMProtocol" name="test_helix_4_3mm_d4_5_steps" time="0.051" /><testcase classname="backend.tests.test_neodent_gm_protocols.TestHelixGMProtocol" name="test_helix_neoporous_3_5mm_d3_3_steps" time="0.059" /><testcase classname="backend.tests.test_neodent_gm_protocols.TestHelixGMProtocol" name="test_helix_6_0mm_d2_8_steps" time="0.050" /><testcase classname="backend.tests.test_neodent_gm_protocols.TestDriveGMProtocol" name="test_drive_4_3mm_d3_4_steps" time="0.049" /><testcase classname="backend.tests.test_neodent_gm_protocols.TestDriveGMProtocol" name="test_drive_neoporous_3_5mm_d1_4_steps" time="0.053" /><testcase classname="backend.tests.test_neodent_gm_protocols.TestDriveGMProtocol" name="test_drive_5_0mm_d4_4_steps" time="0.062" /><testcase classname="backend.tests.test_neodent_gm_protocols.TestTitamaxGMProtocol" name="test_titamax_4_0mm_d2_7_steps" time="0.052" /><testcase classname="backend.tests.test_neodent_gm_protocols.TestTitamaxGMProtocol" name="test_titamax_neoporous_5_0mm_d2_9_steps" time="0.054" /><testcase classname="backend.tests.test_neodent_gm_protocols.TestTitamaxGMProtocol" name="test_titamax_3_5mm_d2_7_steps" time="0.053" /><testcase classname="backend.tests.test_neodent_gm_protocols.TestDrillCodes" name="test_helix_drill_codes" time="0.061" /><testcase classname="backend.tests.test_neodent_gm_protocols.TestDrillCodes" name="test_titamax_combo_drill_codes" time="0.048" /><testcase classname="backend.tests.test_neodent_gm_protocols.TestRPMSettings" name="test_d1_d2_uses_800_1200_rpm" time="0.152" /><testcase classname="backend.tests.test_neodent_gm_protocols.TestRPMSettings" name="test_d3_d4_uses_500_800_rpm" time="0.111" /><testcase classname="backend.tests.test_neodent_gm_protocols.TestRPMSettings" name="test_implant_placement_always_30_rpm" time="0.211" /><testcase classname="backend.tests.test_neodent_gm_protocols.TestInsertionTorque" name="test_neodent_insertion_torque_60_ncm" time="0.157" /><testcase classname="backend.tests.test_neodent_gm_protocols.TestPDFExport" name="test_pdf_export_helix" time="0.118" /><testcase classname="backend.tests.test_neodent_gm_protocols.TestPDFExport" name="test_pdf_export_drive" time="0.059" /><testcase classname="backend.tests.test_neodent_gm_protocols.TestPDFExport" name="test_pdf_export_titamax" time="0.129" /><testcase classname="backend.tests.test_neodent_gm_protocols.TestRegressionBioHorizons" name="test_biohorizons_tapered_pro_d2" time="0.057" /><testcase classname="backend.tests.test_neodent_gm_protocols.TestRegressionConelog" name="test_conelog_progressive_line_d2" time="0.054" /></testsuite></testsuites>