<?xml version="1.0" encoding="utf-8"?><testsuites name="pytest tests"><testsuite name="pytest" errors="0" failures="0" skipped="0" tests="22" time="11.739" timestamp="2026-04-14T13:27:04.211150+00:00" hostname="agent-env-f3d7131d-3eee-4316-bb36-0fec50049412"><testcase classname="backend.tests.test_draft_pipeline_iteration85.TestHealthCheck" name="test_health_endpoint" time="0.302" /><testcase classname="backend.tests.test_draft_pipeline_iteration85.TestAuthentication" name="test_student_login" time="0.420" /><testcase classname="backend.tests.test_draft_pipeline_iteration85.TestAuthentication" name="test_supervisor_login" time="0.354" /><testcase classname="backend.tests.test_draft_pipeline_iteration85.TestAuthentication" name="test_implant_incharge_login" time="0.376" /><testcase classname="backend.tests.test_draft_pipeline_iteration85.TestProceduresPhaseFilter" name="test_procedures_without_phase_filter" time="0.512" /><testcase classname="backend.tests.test_draft_pipeline_iteration85.TestProceduresPhaseFilter" name="test_procedures_phase_1_filter" time="0.471" /><testcase classname="backend.tests.test_draft_pipeline_iteration85.TestProceduresPhaseFilter" name="test_procedures_phase_2_filter" time="0.450" /><testcase classname="backend.tests.test_draft_pipeline_iteration85.TestProceduresPhaseFilter" name="test_procedures_phase_3_filter" time="0.476" /><testcase classname="backend.tests.test_draft_pipeline_iteration85.TestProceduresPhaseFilter" name="test_procedures_phase_4_filter" time="0.448" /><testcase classname="backend.tests.test_draft_pipeline_iteration85.TestProceduresPhaseFilter" name="test_procedures_completed_filter" time="0.470" /><testcase classname="backend.tests.test_draft_pipeline_iteration85.TestProceduresPhaseFilter" name="test_phase_filter_with_student_role" time="0.481" /><testcase classname="backend.tests.test_draft_pipeline_iteration85.TestProceduresPhaseFilter" name="test_phase_filter_with_supervisor_role" time="0.508" /><testcase classname="backend.tests.test_draft_pipeline_iteration85.TestDashboardPipelineStats" name="test_dashboard_stats_student_has_pipeline" time="0.450" /><testcase classname="backend.tests.test_draft_pipeline_iteration85.TestDashboardPipelineStats" name="test_dashboard_stats_supervisor_has_pipeline" time="0.465" /><testcase classname="backend.tests.test_draft_pipeline_iteration85.TestDashboardPipelineStats" name="test_dashboard_stats_incharge_has_pipeline" time="0.490" /><testcase classname="backend.tests.test_draft_pipeline_iteration85.TestDashboardPipelineStats" name="test_dashboard_stats_pipeline_counts_match_phase_filter" time="0.726" /><testcase classname="backend.tests.test_draft_pipeline_iteration85.TestDraftCRUDOperations" name="test_get_draft_procedure_returns_draft_status" time="0.590" /><testcase classname="backend.tests.test_draft_pipeline_iteration85.TestDraftCRUDOperations" name="test_create_and_delete_draft_procedure_by_incharge" time="0.837" /><testcase classname="backend.tests.test_draft_pipeline_iteration85.TestDraftCRUDOperations" name="test_delete_procedure_forbidden_for_student" time="0.944" /><testcase classname="backend.tests.test_draft_pipeline_iteration85.TestDraftCRUDOperations" name="test_delete_procedure_forbidden_for_supervisor" time="0.962" /><testcase classname="backend.tests.test_draft_pipeline_iteration85.TestDraftsInDashboard" name="test_dashboard_stats_includes_drafts_count" time="0.456" /><testcase classname="backend.tests.test_draft_pipeline_iteration85.TestDraftsInDashboard" name="test_drafts_count_in_pipeline_phase1" time="0.460" /></testsuite></testsuites>