<?xml version="1.0" encoding="utf-8"?><testsuites name="pytest tests"><testsuite name="pytest" errors="0" failures="0" skipped="0" tests="8" time="7.848" timestamp="2026-03-16T04:29:37.464916+00:00" hostname="agent-env-affc4a92-3a8f-426d-ab2e-e46992a7d6f0"><testcase classname="backend.tests.test_draft_cases_stats_iteration34.TestDraftCasesStats" name="test_dashboard_stats_has_drafts_field" time="0.611" /><testcase classname="backend.tests.test_draft_cases_stats_iteration34.TestDraftCasesStats" name="test_dashboard_stats_drafts_count_valid" time="0.456" /><testcase classname="backend.tests.test_draft_cases_stats_iteration34.TestDraftCasesStats" name="test_get_procedures_draft_filter" time="0.452" /><testcase classname="backend.tests.test_draft_cases_stats_iteration34.TestDraftCasesStats" name="test_drafts_count_matches_filtered_procedures" time="0.555" /><testcase classname="backend.tests.test_draft_cases_stats_iteration34.TestDraftCasesStats" name="test_create_draft_increases_drafts_count" time="1.360" /><testcase classname="backend.tests.test_draft_cases_stats_iteration34.TestDraftCasesStats" name="test_request_approval_decreases_drafts_count" time="1.763" /><testcase classname="backend.tests.test_draft_cases_stats_iteration34.TestDraftCasesStats" name="test_request_phase1_approval_endpoint" time="1.379" /><testcase classname="backend.tests.test_draft_cases_stats_iteration34.TestDraftCasesStats" name="test_existing_draft_case_accessible" time="1.212" /></testsuite></testsuites>