<?xml version="1.0" encoding="utf-8"?><testsuites name="pytest tests"><testsuite name="pytest" errors="0" failures="0" skipped="1" tests="13" time="2.251" timestamp="2026-03-24T10:01:27.717108+00:00" hostname="agent-env-4905b8e3-a2aa-4100-b744-cb80b53cabdb"><testcase classname="backend.tests.test_phase2_features_iteration44.TestPhase2Features" name="test_completed_procedure_has_phase2_data" time="0.529" /><testcase classname="backend.tests.test_phase2_features_iteration44.TestPhase2Features" name="test_phase2_data_has_healing_abutment_cuff_height_field" time="0.137" /><testcase classname="backend.tests.test_phase2_features_iteration44.TestPhase2Features" name="test_phase2_data_has_pre_surgery_checklist" time="0.107" /><testcase classname="backend.tests.test_phase2_features_iteration44.TestPhase2Features" name="test_phase2_data_has_post_op_checklist" time="0.114" /><testcase classname="backend.tests.test_phase2_features_iteration44.TestPhase2Features" name="test_phase2_data_has_surgical_procedure_fields" time="0.119" /><testcase classname="backend.tests.test_phase2_features_iteration44.TestPhase2Features" name="test_phase2_submit_model_accepts_healing_abutment_cuff_height" time="0.100" /><testcase classname="backend.tests.test_phase2_features_iteration44.TestPhase2Features" name="test_procedure_has_top_level_notes_fields" time="0.096" /><testcase classname="backend.tests.test_phase2_features_iteration44.TestPhase2Features" name="test_phase2_submit_endpoint_structure" time="0.102"><skipped type="pytest.skip" message="Procedure 699fc5c2248100e8a0d87265 is not in phase1_approved status (current: phase2_approved)">/app/backend/tests/test_phase2_features_iteration44.py:246: Procedure 699fc5c2248100e8a0d87265 is not in phase1_approved status (current: phase2_approved)</skipped></testcase><testcase classname="backend.tests.test_phase2_features_iteration44.TestPhase2Features" name="test_get_procedure_returns_full_phase2_data" time="0.104" /><testcase classname="backend.tests.test_phase2_features_iteration44.TestPhase2Features" name="test_procedure_status_after_phase2_submit" time="0.097" /><testcase classname="backend.tests.test_phase2_features_iteration44.TestPhase2DataVerification" name="test_phase2_data_drilling_type_values" time="0.459" /><testcase classname="backend.tests.test_phase2_features_iteration44.TestPhase2DataVerification" name="test_phase2_data_prosthetic_component_with_healing_abutment" time="0.098" /><testcase classname="backend.tests.test_phase2_features_iteration44.TestPhase2DataVerification" name="test_all_procedures_list_accessible" time="0.120" /></testsuite></testsuites>