<?xml version="1.0" encoding="utf-8"?><testsuites name="pytest tests"><testsuite name="pytest" errors="0" failures="0" skipped="0" tests="16" time="4.775" timestamp="2026-04-21T08:18:50.216047+00:00" hostname="agent-env-f3d7131d-3eee-4316-bb36-0fec50049412"><testcase classname="tests.test_autoclave_iteration93.TestParseProcedureDatetime" name="test_accepts_24h_format" time="1.900" /><testcase classname="tests.test_autoclave_iteration93.TestParseProcedureDatetime" name="test_accepts_12h_am_format" time="0.001" /><testcase classname="tests.test_autoclave_iteration93.TestParseProcedureDatetime" name="test_accepts_12h_pm_format" time="0.000" /><testcase classname="tests.test_autoclave_iteration93.TestParseProcedureDatetime" name="test_returns_none_when_empty" time="0.000" /><testcase classname="tests.test_autoclave_iteration93.TestNurseMarkUnmark" name="test_mark_true_populates_object" time="0.517" /><testcase classname="tests.test_autoclave_iteration93.TestNurseMarkUnmark" name="test_persisted_via_case_detail_get" time="0.102" /><testcase classname="tests.test_autoclave_iteration93.TestNurseMarkUnmark" name="test_persisted_in_scheduled_cases_list" time="0.102" /><testcase classname="tests.test_autoclave_iteration93.TestNurseMarkUnmark" name="test_unmark_false_returns_null" time="0.156" /><testcase classname="tests.test_autoclave_iteration93.TestNurseMarkUnmark" name="test_unmark_persisted_get" time="0.100" /><testcase classname="tests.test_autoclave_iteration93.TestNurseMarkUnmark" name="test_remark_true_after_unmark" time="0.104" /><testcase classname="tests.test_autoclave_iteration93.TestRoleGuard" name="test_non_nurse_forbidden[student-student_token]" time="0.450" /><testcase classname="tests.test_autoclave_iteration93.TestRoleGuard" name="test_non_nurse_forbidden[supervisor-supervisor_token]" time="0.446" /><testcase classname="tests.test_autoclave_iteration93.TestRoleGuard" name="test_non_nurse_forbidden[incharge-incharge_token]" time="0.440" /><testcase classname="tests.test_autoclave_iteration93.TestOneHourLock" name="test_within_one_hour_returns_409" time="0.111" /><testcase classname="tests.test_autoclave_iteration93.TestOneHourLock" name="test_past_surgery_returns_409" time="0.103" /><testcase classname="tests.test_autoclave_iteration93.TestScheduledCasesField" name="test_field_present_on_all" time="0.105" /></testsuite></testsuites>