<?xml version="1.0" encoding="utf-8"?><testsuites name="pytest tests"><testsuite name="pytest" errors="0" failures="0" skipped="0" tests="22" time="6.280" timestamp="2026-03-29T04:23:27.491064+00:00" hostname="agent-env-4905b8e3-a2aa-4100-b744-cb80b53cabdb"><testcase classname="backend.tests.test_restricted_bone_height_iteration56.TestRestrictedBoneHeightBasic" name="test_bone_height_10_triggers_restricted_logic" time="0.679" /><testcase classname="backend.tests.test_restricted_bone_height_iteration56.TestRestrictedBoneHeightBasic" name="test_bone_height_9_triggers_restricted_logic" time="0.116" /><testcase classname="backend.tests.test_restricted_bone_height_iteration56.TestRestrictedBoneHeightBasic" name="test_bone_height_11_does_not_trigger_restricted_logic" time="0.104" /><testcase classname="backend.tests.test_restricted_bone_height_iteration56.TestRestrictedBoneHeightBasic" name="test_restricted_procedure_triggers_logic_even_with_high_bone_height" time="0.114" /><testcase classname="backend.tests.test_restricted_bone_height_iteration56.TestP1GroupSystems" name="test_p1_contains_exactly_four_systems_wide_width" time="0.554" /><testcase classname="backend.tests.test_restricted_bone_height_iteration56.TestP1GroupSystems" name="test_p1_systems_have_priority_1_label" time="0.125" /><testcase classname="backend.tests.test_restricted_bone_height_iteration56.TestP1GroupSystems" name="test_narrow_width_filters_p1_systems" time="0.121" /><testcase classname="backend.tests.test_restricted_bone_height_iteration56.TestP2GroupSystems" name="test_p2_excludes_p1_systems" time="0.457" /><testcase classname="backend.tests.test_restricted_bone_height_iteration56.TestP2GroupSystems" name="test_p2_systems_have_length_8mm_or_less" time="0.101" /><testcase classname="backend.tests.test_restricted_bone_height_iteration56.TestP2GroupSystems" name="test_p2_sorted_by_shortest_length_then_alphabetically" time="0.094" /><testcase classname="backend.tests.test_restricted_bone_height_iteration56.TestP2GroupSystems" name="test_p2_systems_have_correct_labels" time="0.119" /><testcase classname="backend.tests.test_restricted_bone_height_iteration56.TestBoneTypeBypass" name="test_d1_and_d4_return_same_systems_for_restricted_height" time="0.586" /><testcase classname="backend.tests.test_restricted_bone_height_iteration56.TestBoneTypeBypass" name="test_all_bone_types_return_same_p1_systems" time="0.477" /><testcase classname="backend.tests.test_restricted_bone_height_iteration56.TestDiameterFiltering" name="test_wide_width_diameter_range" time="0.460" /><testcase classname="backend.tests.test_restricted_bone_height_iteration56.TestDiameterFiltering" name="test_medium_width_diameter_range" time="0.112" /><testcase classname="backend.tests.test_restricted_bone_height_iteration56.TestDiameterFiltering" name="test_narrow_width_diameter_range" time="0.111" /><testcase classname="backend.tests.test_restricted_bone_height_iteration56.TestNormalFlowRegression" name="test_normal_flow_uses_bone_type_filtering" time="0.560" /><testcase classname="backend.tests.test_restricted_bone_height_iteration56.TestNormalFlowRegression" name="test_normal_flow_returns_systems" time="0.097" /><testcase classname="backend.tests.test_restricted_bone_height_iteration56.TestClinicalGuidance" name="test_clinical_guidance_includes_restricted_info" time="0.484" /><testcase classname="backend.tests.test_restricted_bone_height_iteration56.TestEdgeCases" name="test_bone_height_exactly_10_boundary" time="0.456" /><testcase classname="backend.tests.test_restricted_bone_height_iteration56.TestEdgeCases" name="test_bone_height_10_1_does_not_trigger" time="0.107" /><testcase classname="backend.tests.test_restricted_bone_height_iteration56.TestEdgeCases" name="test_very_narrow_width_4mm" time="0.112" /></testsuite></testsuites>