<?xml version="1.0" encoding="utf-8"?><testsuites name="pytest tests"><testsuite name="pytest" errors="0" failures="0" skipped="0" tests="29" time="3.536" timestamp="2026-03-29T11:05:03.302732+00:00" hostname="agent-env-4905b8e3-a2aa-4100-b744-cb80b53cabdb"><testcase classname="backend.tests.test_tsx_drilling_protocol_iteration57.TestTSXAvailability" name="test_tsx_in_available_protocols" time="0.613" /><testcase classname="backend.tests.test_tsx_drilling_protocol_iteration57.TestTSXDualKitResponse" name="test_tsx_returns_both_kits" time="0.104" /><testcase classname="backend.tests.test_tsx_drilling_protocol_iteration57.TestTSXDualKitResponse" name="test_both_kits_have_same_step_count" time="0.127" /><testcase classname="backend.tests.test_tsx_drilling_protocol_iteration57.TestTSX31mmDense" name="test_tsx_31mm_dense_includes_pilot" time="0.096" /><testcase classname="backend.tests.test_tsx_drilling_protocol_iteration57.TestTSX37mmD1Dense" name="test_tsx_37mm_d1_dense_4_steps" time="0.099" /><testcase classname="backend.tests.test_tsx_drilling_protocol_iteration57.TestTSX41mmD2Dense" name="test_tsx_41mm_d2_dense_5_steps" time="0.095" /><testcase classname="backend.tests.test_tsx_drilling_protocol_iteration57.TestTSX47mmD3Soft" name="test_tsx_47mm_d3_soft_no_step_drill" time="0.102" /><testcase classname="backend.tests.test_tsx_drilling_protocol_iteration57.TestTSX54mmD4SoftWarning" name="test_tsx_54mm_d4_soft_returns_warning" time="0.110" /><testcase classname="backend.tests.test_tsx_drilling_protocol_iteration57.TestTSX60mmD1Dense" name="test_tsx_60mm_d1_dense_8_steps" time="0.112" /><testcase classname="backend.tests.test_tsx_drilling_protocol_iteration57.TestTSXGoldKitCodes" name="test_gold_kit_codes" time="0.104" /><testcase classname="backend.tests.test_tsx_drilling_protocol_iteration57.TestTSXOriginalKitCodes" name="test_original_kit_codes" time="0.098" /><testcase classname="backend.tests.test_tsx_drilling_protocol_iteration57.TestTSXInsertionTorque" name="test_insertion_torque_90_ncm" time="0.100" /><testcase classname="backend.tests.test_tsx_drilling_protocol_iteration57.TestRegressionRestrictedBoneHeight" name="test_restricted_bone_height_suggest_auto" time="0.116" /><testcase classname="backend.tests.test_tsx_drilling_protocol_iteration57.TestRegressionNormalSuggestAuto" name="test_normal_suggest_auto" time="0.090" /><testcase classname="backend.tests.test_tsx_drilling_protocol_iteration57.TestRegressionAnkylosCX" name="test_ankylos_cx_drilling_protocol" time="0.098" /><testcase classname="backend.tests.test_tsx_drilling_protocol_iteration57.TestRegressionOsstemETIIINH" name="test_osstem_etiii_nh_drilling_protocol" time="0.097" /><testcase classname="backend.tests.test_tsx_drilling_protocol_iteration57.TestTSXProtocolType" name="test_dense_bone_protocol_type" time="0.095" /><testcase classname="backend.tests.test_tsx_drilling_protocol_iteration57.TestTSXProtocolType" name="test_soft_bone_protocol_type" time="0.114" /><testcase classname="backend.tests.test_tsx_drilling_protocol_iteration57.TestTSXAllDiameters" name="test_all_diameters_dense[3.1]" time="0.092" /><testcase classname="backend.tests.test_tsx_drilling_protocol_iteration57.TestTSXAllDiameters" name="test_all_diameters_dense[3.7]" time="0.094" /><testcase classname="backend.tests.test_tsx_drilling_protocol_iteration57.TestTSXAllDiameters" name="test_all_diameters_dense[4.1]" time="0.096" /><testcase classname="backend.tests.test_tsx_drilling_protocol_iteration57.TestTSXAllDiameters" name="test_all_diameters_dense[4.7]" time="0.096" /><testcase classname="backend.tests.test_tsx_drilling_protocol_iteration57.TestTSXAllDiameters" name="test_all_diameters_dense[5.4]" time="0.097" /><testcase classname="backend.tests.test_tsx_drilling_protocol_iteration57.TestTSXAllDiameters" name="test_all_diameters_dense[6.0]" time="0.103" /><testcase classname="backend.tests.test_tsx_drilling_protocol_iteration57.TestTSXAllLengths" name="test_all_lengths[8]" time="0.095" /><testcase classname="backend.tests.test_tsx_drilling_protocol_iteration57.TestTSXAllLengths" name="test_all_lengths[10]" time="0.107" /><testcase classname="backend.tests.test_tsx_drilling_protocol_iteration57.TestTSXAllLengths" name="test_all_lengths[11.5]" time="0.096" /><testcase classname="backend.tests.test_tsx_drilling_protocol_iteration57.TestTSXAllLengths" name="test_all_lengths[13]" time="0.096" /><testcase classname="backend.tests.test_tsx_drilling_protocol_iteration57.TestTSXAllLengths" name="test_all_lengths[16]" time="0.095" /></testsuite></testsuites>