<?xml version="1.0" encoding="utf-8"?><testsuites name="pytest tests"><testsuite name="pytest" errors="0" failures="0" skipped="0" tests="3" time="0.950" timestamp="2026-08-04T04:11:22.258798+00:00" hostname="agent-env-d4ef8c28-556f-46de-bbb2-6a646a5e3751"><testcase classname="backend.tests.test_iter400_survival_aug.TestSurvivalReviewAugmentation" name="test_login_ok" time="0.467" /><testcase classname="backend.tests.test_iter400_survival_aug.TestSurvivalReviewAugmentation" name="test_submit_with_augmentation_persists" time="0.156" /><testcase classname="backend.tests.test_iter400_survival_aug.TestSurvivalReviewAugmentation" name="test_submit_without_augmentation_persists_null" time="0.211" /></testsuite></testsuites>