<?xml version="1.0" encoding="utf-8"?><testsuites name="pytest tests"><testsuite name="pytest" errors="0" failures="0" skipped="0" tests="25" time="11.575" timestamp="2026-04-04T15:28:37.300070+00:00" hostname="agent-env-f3d7131d-3eee-4316-bb36-0fec50049412"><testcase classname="backend.tests.test_narrow_ridge_iteration66.TestNarrowRidgeEvaluateEndpoint" name="test_adequate_ridge_classification_6mm_or_more" time="0.504" /><testcase classname="backend.tests.test_narrow_ridge_iteration66.TestNarrowRidgeEvaluateEndpoint" name="test_mild_narrow_ridge_classification_4_5_to_6mm" time="0.440" /><testcase classname="backend.tests.test_narrow_ridge_iteration66.TestNarrowRidgeEvaluateEndpoint" name="test_moderate_narrow_ridge_classification_3_to_4_5mm" time="0.475" /><testcase classname="backend.tests.test_narrow_ridge_iteration66.TestNarrowRidgeEvaluateEndpoint" name="test_severe_narrow_ridge_classification_less_than_3mm" time="0.443" /><testcase classname="backend.tests.test_narrow_ridge_iteration66.TestNarrowRidgeEvaluateEndpoint" name="test_bone_envelope_warning_insufficient_clearance" time="0.470" /><testcase classname="backend.tests.test_narrow_ridge_iteration66.TestNarrowRidgeEvaluateEndpoint" name="test_severe_ridge_critical_warning_less_than_3mm" time="0.449" /><testcase classname="backend.tests.test_narrow_ridge_iteration66.TestNarrowRidgeEvaluateEndpoint" name="test_narrow_in_molar_warning" time="0.465" /><testcase classname="backend.tests.test_narrow_ridge_iteration66.TestNarrowRidgeEvaluateEndpoint" name="test_splinting_needed_warning" time="0.465" /><testcase classname="backend.tests.test_narrow_ridge_iteration66.TestNarrowRidgeEvaluateEndpoint" name="test_bone_density_d1_protocol" time="0.443" /><testcase classname="backend.tests.test_narrow_ridge_iteration66.TestNarrowRidgeEvaluateEndpoint" name="test_bone_density_d2_protocol" time="0.457" /><testcase classname="backend.tests.test_narrow_ridge_iteration66.TestNarrowRidgeEvaluateEndpoint" name="test_bone_density_d3_protocol" time="0.455" /><testcase classname="backend.tests.test_narrow_ridge_iteration66.TestNarrowRidgeEvaluateEndpoint" name="test_bone_density_d4_protocol" time="0.470" /><testcase classname="backend.tests.test_narrow_ridge_iteration66.TestNarrowRidgeEvaluateEndpoint" name="test_blocked_true_when_ridge_less_than_3mm" time="0.460" /><testcase classname="backend.tests.test_narrow_ridge_iteration66.TestNarrowRidgeEvaluateEndpoint" name="test_missing_ridge_width_returns_400" time="0.454" /><testcase classname="backend.tests.test_narrow_ridge_iteration66.TestNarrowRidgeEvaluateEndpoint" name="test_zero_ridge_width_returns_400" time="0.446" /><testcase classname="backend.tests.test_narrow_ridge_iteration66.TestSuggestAutoNarrowRidge" name="test_narrow_ridge_blocked_flow_bone_width_2_5mm" time="0.472" /><testcase classname="backend.tests.test_narrow_ridge_iteration66.TestSuggestAutoNarrowRidge" name="test_narrow_ridge_evaluation_included_in_normal_response" time="0.442" /><testcase classname="backend.tests.test_narrow_ridge_iteration66.TestSuggestAutoNarrowRidge" name="test_narrow_ridge_procedure_option_works" time="0.456" /><testcase classname="backend.tests.test_narrow_ridge_iteration66.TestSuggestEndpointNarrowRidge" name="test_narrow_ridge_evaluation_included_when_bone_width_less_than_6" time="0.455" /><testcase classname="backend.tests.test_narrow_ridge_iteration66.TestSuggestEndpointNarrowRidge" name="test_no_narrow_ridge_evaluation_when_bone_width_6_or_more" time="0.438" /><testcase classname="backend.tests.test_narrow_ridge_iteration66.TestProcedureOptions" name="test_narrow_ridge_in_procedures_list" time="0.442" /><testcase classname="backend.tests.test_narrow_ridge_iteration66.TestEdgeCases" name="test_boundary_6mm_is_adequate" time="0.476" /><testcase classname="backend.tests.test_narrow_ridge_iteration66.TestEdgeCases" name="test_boundary_4_5mm_is_mild_narrow" time="0.480" /><testcase classname="backend.tests.test_narrow_ridge_iteration66.TestEdgeCases" name="test_boundary_3mm_is_moderate_narrow" time="0.455" /><testcase classname="backend.tests.test_narrow_ridge_iteration66.TestEdgeCases" name="test_just_below_3mm_is_severe_narrow" time="0.458" /></testsuite></testsuites>