<?xml version="1.0" encoding="utf-8"?><testsuites name="pytest tests"><testsuite name="pytest" errors="0" failures="0" skipped="0" tests="13" time="5.317" timestamp="2026-03-12T14:33:11.640701+00:00" hostname="agent-env-8d5cd076-e2c4-41c4-be6b-6b7c04a97442"><testcase classname="tests.test_new_implant_systems_iteration17.TestImplantSystemsCount" name="test_systems_count_equals_45" time="0.687" /><testcase classname="tests.test_new_implant_systems_iteration17.TestNewSystemsPresence" name="test_biohorizons_tapered_pro_conical_rbt_present" time="0.490" /><testcase classname="tests.test_new_implant_systems_iteration17.TestNewSystemsPresence" name="test_biohorizons_tapered_short_conical_rbt_present" time="0.209" /><testcase classname="tests.test_new_implant_systems_iteration17.TestNewSystemsPresence" name="test_conelog_progressive_line_present" time="0.133" /><testcase classname="tests.test_new_implant_systems_iteration17.TestLetMeChooseNewSystems" name="test_let_me_choose_tapered_pro_conical_rbt" time="0.578" /><testcase classname="tests.test_new_implant_systems_iteration17.TestLetMeChooseNewSystems" name="test_let_me_choose_conelog_progressive_line" time="0.138" /><testcase classname="tests.test_new_implant_systems_iteration17.TestLetMeChooseNewSystems" name="test_let_me_choose_tapered_short_conical_rbt" time="0.160" /><testcase classname="tests.test_new_implant_systems_iteration17.TestSuggestMeNewSystems" name="test_suggest_me_includes_new_systems" time="0.516" /><testcase classname="tests.test_new_implant_systems_iteration17.TestDrillingProtocolsNewSystems" name="test_drilling_protocol_tapered_pro_conical_rbt" time="0.534" /><testcase classname="tests.test_new_implant_systems_iteration17.TestDrillingProtocolsNewSystems" name="test_drilling_protocol_tapered_short_conical_rbt" time="0.127" /><testcase classname="tests.test_new_implant_systems_iteration17.TestDrillingProtocolsNewSystems" name="test_drilling_protocol_d4_reduced_protocol" time="0.161" /><testcase classname="tests.test_new_implant_systems_iteration17.TestAvailableDrillingProtocols" name="test_available_protocols_lists_4_systems" time="0.611" /><testcase classname="tests.test_new_implant_systems_iteration17.TestConicalRBTProtocolAlias" name="test_conical_rbt_uses_same_protocol_as_non_rbt" time="0.719" /></testsuite></testsuites>