<?xml version="1.0" encoding="utf-8"?><testsuites name="pytest tests"><testsuite name="pytest" errors="0" failures="0" skipped="0" tests="25" time="11.985" timestamp="2026-04-04T18:25:25.257427+00:00" hostname="agent-env-f3d7131d-3eee-4316-bb36-0fec50049412"><testcase classname="backend.tests.test_narrow_ridge_suggest_iteration67.TestSuggestEndpointNarrowOptions" name="test_osstem_ts3_narrow_options_returned_when_bone_width_less_than_6" time="0.643" /><testcase classname="backend.tests.test_narrow_ridge_suggest_iteration67.TestSuggestEndpointNarrowOptions" name="test_osstem_ts3_narrow_ridge_evaluation_with_bone_type_d3" time="0.499" /><testcase classname="backend.tests.test_narrow_ridge_suggest_iteration67.TestSuggestEndpointNarrowOptions" name="test_osstem_ts3_narrow_options_diameters_verified" time="0.457" /><testcase classname="backend.tests.test_narrow_ridge_suggest_iteration67.TestSuggestEndpointNarrowOptions" name="test_bredent_copa_sky_narrow_ridge_warning_when_no_narrow_options" time="0.457" /><testcase classname="backend.tests.test_narrow_ridge_suggest_iteration67.TestSuggestEndpointNarrowOptions" name="test_bredent_copa_sky_still_has_narrow_ridge_evaluation" time="0.480" /><testcase classname="backend.tests.test_narrow_ridge_suggest_iteration67.TestSuggestEndpointNarrowOptions" name="test_no_narrow_options_when_bone_width_6_or_more" time="0.450" /><testcase classname="backend.tests.test_narrow_ridge_suggest_iteration67.TestSuggestEndpointNarrowOptions" name="test_boundary_exactly_6mm_no_narrow_options" time="0.447" /><testcase classname="backend.tests.test_narrow_ridge_suggest_iteration67.TestSuggestEndpointNarrowOptions" name="test_boundary_5_99mm_has_narrow_options" time="0.459" /><testcase classname="backend.tests.test_narrow_ridge_suggest_iteration67.TestSuggestEndpointNarrowOptions" name="test_bone_type_d1_drilling_protocol" time="0.465" /><testcase classname="backend.tests.test_narrow_ridge_suggest_iteration67.TestSuggestEndpointNarrowOptions" name="test_bone_type_d2_drilling_protocol" time="0.474" /><testcase classname="backend.tests.test_narrow_ridge_suggest_iteration67.TestSuggestEndpointNarrowOptions" name="test_bone_type_d4_drilling_protocol" time="0.467" /><testcase classname="backend.tests.test_narrow_ridge_suggest_iteration67.TestSuggestEndpointNarrowOptions" name="test_no_bone_type_still_returns_narrow_options" time="0.456" /><testcase classname="backend.tests.test_narrow_ridge_suggest_iteration67.TestSuggestAutoNarrowRidgeBlocked" name="test_narrow_ridge_blocked_true_when_bone_width_2_5mm" time="0.448" /><testcase classname="backend.tests.test_narrow_ridge_suggest_iteration67.TestSuggestAutoNarrowRidgeBlocked" name="test_narrow_ridge_evaluation_in_response_when_bone_width_5mm" time="0.521" /><testcase classname="backend.tests.test_narrow_ridge_suggest_iteration67.TestSuggestAutoNarrowRidgeBlocked" name="test_narrow_ridge_procedure_works" time="0.468" /><testcase classname="backend.tests.test_narrow_ridge_suggest_iteration67.TestProcedureOptionsNarrowRidge" name="test_narrow_ridge_in_procedures_list" time="0.453" /><testcase classname="backend.tests.test_narrow_ridge_suggest_iteration67.TestNarrowOptionsVerification" name="test_osstem_etiii_nh_narrow_options_all_lte_3_5mm" time="0.452" /><testcase classname="backend.tests.test_narrow_ridge_suggest_iteration67.TestNarrowOptionsVerification" name="test_osstem_ms_narrow_options_all_lte_3_5mm" time="0.489" /><testcase classname="backend.tests.test_narrow_ridge_suggest_iteration67.TestNarrowOptionsVerification" name="test_biohorizons_narrow_diameter_system" time="0.450" /><testcase classname="backend.tests.test_narrow_ridge_suggest_iteration67.TestEvaluateNarrowRidgeEndpoint" name="test_adequate_classification_6mm_plus" time="0.447" /><testcase classname="backend.tests.test_narrow_ridge_suggest_iteration67.TestEvaluateNarrowRidgeEndpoint" name="test_mild_narrow_classification_4_5_to_6mm" time="0.440" /><testcase classname="backend.tests.test_narrow_ridge_suggest_iteration67.TestEvaluateNarrowRidgeEndpoint" name="test_moderate_narrow_classification_3_to_4_5mm" time="0.482" /><testcase classname="backend.tests.test_narrow_ridge_suggest_iteration67.TestEvaluateNarrowRidgeEndpoint" name="test_severe_narrow_classification_less_than_3mm" time="0.446" /><testcase classname="backend.tests.test_narrow_ridge_suggest_iteration67.TestEvaluateNarrowRidgeEndpoint" name="test_bone_envelope_warning" time="0.471" /><testcase classname="backend.tests.test_narrow_ridge_suggest_iteration67.TestEvaluateNarrowRidgeEndpoint" name="test_prosthetic_narrow_in_molar_warning" time="0.442" /></testsuite></testsuites>