<?xml version="1.0" encoding="utf-8"?><testsuites name="pytest tests"><testsuite name="pytest" errors="0" failures="0" skipped="0" tests="33" time="7.096" timestamp="2026-04-03T10:57:54.868655+00:00" hostname="agent-env-f3d7131d-3eee-4316-bb36-0fec50049412"><testcase classname="backend.tests.test_complete_workflow_iteration62.TestHealthAndAuth" name="test_01_health_endpoint" time="0.121" /><testcase classname="backend.tests.test_complete_workflow_iteration62.TestHealthAndAuth" name="test_02_student_login" time="0.376" /><testcase classname="backend.tests.test_complete_workflow_iteration62.TestHealthAndAuth" name="test_03_supervisor_login" time="0.355" /><testcase classname="backend.tests.test_complete_workflow_iteration62.TestHealthAndAuth" name="test_04_incharge_login" time="0.413" /><testcase classname="backend.tests.test_complete_workflow_iteration62.TestCompleteStudentWorkflow" name="test_01_procedure_created_with_student_role" time="0.663" /><testcase classname="backend.tests.test_complete_workflow_iteration62.TestCompleteStudentWorkflow" name="test_02_save_implant_plan" time="0.099" /><testcase classname="backend.tests.test_complete_workflow_iteration62.TestCompleteStudentWorkflow" name="test_03_request_phase1_approval" time="0.289" /><testcase classname="backend.tests.test_complete_workflow_iteration62.TestCompleteStudentWorkflow" name="test_04_supervisor_approve_phase1_with_comment" time="0.444" /><testcase classname="backend.tests.test_complete_workflow_iteration62.TestCompleteStudentWorkflow" name="test_05_incharge_approve_phase1_with_comment" time="0.482" /><testcase classname="backend.tests.test_complete_workflow_iteration62.TestCompleteStudentWorkflow" name="test_06_submit_phase2_with_array_healing_abutment" time="0.175" /><testcase classname="backend.tests.test_complete_workflow_iteration62.TestCompleteStudentWorkflow" name="test_07_supervisor_approve_phase2_with_comment" time="0.114" /><testcase classname="backend.tests.test_complete_workflow_iteration62.TestCompleteStudentWorkflow" name="test_08_incharge_approve_phase2_with_comment" time="0.108" /><testcase classname="backend.tests.test_complete_workflow_iteration62.TestCompleteStudentWorkflow" name="test_09_submit_phase3" time="0.169" /><testcase classname="backend.tests.test_complete_workflow_iteration62.TestCompleteStudentWorkflow" name="test_10_supervisor_approve_phase3_with_comment" time="0.099" /><testcase classname="backend.tests.test_complete_workflow_iteration62.TestCompleteStudentWorkflow" name="test_11_incharge_approve_phase3_with_comment" time="0.103" /><testcase classname="backend.tests.test_complete_workflow_iteration62.TestCompleteStudentWorkflow" name="test_12_submit_phase4_step1" time="0.174" /><testcase classname="backend.tests.test_complete_workflow_iteration62.TestCompleteStudentWorkflow" name="test_13_supervisor_approve_phase4_step1_with_comment" time="0.101" /><testcase classname="backend.tests.test_complete_workflow_iteration62.TestCompleteStudentWorkflow" name="test_14_incharge_approve_phase4_step1_with_comment" time="0.186" /><testcase classname="backend.tests.test_complete_workflow_iteration62.TestCompleteStudentWorkflow" name="test_15_submit_phase4_step2" time="0.099" /><testcase classname="backend.tests.test_complete_workflow_iteration62.TestCompleteStudentWorkflow" name="test_16_supervisor_approve_phase4_step2_with_comment" time="0.106" /><testcase classname="backend.tests.test_complete_workflow_iteration62.TestCompleteStudentWorkflow" name="test_17_incharge_approve_phase4_step2_with_comment" time="0.168" /><testcase classname="backend.tests.test_complete_workflow_iteration62.TestCompleteStudentWorkflow" name="test_18_verify_all_comments_saved" time="0.110" /><testcase classname="backend.tests.test_complete_workflow_iteration62.TestInchargeSelfApprovalWorkflow" name="test_01_incharge_save_implant_plan" time="0.674" /><testcase classname="backend.tests.test_complete_workflow_iteration62.TestInchargeSelfApprovalWorkflow" name="test_02_incharge_request_phase1_approval" time="0.105" /><testcase classname="backend.tests.test_complete_workflow_iteration62.TestInchargeSelfApprovalWorkflow" name="test_03_incharge_self_approve_phase1" time="0.102" /><testcase classname="backend.tests.test_complete_workflow_iteration62.TestInchargeSelfApprovalWorkflow" name="test_04_incharge_submit_phase2" time="0.169" /><testcase classname="backend.tests.test_complete_workflow_iteration62.TestInchargeSelfApprovalWorkflow" name="test_05_incharge_self_approve_phase2" time="0.099" /><testcase classname="backend.tests.test_complete_workflow_iteration62.TestInchargeSelfApprovalWorkflow" name="test_06_incharge_submit_phase3" time="0.168" /><testcase classname="backend.tests.test_complete_workflow_iteration62.TestInchargeSelfApprovalWorkflow" name="test_07_incharge_self_approve_phase3" time="0.097" /><testcase classname="backend.tests.test_complete_workflow_iteration62.TestInchargeSelfApprovalWorkflow" name="test_08_incharge_submit_phase4_step1" time="0.159" /><testcase classname="backend.tests.test_complete_workflow_iteration62.TestInchargeSelfApprovalWorkflow" name="test_09_incharge_self_approve_phase4_step1" time="0.196" /><testcase classname="backend.tests.test_complete_workflow_iteration62.TestInchargeSelfApprovalWorkflow" name="test_10_incharge_submit_phase4_step2" time="0.099" /><testcase classname="backend.tests.test_complete_workflow_iteration62.TestInchargeSelfApprovalWorkflow" name="test_11_incharge_self_approve_phase4_step2_completed" time="0.156" /></testsuite></testsuites>