<?xml version="1.0" encoding="utf-8"?><testsuites name="pytest tests"><testsuite name="pytest" errors="0" failures="0" skipped="0" tests="12" time="6.273" timestamp="2026-02-26T05:51:34.497768+00:00" hostname="agent-env-349c6f9c-3669-48c2-8389-cd9b87c7258d"><testcase classname="backend.tests.test_iteration2_credentials_push.TestUserLogins" name="test_01_login_implant_incharge" time="0.605" /><testcase classname="backend.tests.test_iteration2_credentials_push.TestUserLogins" name="test_02_login_administrator" time="0.311" /><testcase classname="backend.tests.test_iteration2_credentials_push.TestUserLogins" name="test_03_login_supervisor_1" time="0.334" /><testcase classname="backend.tests.test_iteration2_credentials_push.TestUserLogins" name="test_04_login_supervisor_2" time="0.429" /><testcase classname="backend.tests.test_iteration2_credentials_push.TestUserLogins" name="test_05_login_student" time="0.490" /><testcase classname="backend.tests.test_iteration2_credentials_push.TestUserLogins" name="test_06_login_nurse_1" time="0.333" /><testcase classname="backend.tests.test_iteration2_credentials_push.TestUserLogins" name="test_07_login_nurse_2" time="0.525" /><testcase classname="backend.tests.test_iteration2_credentials_push.TestPushTokenEndpoint" name="test_08_push_token_registration" time="0.445" /><testcase classname="backend.tests.test_iteration2_credentials_push.TestProcedureWithPushNotifications" name="test_09_create_procedure_triggers_push_no_crash" time="0.813" /><testcase classname="backend.tests.test_iteration2_credentials_push.TestProcedureWithPushNotifications" name="test_10_phase2_submission_works" time="0.334" /><testcase classname="backend.tests.test_iteration2_credentials_push.TestProcedureWithPushNotifications" name="test_11_approval_endpoint_works" time="0.131" /><testcase classname="backend.tests.test_iteration2_credentials_push.TestNurseApprovalRestriction" name="test_12_nurse_cannot_approve" time="1.358" /></testsuite></testsuites>