<?xml version="1.0" encoding="utf-8"?><testsuites name="pytest tests"><testsuite name="pytest" errors="0" failures="0" skipped="0" tests="5" time="2.560" timestamp="2026-04-21T12:34:55.924727+00:00" hostname="agent-env-f3d7131d-3eee-4316-bb36-0fec50049412"><testcase classname="backend.tests.test_nurse_consent_cases_iteration94" name="test_nurse_consent_cases_nurse_200" time="1.906" /><testcase classname="backend.tests.test_nurse_consent_cases_iteration94" name="test_nurse_consent_cases_student_forbidden" time="0.182" /><testcase classname="backend.tests.test_nurse_consent_cases_iteration94" name="test_nurse_consent_cases_supervisor_200" time="0.149" /><testcase classname="backend.tests.test_nurse_consent_cases_iteration94" name="test_nurse_consent_cases_incharge_200" time="0.106" /><testcase classname="backend.tests.test_nurse_consent_cases_iteration94" name="test_nurse_consent_cases_unauthenticated" time="0.111" /></testsuite></testsuites>