<?xml version="1.0" encoding="utf-8"?><testsuites name="pytest tests"><testsuite name="pytest" errors="0" failures="0" skipped="0" tests="22" time="52.179" timestamp="2026-04-16T13:43:47.324799+00:00" hostname="agent-env-f3d7131d-3eee-4316-bb36-0fec50049412"><testcase classname="backend.tests.test_ai_features_iteration88.TestHealthCheck" name="test_health_endpoint" time="0.308" /><testcase classname="backend.tests.test_ai_features_iteration88.TestAIExplainRecommendation" name="test_explain_recommendation_success" time="7.163" /><testcase classname="backend.tests.test_ai_features_iteration88.TestAIExplainRecommendation" name="test_explain_recommendation_stored_in_db" time="8.986" /><testcase classname="backend.tests.test_ai_features_iteration88.TestAIExplainRecommendation" name="test_explain_recommendation_requires_auth" time="0.107" /><testcase classname="backend.tests.test_ai_features_iteration88.TestAIExplainRecommendation" name="test_explain_recommendation_invalid_procedure" time="0.105" /><testcase classname="backend.tests.test_ai_features_iteration88.TestAICaseSummary" name="test_case_summary_success" time="8.175" /><testcase classname="backend.tests.test_ai_features_iteration88.TestAICaseSummary" name="test_case_summary_stored_in_db" time="8.717" /><testcase classname="backend.tests.test_ai_features_iteration88.TestAICaseSummary" name="test_case_summary_requires_auth" time="0.114" /><testcase classname="backend.tests.test_ai_features_iteration88.TestAICaseSummary" name="test_case_summary_invalid_procedure" time="0.107" /><testcase classname="backend.tests.test_ai_features_iteration88.TestAISurgicalNotes" name="test_surgical_notes_success" time="3.970" /><testcase classname="backend.tests.test_ai_features_iteration88.TestAISurgicalNotes" name="test_surgical_notes_stored_in_db" time="6.121" /><testcase classname="backend.tests.test_ai_features_iteration88.TestAISurgicalNotes" name="test_surgical_notes_requires_auth" time="0.105" /><testcase classname="backend.tests.test_ai_features_iteration88.TestAISurgicalNotes" name="test_surgical_notes_invalid_procedure" time="0.120" /><testcase classname="backend.tests.test_ai_features_iteration88.TestAIChat" name="test_chat_first_message_success" time="1.288" /><testcase classname="backend.tests.test_ai_features_iteration88.TestAIChat" name="test_chat_followup_includes_context" time="5.869" /><testcase classname="backend.tests.test_ai_features_iteration88.TestAIChat" name="test_get_chat_history" time="0.131" /><testcase classname="backend.tests.test_ai_features_iteration88.TestAIChat" name="test_chat_stored_in_db" time="0.114" /><testcase classname="backend.tests.test_ai_features_iteration88.TestAIChat" name="test_chat_requires_auth" time="0.115" /><testcase classname="backend.tests.test_ai_features_iteration88.TestAIChat" name="test_get_chat_history_requires_auth" time="0.123" /><testcase classname="backend.tests.test_ai_features_iteration88.TestAIChat" name="test_chat_invalid_procedure" time="0.119" /><testcase classname="backend.tests.test_ai_features_iteration88.TestAIChat" name="test_get_chat_history_invalid_procedure" time="0.112" /><testcase classname="backend.tests.test_ai_features_iteration88.TestProcedureAIFields" name="test_procedure_returns_ai_fields" time="0.121" /></testsuite></testsuites>