<?xml version="1.0" encoding="utf-8"?><testsuites name="pytest tests"><testsuite name="pytest" errors="0" failures="0" skipped="2" tests="21" time="52.229" timestamp="2026-03-16T11:48:29.688019+00:00" hostname="agent-env-a6e9aa30-1ad5-42f0-a5fa-4401aa92c2fd"><testcase classname="backend.tests.test_phase_c_iteration37.TestAuthentication" name="test_student_login" time="0.421" /><testcase classname="backend.tests.test_phase_c_iteration37.TestAuthentication" name="test_supervisor_login" time="0.382" /><testcase classname="backend.tests.test_phase_c_iteration37.TestAuthentication" name="test_implant_incharge_login" time="0.424" /><testcase classname="backend.tests.test_phase_c_iteration37.TestTask9ChecklistNoAdditionalFields" name="test_prosthetic_phase_checklist_structure" time="0.000" /><testcase classname="backend.tests.test_phase_c_iteration37.TestTask10FullFlowContinuation" name="test_01_check_existing_procedure_status" time="1.182" /><testcase classname="backend.tests.test_phase_c_iteration37.TestTask10FullFlowContinuation" name="test_02_approve_phase2_supervisor" time="1.060"><skipped type="pytest.skip" message="Procedure not at pending_phase2, current status: phase2_approved">/app/backend/tests/test_phase_c_iteration37.py:111: Procedure not at pending_phase2, current status: phase2_approved</skipped></testcase><testcase classname="backend.tests.test_phase_c_iteration37.TestTask10FullFlowContinuation" name="test_03_approve_phase2_implant_incharge" time="1.222"><skipped type="pytest.skip" message="Phase 2 not pending approval">/app/backend/tests/test_phase_c_iteration37.py:133: Phase 2 not pending approval</skipped></testcase><testcase classname="backend.tests.test_phase_c_iteration37.TestTask10FullFlowContinuation" name="test_04_verify_status_after_phase2_approval" time="1.203" /><testcase classname="backend.tests.test_phase_c_iteration37.TestTask10FullFlowContinuation" name="test_05_submit_phase3_second_stage_surgical" time="1.134" /><testcase classname="backend.tests.test_phase_c_iteration37.TestTask10FullFlowContinuation" name="test_06_approve_phase3_supervisor" time="1.304" /><testcase classname="backend.tests.test_phase_c_iteration37.TestTask10FullFlowContinuation" name="test_07_approve_phase3_implant_incharge" time="1.234" /><testcase classname="backend.tests.test_phase_c_iteration37.TestTask10FullFlowContinuation" name="test_08_verify_phase3_approved" time="1.150" /><testcase classname="backend.tests.test_phase_c_iteration37.TestTask10FullFlowContinuation" name="test_09_submit_phase4_with_final_prosthetic_plan" time="1.234" /><testcase classname="backend.tests.test_phase_c_iteration37.TestTask10FullFlowContinuation" name="test_10_final_prosthetic_plan_visible_to_student" time="1.139" /><testcase classname="backend.tests.test_phase_c_iteration37.TestTask10FullFlowContinuation" name="test_11_final_prosthetic_plan_visible_to_supervisor" time="1.208" /><testcase classname="backend.tests.test_phase_c_iteration37.TestTask10FullFlowContinuation" name="test_12_final_prosthetic_plan_visible_to_implant_incharge" time="36.906" /><testcase classname="backend.tests.test_phase_c_iteration37.TestTask11CaseReportPDF" name="test_case_report_returns_pdf_without_photos" time="0.489" /><testcase classname="backend.tests.test_phase_c_iteration37.TestTask12PhotoAlbumPDF" name="test_generate_album_returns_pdf_with_photos" time="0.456" /><testcase classname="backend.tests.test_phase_c_iteration37.TestEndpointVerification" name="test_verify_phase4_endpoint_stores_fields" time="0.000" /><testcase classname="backend.tests.test_phase_c_iteration37.TestEndpointVerification" name="test_verify_case_report_no_photos" time="0.000" /><testcase classname="backend.tests.test_phase_c_iteration37.TestEndpointVerification" name="test_verify_album_with_photos" time="0.000" /></testsuite></testsuites>