<?xml version="1.0" encoding="utf-8"?><testsuites name="pytest tests"><testsuite name="pytest" errors="0" failures="0" skipped="1" tests="5" time="2.997" timestamp="2026-04-21T13:23:39.276980+00:00" hostname="agent-env-f3d7131d-3eee-4316-bb36-0fec50049412"><testcase classname="backend.tests.test_nurse_consent_upload_iteration95" name="test_nurse_can_upload_consent_replace_path" time="2.015" /><testcase classname="backend.tests.test_nurse_consent_upload_iteration95" name="test_non_owner_student_cannot_upload_consent" time="0.251"><skipped type="pytest.skip" message="Gaurav owns the known case — skipping non-owner negative test">/app/backend/tests/test_nurse_consent_upload_iteration95.py:96: Gaurav owns the known case — skipping non-owner negative test</skipped></testcase><testcase classname="backend.tests.test_nurse_consent_upload_iteration95" name="test_mark_instruments_autoclaved_regression" time="0.233" /><testcase classname="backend.tests.test_nurse_consent_upload_iteration95" name="test_nurse_consent_cases_contract_intact" time="0.136" /><testcase classname="backend.tests.test_nurse_consent_upload_iteration95" name="test_consent_form_template_reachable" time="0.274" /></testsuite></testsuites>