<?xml version="1.0" encoding="utf-8"?><testsuites name="pytest tests"><testsuite name="pytest" errors="0" failures="0" skipped="0" tests="11" time="6.517" timestamp="2026-04-12T11:44:56.427043+00:00" hostname="agent-env-f3d7131d-3eee-4316-bb36-0fec50049412"><testcase classname="backend.tests.test_arch_field_iteration83.TestArchField" name="test_create_all_on_4_with_maxillary_arch" time="0.678" /><testcase classname="backend.tests.test_arch_field_iteration83.TestArchField" name="test_create_all_on_6_with_mandibular_arch" time="0.522" /><testcase classname="backend.tests.test_arch_field_iteration83.TestArchField" name="test_get_procedure_returns_arch_field" time="0.536" /><testcase classname="backend.tests.test_arch_field_iteration83.TestArchField" name="test_single_implant_without_arch" time="0.507" /><testcase classname="backend.tests.test_arch_field_iteration83.TestArchField" name="test_smart_planner_maxillary_restorative_space_title" time="0.594" /><testcase classname="backend.tests.test_arch_field_iteration83.TestArchField" name="test_smart_planner_mandibular_restorative_space_title" time="0.553" /><testcase classname="backend.tests.test_arch_field_iteration83.TestArchField" name="test_smart_planner_material_compatibility" time="0.583" /><testcase classname="backend.tests.test_arch_field_iteration83.TestArchField" name="test_pdf_dynamic_labels_for_arch" time="0.656" /><testcase classname="backend.tests.test_arch_field_iteration83.TestArchField" name="test_pdf_mandibular_dynamic_labels" time="0.572" /><testcase classname="backend.tests.test_arch_field_iteration83.TestArchField" name="test_all_on_x_with_maxillary_arch" time="0.554" /><testcase classname="backend.tests.test_arch_field_iteration83.TestArchField" name="test_smart_planner_without_arch_fallback" time="0.552" /></testsuite></testsuites>