<?xml version="1.0" encoding="utf-8"?><testsuites name="pytest tests"><testsuite name="pytest" errors="0" failures="0" skipped="0" tests="13" time="6.849" timestamp="2026-03-24T09:08:52.716443+00:00" hostname="agent-env-4905b8e3-a2aa-4100-b744-cb80b53cabdb"><testcase classname="backend.tests.test_phase1_refinements_iteration43.TestLoginEndpoint" name="test_student_login_with_email_field" time="1.525" /><testcase classname="backend.tests.test_phase1_refinements_iteration43.TestLoginEndpoint" name="test_admin_login_with_email_field" time="1.409" /><testcase classname="backend.tests.test_phase1_refinements_iteration43.TestLoginEndpoint" name="test_supervisor_login_with_email_field" time="1.386" /><testcase classname="backend.tests.test_phase1_refinements_iteration43.TestLoginEndpoint" name="test_login_invalid_credentials" time="1.132" /><testcase classname="backend.tests.test_phase1_refinements_iteration43.TestGetProcedures" name="test_get_procedures_as_student" time="0.111" /><testcase classname="backend.tests.test_phase1_refinements_iteration43.TestGetProcedures" name="test_get_procedures_as_admin" time="0.109" /><testcase classname="backend.tests.test_phase1_refinements_iteration43.TestGetProcedureDetail" name="test_get_procedure_returns_clinical_examination_fields" time="0.124" /><testcase classname="backend.tests.test_phase1_refinements_iteration43.TestGetProcedureDetail" name="test_get_procedure_with_implant_plans" time="0.117" /><testcase classname="backend.tests.test_phase1_refinements_iteration43.TestImplantPlanSave" name="test_implant_plan_save_returns_count" time="0.110" /><testcase classname="backend.tests.test_phase1_refinements_iteration43.TestImplantPlanSave" name="test_implant_plan_auto_populates_implant_site" time="0.290" /><testcase classname="backend.tests.test_phase1_refinements_iteration43.TestImplantPlanSave" name="test_implant_plan_single_implant" time="0.219" /><testcase classname="backend.tests.test_phase1_refinements_iteration43.TestImplantPlanGet" name="test_get_implant_plan" time="0.100" /><testcase classname="backend.tests.test_phase1_refinements_iteration43.TestProcedureDetailFullDocument" name="test_procedure_detail_returns_full_document" time="0.117" /></testsuite></testsuites>