<?xml version="1.0" encoding="utf-8"?><testsuites name="pytest tests"><testsuite name="pytest" errors="0" failures="0" skipped="0" tests="16" time="5.095" timestamp="2026-03-25T09:35:37.124236+00:00" hostname="agent-env-4905b8e3-a2aa-4100-b744-cb80b53cabdb"><testcase classname="backend.tests.test_incharge_self_approval_iteration46.TestInChargeSelfApprovalWorkflow" name="test_01_incharge_login_success" time="1.511" /><testcase classname="backend.tests.test_incharge_self_approval_iteration46.TestInChargeSelfApprovalWorkflow" name="test_02_supervisor_login_success" time="1.348" /><testcase classname="backend.tests.test_incharge_self_approval_iteration46.TestInChargeSelfApprovalWorkflow" name="test_03_incharge_create_procedure" time="0.100" /><testcase classname="backend.tests.test_incharge_self_approval_iteration46.TestInChargeSelfApprovalWorkflow" name="test_04_add_implant_plan" time="0.096" /><testcase classname="backend.tests.test_incharge_self_approval_iteration46.TestInChargeSelfApprovalWorkflow" name="test_05_incharge_request_phase1_approval" time="0.103" /><testcase classname="backend.tests.test_incharge_self_approval_iteration46.TestInChargeSelfApprovalWorkflow" name="test_06_incharge_self_approve_phase1" time="0.103" /><testcase classname="backend.tests.test_incharge_self_approval_iteration46.TestInChargeSelfApprovalWorkflow" name="test_07_verify_phase1_approved_status" time="0.107" /><testcase classname="backend.tests.test_incharge_self_approval_iteration46.TestInChargeSelfApprovalWorkflow" name="test_08_incharge_submit_phase2" time="0.101" /><testcase classname="backend.tests.test_incharge_self_approval_iteration46.TestInChargeSelfApprovalWorkflow" name="test_09_incharge_self_approve_phase2" time="0.105" /><testcase classname="backend.tests.test_incharge_self_approval_iteration46.TestInChargeSelfApprovalWorkflow" name="test_10_verify_phase2_approved_status" time="0.101" /><testcase classname="backend.tests.test_incharge_self_approval_iteration46.TestSupervisorListingExclusion" name="test_11_create_incharge_procedure_for_listing_test" time="0.114" /><testcase classname="backend.tests.test_incharge_self_approval_iteration46.TestSupervisorListingExclusion" name="test_12_supervisor_listing_excludes_incharge_cases" time="0.103" /><testcase classname="backend.tests.test_incharge_self_approval_iteration46.TestSupervisorListingExclusion" name="test_13_incharge_listing_includes_all_cases" time="0.131" /><testcase classname="backend.tests.test_incharge_self_approval_iteration46.TestInChargeAccessControl" name="test_14_incharge_can_view_own_created_procedure" time="0.204" /><testcase classname="backend.tests.test_incharge_self_approval_iteration46.TestInChargeAccessControl" name="test_15_verify_created_by_fields_populated" time="0.100" /><testcase classname="backend.tests.test_incharge_self_approval_iteration46.TestCleanup" name="test_99_cleanup_test_procedures" time="0.682" /></testsuite></testsuites>