<?xml version="1.0" encoding="utf-8"?><testsuites name="pytest tests"><testsuite name="pytest" errors="0" failures="0" skipped="0" tests="20" time="152.632" timestamp="2026-03-31T17:50:21.726946+00:00" hostname="agent-env-f3d7131d-3eee-4316-bb36-0fec50049412"><testcase classname="backend.tests.test_auth_upgrade_iteration59.TestHealthEndpoints" name="test_health_endpoint" time="0.311" /><testcase classname="backend.tests.test_auth_upgrade_iteration59.TestHealthEndpoints" name="test_db_status_endpoint" time="0.364" /><testcase classname="backend.tests.test_auth_upgrade_iteration59.TestLoginWithIdentifier" name="test_login_with_full_email" time="12.394" /><testcase classname="backend.tests.test_auth_upgrade_iteration59.TestLoginWithIdentifier" name="test_login_with_username_only" time="12.413" /><testcase classname="backend.tests.test_auth_upgrade_iteration59.TestLoginWithIdentifier" name="test_login_case_insensitive" time="12.389" /><testcase classname="backend.tests.test_auth_upgrade_iteration59.TestLoginWithIdentifier" name="test_login_invalid_credentials" time="13.392" /><testcase classname="backend.tests.test_auth_upgrade_iteration59.TestLoginWithIdentifier" name="test_login_nonexistent_user" time="12.146" /><testcase classname="backend.tests.test_auth_upgrade_iteration59.TestOldEmailFieldRejected" name="test_old_email_field_returns_422" time="0.167" /><testcase classname="backend.tests.test_auth_upgrade_iteration59.TestAccessTokenProtectedRoutes" name="test_get_me_with_valid_token" time="12.482" /><testcase classname="backend.tests.test_auth_upgrade_iteration59.TestAccessTokenProtectedRoutes" name="test_protected_route_without_token" time="0.183" /><testcase classname="backend.tests.test_auth_upgrade_iteration59.TestAccessTokenProtectedRoutes" name="test_protected_route_with_invalid_token" time="0.218" /><testcase classname="backend.tests.test_auth_upgrade_iteration59.TestRefreshToken" name="test_refresh_with_valid_token" time="12.633" /><testcase classname="backend.tests.test_auth_upgrade_iteration59.TestRefreshToken" name="test_refresh_with_invalid_token" time="0.156" /><testcase classname="backend.tests.test_auth_upgrade_iteration59.TestRefreshToken" name="test_refresh_with_access_token_fails" time="12.620" /><testcase classname="backend.tests.test_auth_upgrade_iteration59.TestLogout" name="test_logout_invalidates_refresh_token" time="12.795" /><testcase classname="backend.tests.test_auth_upgrade_iteration59.TestMultipleUserRoles" name="test_student_login" time="12.406" /><testcase classname="backend.tests.test_auth_upgrade_iteration59.TestMultipleUserRoles" name="test_supervisor_login" time="12.441" /><testcase classname="backend.tests.test_auth_upgrade_iteration59.TestMultipleUserRoles" name="test_incharge_login" time="12.439" /><testcase classname="backend.tests.test_auth_upgrade_iteration59.TestMultipleUserRoles" name="test_nurse_login" time="0.557" /><testcase classname="backend.tests.test_auth_upgrade_iteration59.TestRateLimiting" name="test_rate_limit_info" time="0.000" /></testsuite></testsuites>