<?xml version="1.0" encoding="utf-8"?><testsuites name="pytest tests"><testsuite name="pytest" errors="0" failures="0" skipped="0" tests="14" time="4.055" timestamp="2026-04-14T09:22:52.114081+00:00" hostname="agent-env-f3d7131d-3eee-4316-bb36-0fec50049412"><testcase classname="backend.tests.test_tooth_bone_info_iteration84.TestHealthCheck" name="test_health_endpoint" time="0.252" /><testcase classname="backend.tests.test_tooth_bone_info_iteration84.TestAuthentication" name="test_login_success" time="0.373" /><testcase classname="backend.tests.test_tooth_bone_info_iteration84.TestArchFieldProcedures" name="test_create_full_arch_with_maxillary_arch" time="0.829" /><testcase classname="backend.tests.test_tooth_bone_info_iteration84.TestArchFieldProcedures" name="test_create_full_arch_with_mandibular_arch" time="0.252" /><testcase classname="backend.tests.test_tooth_bone_info_iteration84.TestArchFieldProcedures" name="test_create_single_implant_without_arch" time="0.210" /><testcase classname="backend.tests.test_tooth_bone_info_iteration84.TestArchFieldProcedures" name="test_get_procedure_returns_arch_field" time="0.340" /><testcase classname="backend.tests.test_tooth_bone_info_iteration84.TestSmartPlannerLogic" name="test_smart_planner_maxillary_arch_label" time="0.561" /><testcase classname="backend.tests.test_tooth_bone_info_iteration84.TestSmartPlannerLogic" name="test_smart_planner_mandibular_arch_label" time="0.533" /><testcase classname="backend.tests.test_tooth_bone_info_iteration84.TestSmartPlannerLogic" name="test_smart_planner_material_compatibility_5_types" time="0.544" /><testcase classname="backend.tests.test_tooth_bone_info_iteration84.TestFrontendCodeVerification" name="test_bone_inputs_accepts_tooth_prop" time="0.000" /><testcase classname="backend.tests.test_tooth_bone_info_iteration84.TestFrontendCodeVerification" name="test_bone_inputs_width_info_logic" time="0.000" /><testcase classname="backend.tests.test_tooth_bone_info_iteration84.TestFrontendCodeVerification" name="test_bone_inputs_height_info_logic" time="0.001" /><testcase classname="backend.tests.test_tooth_bone_info_iteration84.TestFrontendCodeVerification" name="test_case_implant_planning_bone_info_hooks" time="0.000" /><testcase classname="backend.tests.test_tooth_bone_info_iteration84.TestFrontendCodeVerification" name="test_info_text_disappears_on_focus" time="0.000" /></testsuite></testsuites>