<?xml version="1.0" encoding="utf-8"?><testsuites name="pytest tests"><testsuite name="pytest" errors="0" failures="0" skipped="0" tests="11" time="6.726" timestamp="2026-04-08T16:26:28.855356+00:00" hostname="agent-env-f3d7131d-3eee-4316-bb36-0fec50049412"><testcase classname="backend.tests.test_full_arch_fields_iteration80.TestFullArchFields" name="test_create_procedure_with_full_arch_fields" time="0.587" /><testcase classname="backend.tests.test_full_arch_fields_iteration80.TestFullArchFields" name="test_get_procedure_returns_full_arch_fields" time="0.696" /><testcase classname="backend.tests.test_full_arch_fields_iteration80.TestFullArchFields" name="test_pdf_contains_full_arch_fields" time="0.658" /><testcase classname="backend.tests.test_full_arch_fields_iteration80.TestFullArchFields" name="test_all_opposing_arch_options[Natural Dentition]" time="0.566" /><testcase classname="backend.tests.test_full_arch_fields_iteration80.TestFullArchFields" name="test_all_opposing_arch_options[Fixed Implant Prosthesis]" time="0.556" /><testcase classname="backend.tests.test_full_arch_fields_iteration80.TestFullArchFields" name="test_all_opposing_arch_options[Removable Prosthesis]" time="0.630" /><testcase classname="backend.tests.test_full_arch_fields_iteration80.TestFullArchFields" name="test_all_opposing_arch_options[Edentulous]" time="0.557" /><testcase classname="backend.tests.test_full_arch_fields_iteration80.TestFullArchFields" name="test_backward_compatibility_no_new_fields" time="0.631" /><testcase classname="backend.tests.test_full_arch_fields_iteration80.TestFullArchFields" name="test_pdf_with_edentulous_and_full_arch_fields" time="0.635" /><testcase classname="backend.tests.test_full_arch_fields_iteration80.TestFullArchFields" name="test_all_on_6_procedure_type" time="0.610" /><testcase classname="backend.tests.test_full_arch_fields_iteration80.TestFullArchFields" name="test_all_on_x_procedure_type" time="0.526" /></testsuite></testsuites>