<?xml version="1.0" encoding="utf-8"?><testsuites name="pytest tests"><testsuite name="pytest" errors="0" failures="0" skipped="0" tests="13" time="3.123" timestamp="2026-04-21T15:30:20.620533+00:00" hostname="agent-env-f3d7131d-3eee-4316-bb36-0fec50049412"><testcase classname="backend.tests.test_iteration98_fixes" name="test_export_pdf_supported_brand_without_steps" time="0.626" /><testcase classname="backend.tests.test_iteration98_fixes" name="test_export_pdf_supported_brand_with_client_steps" time="0.182" /><testcase classname="backend.tests.test_iteration98_fixes" name="test_export_pdf_unsupported_brand_with_steps_falls_back" time="0.171" /><testcase classname="backend.tests.test_iteration98_fixes" name="test_export_pdf_unsupported_brand_without_steps_404" time="0.116" /><testcase classname="backend.tests.test_iteration98_fixes" name="test_export_pdf_unsupported_brand_empty_steps_404" time="0.138" /><testcase classname="backend.tests.test_iteration98_fixes" name="test_export_pdf_missing_required_fields_400" time="0.115" /><testcase classname="backend.tests.test_iteration98_fixes" name="test_export_pdf_requires_auth" time="0.120" /><testcase classname="backend.tests.test_iteration98_fixes" name="test_nurse_scheduled_cases_includes_consent_uploaded" time="0.537" /><testcase classname="backend.tests.test_iteration98_fixes" name="test_nurse_scheduled_cases_incharge_also_ok" time="0.466" /><testcase classname="backend.tests.test_iteration98_fixes" name="test_nurse_scheduled_cases_student_forbidden" time="0.128" /><testcase classname="backend.tests.test_iteration98_fixes" name="test_iter97_patient_banner_still_works" time="0.149" /><testcase classname="backend.tests.test_iteration98_fixes" name="test_iter96_pre_surgery_reminder_incharge_200" time="0.112" /><testcase classname="backend.tests.test_iteration98_fixes" name="test_iter96_pre_surgery_reminder_nurse_403" time="0.156" /></testsuite></testsuites>