<?xml version="1.0" encoding="utf-8"?><testsuites name="pytest tests"><testsuite name="pytest" errors="0" failures="0" skipped="0" tests="16" time="8.415" timestamp="2026-03-20T16:13:56.614361+00:00" hostname="agent-env-a6e9aa30-1ad5-42f0-a5fa-4401aa92c2fd"><testcase classname="backend.tests.test_implantlens_iteration41.TestAuthAndSetup" name="test_student_login" time="0.446" /><testcase classname="backend.tests.test_implantlens_iteration41.TestAuthAndSetup" name="test_supervisor_login" time="0.291" /><testcase classname="backend.tests.test_implantlens_iteration41.TestAuthAndSetup" name="test_implant_incharge_login" time="0.291" /><testcase classname="backend.tests.test_implantlens_iteration41.TestImplantLensCasesEndpoint" name="test_implantlens_cases_student_role" time="0.477" /><testcase classname="backend.tests.test_implantlens_iteration41.TestImplantLensCasesEndpoint" name="test_implantlens_cases_supervisor_role" time="0.501" /><testcase classname="backend.tests.test_implantlens_iteration41.TestImplantLensCasesEndpoint" name="test_implantlens_cases_implant_incharge_role" time="0.473" /><testcase classname="backend.tests.test_implantlens_iteration41.TestImplantLensCasesEndpoint" name="test_implantlens_cases_missing_steps_field" time="0.111" /><testcase classname="backend.tests.test_implantlens_iteration41.TestImplantLensCasesEndpoint" name="test_implantlens_cases_unauthorized" time="0.113" /><testcase classname="backend.tests.test_implantlens_iteration41.TestPhotoStepsEndpoint" name="test_get_all_photo_steps" time="0.469" /><testcase classname="backend.tests.test_implantlens_iteration41.TestPhotoStepsEndpoint" name="test_get_photo_steps_by_phase" time="0.536" /><testcase classname="backend.tests.test_implantlens_iteration41.TestPhotoStepsEndpoint" name="test_photo_steps_invalid_phase" time="0.117" /><testcase classname="backend.tests.test_implantlens_iteration41.TestProcedurePhotosEndpoint" name="test_get_procedure_photos" time="0.615" /><testcase classname="backend.tests.test_implantlens_iteration41.TestProcedurePhotosEndpoint" name="test_get_procedure_photos_not_found" time="0.246" /><testcase classname="backend.tests.test_implantlens_iteration41.TestTwoTierRejectionRegression" name="test_rejection_types_still_work" time="2.104" /><testcase classname="backend.tests.test_implantlens_iteration41.TestImplantLensRoleFiltering" name="test_student_sees_only_own_cases" time="1.032" /><testcase classname="backend.tests.test_implantlens_iteration41.TestImplantLensRoleFiltering" name="test_supervisor_sees_assigned_cases" time="0.490" /></testsuite></testsuites>