<?xml version="1.0" encoding="utf-8"?><testsuites name="pytest tests"><testsuite name="pytest" errors="0" failures="0" skipped="0" tests="20" time="3.786" timestamp="2026-03-28T06:45:36.004684+00:00" hostname="agent-env-4905b8e3-a2aa-4100-b744-cb80b53cabdb"><testcase classname="backend.tests.test_osstem_drilling_protocol_iteration55.TestOsstemDrillingProtocols" name="test_all_osstem_systems_available" time="0.684" /><testcase classname="backend.tests.test_osstem_drilling_protocol_iteration55.TestOsstemDrillingProtocols" name="test_ts_iii_4_5mm_d1_full_drilling_with_cortical" time="0.114" /><testcase classname="backend.tests.test_osstem_drilling_protocol_iteration55.TestOsstemDrillingProtocols" name="test_ts_iii_4_5mm_d2_standard_no_cortical" time="0.121" /><testcase classname="backend.tests.test_osstem_drilling_protocol_iteration55.TestOsstemDrillingProtocols" name="test_etiii_nh_5_0mm_d3_underprep" time="0.107" /><testcase classname="backend.tests.test_osstem_drilling_protocol_iteration55.TestOsstemDrillingProtocols" name="test_ss_iii_3_5mm_d4_underprep" time="0.116" /><testcase classname="backend.tests.test_osstem_drilling_protocol_iteration55.TestOsstemDrillingProtocols" name="test_ts_iv_4_0mm_fixed_protocol" time="0.102" /><testcase classname="backend.tests.test_osstem_drilling_protocol_iteration55.TestOsstemDrillingProtocols" name="test_ts_iv_4_5mm_fixed_protocol" time="0.100" /><testcase classname="backend.tests.test_osstem_drilling_protocol_iteration55.TestOsstemDrillingProtocols" name="test_ts_iv_5_0mm_fixed_protocol" time="0.102" /><testcase classname="backend.tests.test_osstem_drilling_protocol_iteration55.TestOsstemDrillingProtocols" name="test_cortical_drill_depth_coronal_only" time="0.108" /><testcase classname="backend.tests.test_osstem_drilling_protocol_iteration55.TestOsstemDrillingProtocols" name="test_cortical_drill_only_for_d1" time="0.314" /><testcase classname="backend.tests.test_osstem_drilling_protocol_iteration55.TestOsstemDrillingProtocols" name="test_insertion_torque_40_ncm" time="0.099" /><testcase classname="backend.tests.test_osstem_drilling_protocol_iteration55.TestOsstemDrillingProtocols" name="test_pdf_export_etiii_nh" time="0.221" /><testcase classname="backend.tests.test_osstem_drilling_protocol_iteration55.TestOsstemDrillingProtocols" name="test_pdf_export_ts_iv" time="0.115" /><testcase classname="backend.tests.test_osstem_drilling_protocol_iteration55.TestOsstemDrillingProtocols" name="test_regression_neodent_helix_gm_acqua" time="0.115" /><testcase classname="backend.tests.test_osstem_drilling_protocol_iteration55.TestOsstemDrillingProtocols" name="test_regression_bredent_blue_sky" time="0.103" /><testcase classname="backend.tests.test_osstem_drilling_protocol_iteration55.TestOsstemDrillingProtocols" name="test_ms_system_standard_protocol" time="0.112" /><testcase classname="backend.tests.test_osstem_drilling_protocol_iteration55.TestOsstemDrillingProtocols" name="test_standard_systems_share_protocol" time="0.423" /><testcase classname="backend.tests.test_osstem_drilling_protocol_iteration55.TestOsstemDrillingProtocols" name="test_ts_iv_ignores_bone_density" time="0.414" /><testcase classname="backend.tests.test_osstem_drilling_protocol_iteration55.TestOsstemDrillingProtocols" name="test_d1_protocol_type_hard_bone_cortical" time="0.107" /><testcase classname="backend.tests.test_osstem_drilling_protocol_iteration55.TestOsstemDrillingProtocols" name="test_non_cortical_drill_depths_equal_implant_length" time="0.107" /></testsuite></testsuites>