<?xml version="1.0" encoding="utf-8"?><testsuites name="pytest tests"><testsuite name="pytest" errors="0" failures="0" skipped="0" tests="20" time="3.584" timestamp="2026-03-24T10:20:26.428512+00:00" hostname="agent-env-4905b8e3-a2aa-4100-b744-cb80b53cabdb"><testcase classname="backend.tests.test_phase3_phase4_features_iteration45.TestPhase3Phase4DataFeatures" name="test_get_procedure_returns_phase3_data" time="0.623" /><testcase classname="backend.tests.test_phase3_phase4_features_iteration45.TestPhase3Phase4DataFeatures" name="test_phase3_data_contains_checklist_items" time="0.115" /><testcase classname="backend.tests.test_phase3_phase4_features_iteration45.TestPhase3Phase4DataFeatures" name="test_phase3_data_contains_isq_value" time="0.114" /><testcase classname="backend.tests.test_phase3_phase4_features_iteration45.TestPhase3Phase4DataFeatures" name="test_phase3_data_contains_healing_abutment_height" time="0.101" /><testcase classname="backend.tests.test_phase3_phase4_features_iteration45.TestPhase3Phase4DataFeatures" name="test_get_procedure_returns_phase4_step1_data" time="0.110" /><testcase classname="backend.tests.test_phase3_phase4_features_iteration45.TestPhase3Phase4DataFeatures" name="test_phase4_step1_data_contains_final_prosthetic_plan" time="0.104" /><testcase classname="backend.tests.test_phase3_phase4_features_iteration45.TestPhase3Phase4DataFeatures" name="test_phase4_step1_data_contains_prosthetic_material" time="0.098" /><testcase classname="backend.tests.test_phase3_phase4_features_iteration45.TestPhase3Phase4DataFeatures" name="test_phase4_step1_data_contains_impression_type" time="0.118" /><testcase classname="backend.tests.test_phase3_phase4_features_iteration45.TestPhase3Phase4DataFeatures" name="test_phase4_step1_data_contains_payment_complete" time="0.141" /><testcase classname="backend.tests.test_phase3_phase4_features_iteration45.TestPhase3Phase4DataFeatures" name="test_phase4_step1_data_contains_components_available" time="0.106" /><testcase classname="backend.tests.test_phase3_phase4_features_iteration45.TestPhase3Phase4DataFeatures" name="test_get_procedure_returns_phase4_step2_data" time="0.112" /><testcase classname="backend.tests.test_phase3_phase4_features_iteration45.TestPhase3Phase4DataFeatures" name="test_phase4_step2_data_contains_trial_checklist" time="0.102" /><testcase classname="backend.tests.test_phase3_phase4_features_iteration45.TestPhase3Phase4DataFeatures" name="test_phase4_step2_data_contains_confirmation_statement" time="0.099" /><testcase classname="backend.tests.test_phase3_phase4_features_iteration45.TestPhase3Phase4DataFeatures" name="test_get_procedure_returns_phase3_student_notes" time="0.103" /><testcase classname="backend.tests.test_phase3_phase4_features_iteration45.TestPhase3Phase4DataFeatures" name="test_get_procedure_returns_phase4_step1_student_notes" time="0.136" /><testcase classname="backend.tests.test_phase3_phase4_features_iteration45.TestPhase3Phase4DataFeatures" name="test_get_procedure_returns_phase4_step2_student_notes" time="0.112" /><testcase classname="backend.tests.test_phase3_phase4_features_iteration45.TestPhase3Phase4DataFeatures" name="test_student_can_access_procedure_with_all_phase_data" time="0.106" /><testcase classname="backend.tests.test_phase3_phase4_features_iteration45.TestPhase3Phase4DataFeatures" name="test_supervisor_can_access_procedure_with_all_phase_data" time="0.437" /><testcase classname="backend.tests.test_phase3_phase4_features_iteration45.TestPhase3Phase4DataFeatures" name="test_incharge_can_access_procedure_with_all_phase_data" time="0.452" /><testcase classname="backend.tests.test_phase3_phase4_features_iteration45.TestPhase3Phase4DataFeatures" name="test_full_procedure_data_dump" time="0.095" /></testsuite></testsuites>