<?xml version="1.0" encoding="utf-8"?><testsuites name="pytest tests"><testsuite name="pytest" errors="0" failures="0" skipped="0" tests="10" time="4.977" timestamp="2026-04-05T13:55:36.957619+00:00" hostname="agent-env-f3d7131d-3eee-4316-bb36-0fec50049412"><testcase classname="backend.tests.test_scheduling_constraints_iteration70.TestSchedulingConstraints" name="test_get_booked_slots_empty_date" time="0.660" /><testcase classname="backend.tests.test_scheduling_constraints_iteration70.TestSchedulingConstraints" name="test_create_procedure_and_verify_slot_booked" time="1.227" /><testcase classname="backend.tests.test_scheduling_constraints_iteration70.TestSchedulingConstraints" name="test_duplicate_slot_rejection_409" time="0.360" /><testcase classname="backend.tests.test_scheduling_constraints_iteration70.TestSchedulingConstraints" name="test_different_time_same_day_succeeds" time="0.560" /><testcase classname="backend.tests.test_scheduling_constraints_iteration70.TestSchedulingConstraints" name="test_same_time_different_day_succeeds" time="0.416" /><testcase classname="backend.tests.test_scheduling_constraints_iteration70.TestSchedulingConstraints" name="test_created_by_name_in_procedure_list" time="0.370" /><testcase classname="backend.tests.test_scheduling_constraints_iteration70.TestSchedulingConstraints" name="test_409_error_message_includes_names" time="0.343" /><testcase classname="backend.tests.test_scheduling_constraints_iteration70.TestSchedulingConstraints" name="test_student_creates_procedure_slot_booking" time="0.315" /><testcase classname="backend.tests.test_scheduling_constraints_iteration70.TestSlotsEndpointStructure" name="test_slots_endpoint_returns_correct_structure" time="0.488" /><testcase classname="backend.tests.test_scheduling_constraints_iteration70.TestSlotsEndpointStructure" name="test_slots_endpoint_requires_auth" time="0.105" /></testsuite></testsuites>