<?xml version="1.0" encoding="utf-8"?><testsuites name="pytest tests"><testsuite name="pytest" errors="0" failures="0" skipped="0" tests="10" time="2.784" timestamp="2026-02-26T04:06:27.693959+00:00" hostname="agent-env-550de42c-b3a1-4614-9452-c7ae36e671ec"><testcase classname="tests.test_dental_backend.TestUserManagement" name="test_01_abhijit_can_create_user" time="0.876" /><testcase classname="tests.test_dental_backend.TestUserManagement" name="test_02_abhijit_can_delete_user" time="0.052" /><testcase classname="tests.test_dental_backend.TestSchedulingRestrictions" name="test_03_sunday_scheduling_blocked" time="0.637" /><testcase classname="tests.test_dental_backend.TestSchedulingRestrictions" name="test_04_saturday_wrong_time_blocked" time="0.054" /><testcase classname="tests.test_dental_backend.TestSchedulingRestrictions" name="test_05_saturday_correct_time_works" time="0.054" /><testcase classname="tests.test_dental_backend.TestSupervisorRoles" name="test_06_supervisors_have_correct_role" time="0.047" /><testcase classname="tests.test_dental_backend.TestFullWorkflow" name="test_07_full_phase1_to_phase2_workflow" time="0.293" /><testcase classname="tests.test_dental_backend.TestFullWorkflow" name="test_08_auto_approve_same_person_both_roles" time="0.119" /><testcase classname="tests.test_dental_backend.TestApprovalRestrictions" name="test_09_student_cannot_approve" time="0.108" /><testcase classname="tests.test_dental_backend.TestApprovalRestrictions" name="test_10_nurse_cannot_approve" time="0.434" /></testsuite></testsuites>