<?xml version="1.0" encoding="utf-8"?><testsuites name="pytest tests"><testsuite name="pytest" errors="0" failures="0" skipped="0" tests="25" time="2.408" timestamp="2026-06-25T13:07:05.562531+00:00" hostname="agent-env-7c1e40cd-81cd-42ec-921e-07b58fee5866"><testcase classname="backend.tests.test_screenshot_assets.TestGalleryIndex" name="test_index_html_returns_200_and_html" time="0.306" /><testcase classname="backend.tests.test_screenshot_assets.TestGalleryIndex" name="test_index_contains_expected_assets[01_login.jpg]" time="0.000" /><testcase classname="backend.tests.test_screenshot_assets.TestGalleryIndex" name="test_index_contains_expected_assets[onb_student_slide1.jpg]" time="0.000" /><testcase classname="backend.tests.test_screenshot_assets.TestGalleryIndex" name="test_index_contains_expected_assets[22_help_student.jpg]" time="0.000" /><testcase classname="backend.tests.test_screenshot_assets.TestGalleryIndex" name="test_index_contains_expected_assets[25_help_nurse.jpg]" time="0.000" /><testcase classname="backend.tests.test_screenshot_assets.TestGalleryIndex" name="test_index_contains_expected_assets[onb_supervisor_slide1.jpg]" time="0.000" /><testcase classname="backend.tests.test_screenshot_assets.TestGalleryIndex" name="test_index_contains_expected_assets[onb_incharge_slide1.jpg]" time="0.000" /><testcase classname="backend.tests.test_screenshot_assets.TestGalleryIndex" name="test_index_contains_expected_assets[onb_nurse_slide1.jpg]" time="0.000" /><testcase classname="backend.tests.test_screenshot_assets.TestGalleryIndex" name="test_index_references_all_49_jpgs" time="0.001" /><testcase classname="backend.tests.test_screenshot_assets.TestAppPageScreenshots" name="test_app_page_jpg[01_login.jpg]" time="0.048" /><testcase classname="backend.tests.test_screenshot_assets.TestAppPageScreenshots" name="test_app_page_jpg[03_dashboard.jpg]" time="0.049" /><testcase classname="backend.tests.test_screenshot_assets.TestAppPageScreenshots" name="test_app_page_jpg[10_user_management.jpg]" time="0.047" /><testcase classname="backend.tests.test_screenshot_assets.TestAppPageScreenshots" name="test_app_page_jpg[20_legal.jpg]" time="0.049" /><testcase classname="backend.tests.test_screenshot_assets.TestAppPageScreenshots" name="test_app_page_jpg[21_onboarding.jpg]" time="0.048" /><testcase classname="backend.tests.test_screenshot_assets.TestHelpWorkflowPerRole" name="test_help_role_jpg[22_help_student.jpg]" time="0.058" /><testcase classname="backend.tests.test_screenshot_assets.TestHelpWorkflowPerRole" name="test_help_role_jpg[23_help_supervisor.jpg]" time="0.053" /><testcase classname="backend.tests.test_screenshot_assets.TestHelpWorkflowPerRole" name="test_help_role_jpg[24_help_implant_incharge.jpg]" time="0.052" /><testcase classname="backend.tests.test_screenshot_assets.TestHelpWorkflowPerRole" name="test_help_role_jpg[25_help_nurse.jpg]" time="0.049" /><testcase classname="backend.tests.test_screenshot_assets.TestOnboardingPerRole" name="test_onboarding_first_slide[onb_student_slide1.jpg]" time="0.046" /><testcase classname="backend.tests.test_screenshot_assets.TestOnboardingPerRole" name="test_onboarding_first_slide[onb_supervisor_slide1.jpg]" time="0.046" /><testcase classname="backend.tests.test_screenshot_assets.TestOnboardingPerRole" name="test_onboarding_first_slide[onb_incharge_slide1.jpg]" time="0.047" /><testcase classname="backend.tests.test_screenshot_assets.TestOnboardingPerRole" name="test_onboarding_first_slide[onb_nurse_slide1.jpg]" time="0.046" /><testcase classname="backend.tests.test_screenshot_assets.TestOnboardingPerRole" name="test_all_24_onboarding_slides_reachable" time="1.172" /><testcase classname="backend.tests.test_screenshot_assets.TestNoAuthRequired" name="test_no_authorization_header_succeeds" time="0.163" /><testcase classname="backend.tests.test_screenshot_assets.TestFallbackApiPath" name="test_api_fallback_reachability" time="0.052"><properties><property name="api_fallback_status" value="200" /><property name="api_fallback_content_type" value="image/jpeg" /></properties></testcase></testsuite></testsuites>